2026-01-01 01:38:29,408 Running colabfold 1.5.5
2026-01-01 01:38:29,423 Unable to initialize backend 'cuda': 
2026-01-01 01:38:29,424 Unable to initialize backend 'rocm': module 'jaxlib.xla_extension' has no attribute 'GpuAllocatorConfig'
2026-01-01 01:38:29,425 Unable to initialize backend 'tpu': INTERNAL: Failed to open libtpu.so: dlopen(libtpu.so, 0x0001): tried: 'libtpu.so' (no such file), '/System/Volumes/Preboot/Cryptexes/OSlibtpu.so' (no such file), '/Users/oskarherlitz/miniconda3/envs/petase-colabfold/bin/../lib/libtpu.so' (no such file), '/usr/lib/libtpu.so' (no such file, not in dyld cache), 'libtpu.so' (no such file), '/usr/local/lib/libtpu.so' (no such file), '/usr/lib/libtpu.so' (no such file, not in dyld cache)
2026-01-01 01:38:29,425 WARNING: no GPU detected, will be using CPU
2026-01-01 01:38:51,661 Found 9 citations for tools or databases
2026-01-01 01:38:51,661 Query 1/68: candidate_1 (length 263)
2026-01-01 01:38:52,465 Sleeping for 7s. Reason: PENDING
2026-01-01 01:39:00,135 Sleeping for 5s. Reason: RUNNING
2026-01-01 01:39:05,797 Sleeping for 10s. Reason: RUNNING
2026-01-01 01:39:16,467 Sleeping for 9s. Reason: RUNNING
2026-01-01 01:39:26,114 Sleeping for 7s. Reason: RUNNING
2026-01-01 01:39:33,797 Sleeping for 7s. Reason: RUNNING
2026-01-01 01:39:41,466 Sleeping for 9s. Reason: RUNNING
2026-01-01 01:39:51,185 Sleeping for 5s. Reason: RUNNING
2026-01-01 01:39:56,849 Sleeping for 9s. Reason: RUNNING
2026-01-01 01:40:06,502 Sleeping for 8s. Reason: RUNNING
2026-01-01 01:40:15,148 Sleeping for 6s. Reason: RUNNING
2026-01-01 01:40:21,807 Sleeping for 5s. Reason: RUNNING
2026-01-01 01:40:27,420 Sleeping for 9s. Reason: RUNNING
2026-01-01 01:40:37,062 Sleeping for 6s. Reason: RUNNING
2026-01-01 01:40:43,720 Sleeping for 6s. Reason: RUNNING
2026-01-01 01:40:56,208 Could not get MSA/templates for candidate_1: [Errno 2] No such file or directory: 'hhsearch'
Traceback (most recent call last):
  File "/Users/oskarherlitz/miniconda3/envs/petase-colabfold/lib/python3.11/site-packages/colabfold/batch.py", line 1453, in run
    = get_msa_and_templates(jobname, query_sequence, a3m_lines, result_dir, msa_mode, use_templates,
      ^^^^^^^^^^^^^^^^^^^^^^^^^^^^^^^^^^^^^^^^^^^^^^^^^^^^^^^^^^^^^^^^^^^^^^^^^^^^^^^^^^^^^^^^^^^^^^
  File "/Users/oskarherlitz/miniconda3/envs/petase-colabfold/lib/python3.11/site-packages/colabfold/batch.py", line 781, in get_msa_and_templates
    template_feature = mk_template(
                       ^^^^^^^^^^^^
  File "/Users/oskarherlitz/miniconda3/envs/petase-colabfold/lib/python3.11/site-packages/colabfold/batch.py", line 132, in mk_template
    hhsearch_result = hhsearch_pdb70_runner.query(a3m_lines)
                      ^^^^^^^^^^^^^^^^^^^^^^^^^^^^^^^^^^^^^^
  File "/Users/oskarherlitz/miniconda3/envs/petase-colabfold/lib/python3.11/site-packages/alphafold/data/tools/hhsearch.py", line 86, in query
    process = subprocess.Popen(
              ^^^^^^^^^^^^^^^^^
  File "/Users/oskarherlitz/miniconda3/envs/petase-colabfold/lib/python3.11/subprocess.py", line 1026, in __init__
    self._execute_child(args, executable, preexec_fn, close_fds,
  File "/Users/oskarherlitz/miniconda3/envs/petase-colabfold/lib/python3.11/subprocess.py", line 1955, in _execute_child
    raise child_exception_type(errno_num, err_msg, err_filename)
FileNotFoundError: [Errno 2] No such file or directory: 'hhsearch'
2026-01-01 01:40:56,214 Query 2/68: candidate_2 (length 263)
2026-01-01 01:40:56,811 Sleeping for 6s. Reason: PENDING
2026-01-01 01:41:03,408 Sleeping for 6s. Reason: RUNNING
2026-01-01 01:41:10,038 Sleeping for 7s. Reason: RUNNING
2026-01-01 01:41:17,699 Sleeping for 10s. Reason: RUNNING
2026-01-01 01:41:28,323 Sleeping for 7s. Reason: RUNNING
2026-01-01 01:41:35,954 Sleeping for 7s. Reason: RUNNING
2026-01-01 01:41:43,583 Sleeping for 9s. Reason: RUNNING
2026-01-01 01:41:53,187 Sleeping for 8s. Reason: RUNNING
2026-01-01 01:42:01,811 Sleeping for 9s. Reason: RUNNING
2026-01-01 01:42:11,411 Sleeping for 8s. Reason: RUNNING
2026-01-01 01:42:20,032 Sleeping for 5s. Reason: RUNNING
2026-01-01 01:42:25,714 Sleeping for 10s. Reason: RUNNING
2026-01-01 01:42:36,412 Sleeping for 8s. Reason: RUNNING
2026-01-01 01:42:45,085 Sleeping for 8s. Reason: RUNNING
2026-01-01 01:43:02,260 Could not get MSA/templates for candidate_2: [Errno 2] No such file or directory: 'hhsearch'
Traceback (most recent call last):
  File "/Users/oskarherlitz/miniconda3/envs/petase-colabfold/lib/python3.11/site-packages/colabfold/batch.py", line 1453, in run
    = get_msa_and_templates(jobname, query_sequence, a3m_lines, result_dir, msa_mode, use_templates,
      ^^^^^^^^^^^^^^^^^^^^^^^^^^^^^^^^^^^^^^^^^^^^^^^^^^^^^^^^^^^^^^^^^^^^^^^^^^^^^^^^^^^^^^^^^^^^^^
  File "/Users/oskarherlitz/miniconda3/envs/petase-colabfold/lib/python3.11/site-packages/colabfold/batch.py", line 781, in get_msa_and_templates
    template_feature = mk_template(
                       ^^^^^^^^^^^^
  File "/Users/oskarherlitz/miniconda3/envs/petase-colabfold/lib/python3.11/site-packages/colabfold/batch.py", line 132, in mk_template
    hhsearch_result = hhsearch_pdb70_runner.query(a3m_lines)
                      ^^^^^^^^^^^^^^^^^^^^^^^^^^^^^^^^^^^^^^
  File "/Users/oskarherlitz/miniconda3/envs/petase-colabfold/lib/python3.11/site-packages/alphafold/data/tools/hhsearch.py", line 86, in query
    process = subprocess.Popen(
              ^^^^^^^^^^^^^^^^^
  File "/Users/oskarherlitz/miniconda3/envs/petase-colabfold/lib/python3.11/subprocess.py", line 1026, in __init__
    self._execute_child(args, executable, preexec_fn, close_fds,
  File "/Users/oskarherlitz/miniconda3/envs/petase-colabfold/lib/python3.11/subprocess.py", line 1955, in _execute_child
    raise child_exception_type(errno_num, err_msg, err_filename)
FileNotFoundError: [Errno 2] No such file or directory: 'hhsearch'
2026-01-01 01:43:02,262 Query 3/68: candidate_3 (length 263)
2026-01-01 01:43:02,869 Sleeping for 6s. Reason: PENDING
2026-01-01 01:43:09,536 Sleeping for 10s. Reason: RUNNING
2026-01-01 01:43:20,157 Sleeping for 9s. Reason: RUNNING
2026-01-01 01:43:29,799 Sleeping for 5s. Reason: RUNNING
2026-01-01 01:43:35,502 Sleeping for 8s. Reason: RUNNING
2026-01-01 01:43:44,168 Sleeping for 6s. Reason: RUNNING
2026-01-01 01:43:50,797 Sleeping for 9s. Reason: RUNNING
2026-01-01 01:44:00,431 Sleeping for 7s. Reason: RUNNING
2026-01-01 01:44:08,090 Sleeping for 6s. Reason: RUNNING
2026-01-01 01:44:14,786 Sleeping for 10s. Reason: RUNNING
2026-01-01 01:44:25,450 Sleeping for 5s. Reason: RUNNING
2026-01-01 01:44:31,066 Sleeping for 10s. Reason: RUNNING
2026-01-01 01:44:41,712 Sleeping for 5s. Reason: RUNNING
2026-01-01 01:44:47,342 Sleeping for 8s. Reason: RUNNING
2026-01-01 01:45:07,209 Could not get MSA/templates for candidate_3: [Errno 2] No such file or directory: 'hhsearch'
Traceback (most recent call last):
  File "/Users/oskarherlitz/miniconda3/envs/petase-colabfold/lib/python3.11/site-packages/colabfold/batch.py", line 1453, in run
    = get_msa_and_templates(jobname, query_sequence, a3m_lines, result_dir, msa_mode, use_templates,
      ^^^^^^^^^^^^^^^^^^^^^^^^^^^^^^^^^^^^^^^^^^^^^^^^^^^^^^^^^^^^^^^^^^^^^^^^^^^^^^^^^^^^^^^^^^^^^^
  File "/Users/oskarherlitz/miniconda3/envs/petase-colabfold/lib/python3.11/site-packages/colabfold/batch.py", line 781, in get_msa_and_templates
    template_feature = mk_template(
                       ^^^^^^^^^^^^
  File "/Users/oskarherlitz/miniconda3/envs/petase-colabfold/lib/python3.11/site-packages/colabfold/batch.py", line 132, in mk_template
    hhsearch_result = hhsearch_pdb70_runner.query(a3m_lines)
                      ^^^^^^^^^^^^^^^^^^^^^^^^^^^^^^^^^^^^^^
  File "/Users/oskarherlitz/miniconda3/envs/petase-colabfold/lib/python3.11/site-packages/alphafold/data/tools/hhsearch.py", line 86, in query
    process = subprocess.Popen(
              ^^^^^^^^^^^^^^^^^
  File "/Users/oskarherlitz/miniconda3/envs/petase-colabfold/lib/python3.11/subprocess.py", line 1026, in __init__
    self._execute_child(args, executable, preexec_fn, close_fds,
  File "/Users/oskarherlitz/miniconda3/envs/petase-colabfold/lib/python3.11/subprocess.py", line 1955, in _execute_child
    raise child_exception_type(errno_num, err_msg, err_filename)
FileNotFoundError: [Errno 2] No such file or directory: 'hhsearch'
2026-01-01 01:45:07,212 Query 4/68: candidate_4 (length 263)
2026-01-01 01:45:07,839 Sleeping for 10s. Reason: PENDING
2026-01-01 01:45:18,493 Sleeping for 6s. Reason: RUNNING
2026-01-01 01:45:25,197 Sleeping for 8s. Reason: RUNNING
2026-01-01 01:45:33,847 Sleeping for 7s. Reason: RUNNING
2026-01-01 01:45:41,511 Sleeping for 5s. Reason: RUNNING
2026-01-01 01:45:47,186 Sleeping for 5s. Reason: RUNNING
2026-01-01 01:45:52,807 Sleeping for 10s. Reason: RUNNING
2026-01-01 01:46:03,514 Sleeping for 9s. Reason: RUNNING
2026-01-01 01:46:13,174 Sleeping for 5s. Reason: RUNNING
2026-01-01 01:46:18,793 Sleeping for 6s. Reason: RUNNING
2026-01-01 01:46:25,419 Sleeping for 7s. Reason: RUNNING
2026-01-01 01:46:33,143 Sleeping for 9s. Reason: RUNNING
2026-01-01 01:46:42,783 Sleeping for 9s. Reason: RUNNING
2026-01-01 01:46:52,442 Sleeping for 8s. Reason: RUNNING
2026-01-01 01:47:01,060 Sleeping for 6s. Reason: RUNNING
2026-01-01 01:47:12,042 Could not get MSA/templates for candidate_4: [Errno 2] No such file or directory: 'hhsearch'
Traceback (most recent call last):
  File "/Users/oskarherlitz/miniconda3/envs/petase-colabfold/lib/python3.11/site-packages/colabfold/batch.py", line 1453, in run
    = get_msa_and_templates(jobname, query_sequence, a3m_lines, result_dir, msa_mode, use_templates,
      ^^^^^^^^^^^^^^^^^^^^^^^^^^^^^^^^^^^^^^^^^^^^^^^^^^^^^^^^^^^^^^^^^^^^^^^^^^^^^^^^^^^^^^^^^^^^^^
  File "/Users/oskarherlitz/miniconda3/envs/petase-colabfold/lib/python3.11/site-packages/colabfold/batch.py", line 781, in get_msa_and_templates
    template_feature = mk_template(
                       ^^^^^^^^^^^^
  File "/Users/oskarherlitz/miniconda3/envs/petase-colabfold/lib/python3.11/site-packages/colabfold/batch.py", line 132, in mk_template
    hhsearch_result = hhsearch_pdb70_runner.query(a3m_lines)
                      ^^^^^^^^^^^^^^^^^^^^^^^^^^^^^^^^^^^^^^
  File "/Users/oskarherlitz/miniconda3/envs/petase-colabfold/lib/python3.11/site-packages/alphafold/data/tools/hhsearch.py", line 86, in query
    process = subprocess.Popen(
              ^^^^^^^^^^^^^^^^^
  File "/Users/oskarherlitz/miniconda3/envs/petase-colabfold/lib/python3.11/subprocess.py", line 1026, in __init__
    self._execute_child(args, executable, preexec_fn, close_fds,
  File "/Users/oskarherlitz/miniconda3/envs/petase-colabfold/lib/python3.11/subprocess.py", line 1955, in _execute_child
    raise child_exception_type(errno_num, err_msg, err_filename)
FileNotFoundError: [Errno 2] No such file or directory: 'hhsearch'
2026-01-01 01:47:12,045 Query 5/68: candidate_5 (length 263)
2026-01-01 01:47:12,695 Sleeping for 10s. Reason: PENDING
2026-01-01 01:47:23,372 Sleeping for 5s. Reason: RUNNING
2026-01-01 01:47:29,040 Sleeping for 7s. Reason: RUNNING
2026-01-01 01:47:36,729 Sleeping for 10s. Reason: RUNNING
2026-01-01 01:47:47,399 Sleeping for 10s. Reason: RUNNING
2026-01-01 01:47:58,022 Sleeping for 8s. Reason: RUNNING
2026-01-01 01:48:06,721 Sleeping for 6s. Reason: RUNNING
2026-01-01 01:48:13,375 Sleeping for 9s. Reason: RUNNING
2026-01-01 01:48:23,043 Sleeping for 9s. Reason: RUNNING
2026-01-01 01:48:32,654 Sleeping for 10s. Reason: RUNNING
2026-01-01 01:48:43,320 Sleeping for 9s. Reason: RUNNING
2026-01-01 01:48:52,946 Sleeping for 10s. Reason: RUNNING
2026-01-01 01:49:03,624 Sleeping for 6s. Reason: RUNNING
2026-01-01 01:49:10,334 Sleeping for 5s. Reason: RUNNING
2026-01-01 01:49:20,584 Could not get MSA/templates for candidate_5: [Errno 2] No such file or directory: 'hhsearch'
Traceback (most recent call last):
  File "/Users/oskarherlitz/miniconda3/envs/petase-colabfold/lib/python3.11/site-packages/colabfold/batch.py", line 1453, in run
    = get_msa_and_templates(jobname, query_sequence, a3m_lines, result_dir, msa_mode, use_templates,
      ^^^^^^^^^^^^^^^^^^^^^^^^^^^^^^^^^^^^^^^^^^^^^^^^^^^^^^^^^^^^^^^^^^^^^^^^^^^^^^^^^^^^^^^^^^^^^^
  File "/Users/oskarherlitz/miniconda3/envs/petase-colabfold/lib/python3.11/site-packages/colabfold/batch.py", line 781, in get_msa_and_templates
    template_feature = mk_template(
                       ^^^^^^^^^^^^
  File "/Users/oskarherlitz/miniconda3/envs/petase-colabfold/lib/python3.11/site-packages/colabfold/batch.py", line 132, in mk_template
    hhsearch_result = hhsearch_pdb70_runner.query(a3m_lines)
                      ^^^^^^^^^^^^^^^^^^^^^^^^^^^^^^^^^^^^^^
  File "/Users/oskarherlitz/miniconda3/envs/petase-colabfold/lib/python3.11/site-packages/alphafold/data/tools/hhsearch.py", line 86, in query
    process = subprocess.Popen(
              ^^^^^^^^^^^^^^^^^
  File "/Users/oskarherlitz/miniconda3/envs/petase-colabfold/lib/python3.11/subprocess.py", line 1026, in __init__
    self._execute_child(args, executable, preexec_fn, close_fds,
  File "/Users/oskarherlitz/miniconda3/envs/petase-colabfold/lib/python3.11/subprocess.py", line 1955, in _execute_child
    raise child_exception_type(errno_num, err_msg, err_filename)
FileNotFoundError: [Errno 2] No such file or directory: 'hhsearch'
2026-01-01 01:49:20,587 Query 6/68: candidate_6 (length 263)
2026-01-01 01:49:21,252 Sleeping for 8s. Reason: PENDING
2026-01-01 01:49:29,897 Sleeping for 8s. Reason: RUNNING
2026-01-01 01:49:38,589 Sleeping for 7s. Reason: RUNNING
2026-01-01 01:49:46,272 Sleeping for 5s. Reason: RUNNING
2026-01-01 01:49:51,960 Sleeping for 5s. Reason: RUNNING
2026-01-01 01:49:57,591 Sleeping for 6s. Reason: RUNNING
2026-01-01 01:50:04,223 Sleeping for 10s. Reason: RUNNING
2026-01-01 01:50:14,848 Sleeping for 9s. Reason: RUNNING
2026-01-01 01:50:24,494 Sleeping for 8s. Reason: RUNNING
2026-01-01 01:50:33,136 Sleeping for 5s. Reason: RUNNING
2026-01-01 01:50:38,784 Sleeping for 10s. Reason: RUNNING
2026-01-01 01:50:49,441 Sleeping for 8s. Reason: RUNNING
2026-01-01 01:50:58,120 Sleeping for 5s. Reason: RUNNING
2026-01-01 01:51:03,794 Sleeping for 8s. Reason: RUNNING
2026-01-01 01:51:12,430 Sleeping for 6s. Reason: RUNNING
2026-01-01 01:51:27,412 Could not get MSA/templates for candidate_6: [Errno 2] No such file or directory: 'hhsearch'
Traceback (most recent call last):
  File "/Users/oskarherlitz/miniconda3/envs/petase-colabfold/lib/python3.11/site-packages/colabfold/batch.py", line 1453, in run
    = get_msa_and_templates(jobname, query_sequence, a3m_lines, result_dir, msa_mode, use_templates,
      ^^^^^^^^^^^^^^^^^^^^^^^^^^^^^^^^^^^^^^^^^^^^^^^^^^^^^^^^^^^^^^^^^^^^^^^^^^^^^^^^^^^^^^^^^^^^^^
  File "/Users/oskarherlitz/miniconda3/envs/petase-colabfold/lib/python3.11/site-packages/colabfold/batch.py", line 781, in get_msa_and_templates
    template_feature = mk_template(
                       ^^^^^^^^^^^^
  File "/Users/oskarherlitz/miniconda3/envs/petase-colabfold/lib/python3.11/site-packages/colabfold/batch.py", line 132, in mk_template
    hhsearch_result = hhsearch_pdb70_runner.query(a3m_lines)
                      ^^^^^^^^^^^^^^^^^^^^^^^^^^^^^^^^^^^^^^
  File "/Users/oskarherlitz/miniconda3/envs/petase-colabfold/lib/python3.11/site-packages/alphafold/data/tools/hhsearch.py", line 86, in query
    process = subprocess.Popen(
              ^^^^^^^^^^^^^^^^^
  File "/Users/oskarherlitz/miniconda3/envs/petase-colabfold/lib/python3.11/subprocess.py", line 1026, in __init__
    self._execute_child(args, executable, preexec_fn, close_fds,
  File "/Users/oskarherlitz/miniconda3/envs/petase-colabfold/lib/python3.11/subprocess.py", line 1955, in _execute_child
    raise child_exception_type(errno_num, err_msg, err_filename)
FileNotFoundError: [Errno 2] No such file or directory: 'hhsearch'
2026-01-01 01:51:27,413 Query 7/68: candidate_7 (length 263)
2026-01-01 01:51:28,035 Sleeping for 6s. Reason: PENDING
2026-01-01 01:51:34,681 Sleeping for 7s. Reason: RUNNING
2026-01-01 01:51:42,391 Sleeping for 10s. Reason: RUNNING
2026-01-01 01:51:53,008 Sleeping for 7s. Reason: RUNNING
2026-01-01 01:52:00,624 Sleeping for 9s. Reason: RUNNING
2026-01-01 01:52:10,259 Sleeping for 7s. Reason: RUNNING
2026-01-01 01:52:17,874 Sleeping for 10s. Reason: RUNNING
2026-01-01 01:52:28,552 Sleeping for 5s. Reason: RUNNING
2026-01-01 01:52:34,202 Sleeping for 7s. Reason: RUNNING
2026-01-01 01:52:41,831 Sleeping for 9s. Reason: RUNNING
2026-01-01 01:52:51,477 Sleeping for 5s. Reason: RUNNING
2026-01-01 01:52:57,182 Sleeping for 8s. Reason: RUNNING
2026-01-01 01:53:05,857 Sleeping for 10s. Reason: RUNNING
2026-01-01 01:53:16,557 Sleeping for 5s. Reason: RUNNING
2026-01-01 01:53:27,693 Could not get MSA/templates for candidate_7: [Errno 2] No such file or directory: 'hhsearch'
Traceback (most recent call last):
  File "/Users/oskarherlitz/miniconda3/envs/petase-colabfold/lib/python3.11/site-packages/colabfold/batch.py", line 1453, in run
    = get_msa_and_templates(jobname, query_sequence, a3m_lines, result_dir, msa_mode, use_templates,
      ^^^^^^^^^^^^^^^^^^^^^^^^^^^^^^^^^^^^^^^^^^^^^^^^^^^^^^^^^^^^^^^^^^^^^^^^^^^^^^^^^^^^^^^^^^^^^^
  File "/Users/oskarherlitz/miniconda3/envs/petase-colabfold/lib/python3.11/site-packages/colabfold/batch.py", line 781, in get_msa_and_templates
    template_feature = mk_template(
                       ^^^^^^^^^^^^
  File "/Users/oskarherlitz/miniconda3/envs/petase-colabfold/lib/python3.11/site-packages/colabfold/batch.py", line 132, in mk_template
    hhsearch_result = hhsearch_pdb70_runner.query(a3m_lines)
                      ^^^^^^^^^^^^^^^^^^^^^^^^^^^^^^^^^^^^^^
  File "/Users/oskarherlitz/miniconda3/envs/petase-colabfold/lib/python3.11/site-packages/alphafold/data/tools/hhsearch.py", line 86, in query
    process = subprocess.Popen(
              ^^^^^^^^^^^^^^^^^
  File "/Users/oskarherlitz/miniconda3/envs/petase-colabfold/lib/python3.11/subprocess.py", line 1026, in __init__
    self._execute_child(args, executable, preexec_fn, close_fds,
  File "/Users/oskarherlitz/miniconda3/envs/petase-colabfold/lib/python3.11/subprocess.py", line 1955, in _execute_child
    raise child_exception_type(errno_num, err_msg, err_filename)
FileNotFoundError: [Errno 2] No such file or directory: 'hhsearch'
2026-01-01 01:53:27,695 Query 8/68: candidate_8 (length 263)
2026-01-01 01:53:28,368 Sleeping for 5s. Reason: PENDING
2026-01-01 01:53:34,037 Sleeping for 9s. Reason: RUNNING
2026-01-01 01:53:43,692 Sleeping for 9s. Reason: RUNNING
2026-01-01 01:53:53,355 Sleeping for 7s. Reason: RUNNING
2026-01-01 01:54:00,996 Sleeping for 5s. Reason: RUNNING
2026-01-01 01:54:06,621 Sleeping for 5s. Reason: RUNNING
2026-01-01 01:54:12,293 Sleeping for 8s. Reason: RUNNING
2026-01-01 01:54:20,954 Sleeping for 9s. Reason: RUNNING
2026-01-01 01:54:30,621 Sleeping for 10s. Reason: RUNNING
2026-01-01 01:54:41,242 Sleeping for 5s. Reason: RUNNING
2026-01-01 01:54:46,869 Sleeping for 10s. Reason: RUNNING
2026-01-01 01:54:57,580 Sleeping for 7s. Reason: RUNNING
2026-01-01 01:55:05,259 Sleeping for 7s. Reason: RUNNING
2026-01-01 01:55:12,878 Sleeping for 5s. Reason: RUNNING
2026-01-01 01:55:18,547 Sleeping for 7s. Reason: RUNNING
2026-01-01 01:55:30,723 Could not get MSA/templates for candidate_8: [Errno 2] No such file or directory: 'hhsearch'
Traceback (most recent call last):
  File "/Users/oskarherlitz/miniconda3/envs/petase-colabfold/lib/python3.11/site-packages/colabfold/batch.py", line 1453, in run
    = get_msa_and_templates(jobname, query_sequence, a3m_lines, result_dir, msa_mode, use_templates,
      ^^^^^^^^^^^^^^^^^^^^^^^^^^^^^^^^^^^^^^^^^^^^^^^^^^^^^^^^^^^^^^^^^^^^^^^^^^^^^^^^^^^^^^^^^^^^^^
  File "/Users/oskarherlitz/miniconda3/envs/petase-colabfold/lib/python3.11/site-packages/colabfold/batch.py", line 781, in get_msa_and_templates
    template_feature = mk_template(
                       ^^^^^^^^^^^^
  File "/Users/oskarherlitz/miniconda3/envs/petase-colabfold/lib/python3.11/site-packages/colabfold/batch.py", line 132, in mk_template
    hhsearch_result = hhsearch_pdb70_runner.query(a3m_lines)
                      ^^^^^^^^^^^^^^^^^^^^^^^^^^^^^^^^^^^^^^
  File "/Users/oskarherlitz/miniconda3/envs/petase-colabfold/lib/python3.11/site-packages/alphafold/data/tools/hhsearch.py", line 86, in query
    process = subprocess.Popen(
              ^^^^^^^^^^^^^^^^^
  File "/Users/oskarherlitz/miniconda3/envs/petase-colabfold/lib/python3.11/subprocess.py", line 1026, in __init__
    self._execute_child(args, executable, preexec_fn, close_fds,
  File "/Users/oskarherlitz/miniconda3/envs/petase-colabfold/lib/python3.11/subprocess.py", line 1955, in _execute_child
    raise child_exception_type(errno_num, err_msg, err_filename)
FileNotFoundError: [Errno 2] No such file or directory: 'hhsearch'
2026-01-01 01:55:30,725 Query 9/68: candidate_9 (length 263)
2026-01-01 01:55:31,412 Sleeping for 5s. Reason: PENDING
2026-01-01 01:55:37,044 Sleeping for 7s. Reason: RUNNING
2026-01-01 01:55:44,686 Sleeping for 8s. Reason: RUNNING
2026-01-01 01:55:53,378 Sleeping for 8s. Reason: RUNNING
2026-01-01 01:56:02,029 Sleeping for 10s. Reason: RUNNING
2026-01-01 01:56:12,685 Sleeping for 6s. Reason: RUNNING
2026-01-01 01:56:19,341 Sleeping for 5s. Reason: RUNNING
2026-01-01 01:56:25,002 Sleeping for 6s. Reason: RUNNING
2026-01-01 01:56:31,628 Sleeping for 8s. Reason: RUNNING
2026-01-01 01:56:40,315 Sleeping for 7s. Reason: RUNNING
2026-01-01 01:56:47,979 Sleeping for 9s. Reason: RUNNING
2026-01-01 01:56:57,658 Sleeping for 7s. Reason: RUNNING
2026-01-01 01:57:05,352 Sleeping for 7s. Reason: RUNNING
2026-01-01 01:57:13,016 Sleeping for 8s. Reason: RUNNING
2026-01-01 01:57:28,450 Could not get MSA/templates for candidate_9: [Errno 2] No such file or directory: 'hhsearch'
Traceback (most recent call last):
  File "/Users/oskarherlitz/miniconda3/envs/petase-colabfold/lib/python3.11/site-packages/colabfold/batch.py", line 1453, in run
    = get_msa_and_templates(jobname, query_sequence, a3m_lines, result_dir, msa_mode, use_templates,
      ^^^^^^^^^^^^^^^^^^^^^^^^^^^^^^^^^^^^^^^^^^^^^^^^^^^^^^^^^^^^^^^^^^^^^^^^^^^^^^^^^^^^^^^^^^^^^^
  File "/Users/oskarherlitz/miniconda3/envs/petase-colabfold/lib/python3.11/site-packages/colabfold/batch.py", line 781, in get_msa_and_templates
    template_feature = mk_template(
                       ^^^^^^^^^^^^
  File "/Users/oskarherlitz/miniconda3/envs/petase-colabfold/lib/python3.11/site-packages/colabfold/batch.py", line 132, in mk_template
    hhsearch_result = hhsearch_pdb70_runner.query(a3m_lines)
                      ^^^^^^^^^^^^^^^^^^^^^^^^^^^^^^^^^^^^^^
  File "/Users/oskarherlitz/miniconda3/envs/petase-colabfold/lib/python3.11/site-packages/alphafold/data/tools/hhsearch.py", line 86, in query
    process = subprocess.Popen(
              ^^^^^^^^^^^^^^^^^
  File "/Users/oskarherlitz/miniconda3/envs/petase-colabfold/lib/python3.11/subprocess.py", line 1026, in __init__
    self._execute_child(args, executable, preexec_fn, close_fds,
  File "/Users/oskarherlitz/miniconda3/envs/petase-colabfold/lib/python3.11/subprocess.py", line 1955, in _execute_child
    raise child_exception_type(errno_num, err_msg, err_filename)
FileNotFoundError: [Errno 2] No such file or directory: 'hhsearch'
2026-01-01 01:57:28,453 Query 10/68: candidate_10 (length 263)
2026-01-01 01:57:29,089 Sleeping for 9s. Reason: PENDING
2026-01-01 01:57:38,744 Sleeping for 8s. Reason: RUNNING
2026-01-01 01:57:47,467 Sleeping for 7s. Reason: RUNNING
2026-01-01 01:57:55,143 Sleeping for 10s. Reason: RUNNING
2026-01-01 01:58:05,844 Sleeping for 9s. Reason: RUNNING
2026-01-01 01:58:15,511 Sleeping for 10s. Reason: RUNNING
2026-01-01 01:58:26,692 Sleeping for 7s. Reason: RUNNING
2026-01-01 01:58:34,356 Sleeping for 7s. Reason: RUNNING
2026-01-01 01:58:42,007 Sleeping for 9s. Reason: RUNNING
2026-01-01 01:58:51,666 Sleeping for 6s. Reason: RUNNING
2026-01-01 01:58:58,277 Sleeping for 8s. Reason: RUNNING
2026-01-01 01:59:07,259 Sleeping for 5s. Reason: RUNNING
2026-01-01 01:59:12,893 Sleeping for 6s. Reason: RUNNING
2026-01-01 01:59:19,544 Sleeping for 6s. Reason: RUNNING
2026-01-01 01:59:26,184 Sleeping for 8s. Reason: RUNNING
2026-01-01 01:59:38,764 Could not get MSA/templates for candidate_10: [Errno 2] No such file or directory: 'hhsearch'
Traceback (most recent call last):
  File "/Users/oskarherlitz/miniconda3/envs/petase-colabfold/lib/python3.11/site-packages/colabfold/batch.py", line 1453, in run
    = get_msa_and_templates(jobname, query_sequence, a3m_lines, result_dir, msa_mode, use_templates,
      ^^^^^^^^^^^^^^^^^^^^^^^^^^^^^^^^^^^^^^^^^^^^^^^^^^^^^^^^^^^^^^^^^^^^^^^^^^^^^^^^^^^^^^^^^^^^^^
  File "/Users/oskarherlitz/miniconda3/envs/petase-colabfold/lib/python3.11/site-packages/colabfold/batch.py", line 781, in get_msa_and_templates
    template_feature = mk_template(
                       ^^^^^^^^^^^^
  File "/Users/oskarherlitz/miniconda3/envs/petase-colabfold/lib/python3.11/site-packages/colabfold/batch.py", line 132, in mk_template
    hhsearch_result = hhsearch_pdb70_runner.query(a3m_lines)
                      ^^^^^^^^^^^^^^^^^^^^^^^^^^^^^^^^^^^^^^
  File "/Users/oskarherlitz/miniconda3/envs/petase-colabfold/lib/python3.11/site-packages/alphafold/data/tools/hhsearch.py", line 86, in query
    process = subprocess.Popen(
              ^^^^^^^^^^^^^^^^^
  File "/Users/oskarherlitz/miniconda3/envs/petase-colabfold/lib/python3.11/subprocess.py", line 1026, in __init__
    self._execute_child(args, executable, preexec_fn, close_fds,
  File "/Users/oskarherlitz/miniconda3/envs/petase-colabfold/lib/python3.11/subprocess.py", line 1955, in _execute_child
    raise child_exception_type(errno_num, err_msg, err_filename)
FileNotFoundError: [Errno 2] No such file or directory: 'hhsearch'
2026-01-01 01:59:38,767 Query 11/68: candidate_11 (length 263)
2026-01-01 01:59:39,425 Sleeping for 8s. Reason: PENDING
2026-01-01 01:59:48,108 Sleeping for 9s. Reason: RUNNING
2026-01-01 01:59:57,765 Sleeping for 5s. Reason: RUNNING
2026-01-01 02:00:03,423 Sleeping for 6s. Reason: RUNNING
2026-01-01 02:00:10,092 Sleeping for 6s. Reason: RUNNING
2026-01-01 02:00:16,803 Sleeping for 6s. Reason: RUNNING
2026-01-01 02:00:23,452 Sleeping for 5s. Reason: RUNNING
2026-01-01 02:00:29,081 Sleeping for 9s. Reason: RUNNING
2026-01-01 02:00:38,890 Sleeping for 7s. Reason: RUNNING
2026-01-01 02:00:46,542 Sleeping for 6s. Reason: RUNNING
2026-01-01 02:00:53,189 Sleeping for 6s. Reason: RUNNING
2026-01-01 02:00:59,855 Sleeping for 7s. Reason: RUNNING
2026-01-01 02:01:07,500 Sleeping for 9s. Reason: RUNNING
2026-01-01 02:01:17,112 Sleeping for 7s. Reason: RUNNING
2026-01-01 02:01:24,754 Sleeping for 6s. Reason: RUNNING
2026-01-01 02:01:31,401 Sleeping for 7s. Reason: RUNNING
2026-01-01 02:01:43,379 Could not get MSA/templates for candidate_11: [Errno 2] No such file or directory: 'hhsearch'
Traceback (most recent call last):
  File "/Users/oskarherlitz/miniconda3/envs/petase-colabfold/lib/python3.11/site-packages/colabfold/batch.py", line 1453, in run
    = get_msa_and_templates(jobname, query_sequence, a3m_lines, result_dir, msa_mode, use_templates,
      ^^^^^^^^^^^^^^^^^^^^^^^^^^^^^^^^^^^^^^^^^^^^^^^^^^^^^^^^^^^^^^^^^^^^^^^^^^^^^^^^^^^^^^^^^^^^^^
  File "/Users/oskarherlitz/miniconda3/envs/petase-colabfold/lib/python3.11/site-packages/colabfold/batch.py", line 781, in get_msa_and_templates
    template_feature = mk_template(
                       ^^^^^^^^^^^^
  File "/Users/oskarherlitz/miniconda3/envs/petase-colabfold/lib/python3.11/site-packages/colabfold/batch.py", line 132, in mk_template
    hhsearch_result = hhsearch_pdb70_runner.query(a3m_lines)
                      ^^^^^^^^^^^^^^^^^^^^^^^^^^^^^^^^^^^^^^
  File "/Users/oskarherlitz/miniconda3/envs/petase-colabfold/lib/python3.11/site-packages/alphafold/data/tools/hhsearch.py", line 86, in query
    process = subprocess.Popen(
              ^^^^^^^^^^^^^^^^^
  File "/Users/oskarherlitz/miniconda3/envs/petase-colabfold/lib/python3.11/subprocess.py", line 1026, in __init__
    self._execute_child(args, executable, preexec_fn, close_fds,
  File "/Users/oskarherlitz/miniconda3/envs/petase-colabfold/lib/python3.11/subprocess.py", line 1955, in _execute_child
    raise child_exception_type(errno_num, err_msg, err_filename)
FileNotFoundError: [Errno 2] No such file or directory: 'hhsearch'
2026-01-01 02:01:43,383 Query 12/68: candidate_12 (length 263)
2026-01-01 02:01:44,045 Sleeping for 10s. Reason: PENDING
2026-01-01 02:01:54,689 Sleeping for 5s. Reason: RUNNING
2026-01-01 02:02:00,346 Sleeping for 5s. Reason: RUNNING
2026-01-01 02:02:05,988 Sleeping for 10s. Reason: RUNNING
2026-01-01 02:02:16,657 Sleeping for 6s. Reason: RUNNING
2026-01-01 02:02:23,323 Sleeping for 8s. Reason: RUNNING
2026-01-01 02:02:32,007 Sleeping for 6s. Reason: RUNNING
2026-01-01 02:02:38,760 Sleeping for 8s. Reason: RUNNING
2026-01-01 02:02:47,460 Sleeping for 6s. Reason: RUNNING
2026-01-01 02:02:54,180 Sleeping for 5s. Reason: RUNNING
2026-01-01 02:02:59,814 Sleeping for 10s. Reason: RUNNING
2026-01-01 02:03:10,452 Sleeping for 6s. Reason: RUNNING
2026-01-01 02:03:17,127 Sleeping for 9s. Reason: RUNNING
2026-01-01 02:03:26,790 Sleeping for 5s. Reason: RUNNING
2026-01-01 02:03:32,865 Sleeping for 9s. Reason: RUNNING
2026-01-01 02:03:46,192 Could not get MSA/templates for candidate_12: [Errno 2] No such file or directory: 'hhsearch'
Traceback (most recent call last):
  File "/Users/oskarherlitz/miniconda3/envs/petase-colabfold/lib/python3.11/site-packages/colabfold/batch.py", line 1453, in run
    = get_msa_and_templates(jobname, query_sequence, a3m_lines, result_dir, msa_mode, use_templates,
      ^^^^^^^^^^^^^^^^^^^^^^^^^^^^^^^^^^^^^^^^^^^^^^^^^^^^^^^^^^^^^^^^^^^^^^^^^^^^^^^^^^^^^^^^^^^^^^
  File "/Users/oskarherlitz/miniconda3/envs/petase-colabfold/lib/python3.11/site-packages/colabfold/batch.py", line 781, in get_msa_and_templates
    template_feature = mk_template(
                       ^^^^^^^^^^^^
  File "/Users/oskarherlitz/miniconda3/envs/petase-colabfold/lib/python3.11/site-packages/colabfold/batch.py", line 132, in mk_template
    hhsearch_result = hhsearch_pdb70_runner.query(a3m_lines)
                      ^^^^^^^^^^^^^^^^^^^^^^^^^^^^^^^^^^^^^^
  File "/Users/oskarherlitz/miniconda3/envs/petase-colabfold/lib/python3.11/site-packages/alphafold/data/tools/hhsearch.py", line 86, in query
    process = subprocess.Popen(
              ^^^^^^^^^^^^^^^^^
  File "/Users/oskarherlitz/miniconda3/envs/petase-colabfold/lib/python3.11/subprocess.py", line 1026, in __init__
    self._execute_child(args, executable, preexec_fn, close_fds,
  File "/Users/oskarherlitz/miniconda3/envs/petase-colabfold/lib/python3.11/subprocess.py", line 1955, in _execute_child
    raise child_exception_type(errno_num, err_msg, err_filename)
FileNotFoundError: [Errno 2] No such file or directory: 'hhsearch'
2026-01-01 02:03:46,195 Query 13/68: candidate_13 (length 263)
2026-01-01 02:03:46,854 Sleeping for 6s. Reason: PENDING
2026-01-01 02:03:53,487 Sleeping for 6s. Reason: RUNNING
2026-01-01 02:04:00,130 Sleeping for 9s. Reason: RUNNING
2026-01-01 02:04:09,743 Sleeping for 6s. Reason: RUNNING
2026-01-01 02:04:16,409 Sleeping for 6s. Reason: RUNNING
2026-01-01 02:04:23,053 Sleeping for 5s. Reason: RUNNING
2026-01-01 02:04:28,741 Sleeping for 5s. Reason: RUNNING
2026-01-01 02:04:34,417 Sleeping for 8s. Reason: RUNNING
2026-01-01 02:04:43,138 Sleeping for 9s. Reason: RUNNING
2026-01-01 02:04:52,798 Sleeping for 5s. Reason: RUNNING
2026-01-01 02:04:58,440 Sleeping for 5s. Reason: RUNNING
2026-01-01 02:05:04,114 Sleeping for 5s. Reason: RUNNING
2026-01-01 02:05:09,773 Sleeping for 8s. Reason: RUNNING
2026-01-01 02:05:18,460 Sleeping for 7s. Reason: RUNNING
2026-01-01 02:05:26,157 Sleeping for 10s. Reason: RUNNING
2026-01-01 02:05:36,854 Sleeping for 8s. Reason: RUNNING
2026-01-01 02:05:45,630 Sleeping for 8s. Reason: RUNNING
2026-01-01 02:06:10,148 Could not get MSA/templates for candidate_13: [Errno 2] No such file or directory: 'hhsearch'
Traceback (most recent call last):
  File "/Users/oskarherlitz/miniconda3/envs/petase-colabfold/lib/python3.11/site-packages/colabfold/batch.py", line 1453, in run
    = get_msa_and_templates(jobname, query_sequence, a3m_lines, result_dir, msa_mode, use_templates,
      ^^^^^^^^^^^^^^^^^^^^^^^^^^^^^^^^^^^^^^^^^^^^^^^^^^^^^^^^^^^^^^^^^^^^^^^^^^^^^^^^^^^^^^^^^^^^^^
  File "/Users/oskarherlitz/miniconda3/envs/petase-colabfold/lib/python3.11/site-packages/colabfold/batch.py", line 781, in get_msa_and_templates
    template_feature = mk_template(
                       ^^^^^^^^^^^^
  File "/Users/oskarherlitz/miniconda3/envs/petase-colabfold/lib/python3.11/site-packages/colabfold/batch.py", line 132, in mk_template
    hhsearch_result = hhsearch_pdb70_runner.query(a3m_lines)
                      ^^^^^^^^^^^^^^^^^^^^^^^^^^^^^^^^^^^^^^
  File "/Users/oskarherlitz/miniconda3/envs/petase-colabfold/lib/python3.11/site-packages/alphafold/data/tools/hhsearch.py", line 86, in query
    process = subprocess.Popen(
              ^^^^^^^^^^^^^^^^^
  File "/Users/oskarherlitz/miniconda3/envs/petase-colabfold/lib/python3.11/subprocess.py", line 1026, in __init__
    self._execute_child(args, executable, preexec_fn, close_fds,
  File "/Users/oskarherlitz/miniconda3/envs/petase-colabfold/lib/python3.11/subprocess.py", line 1955, in _execute_child
    raise child_exception_type(errno_num, err_msg, err_filename)
FileNotFoundError: [Errno 2] No such file or directory: 'hhsearch'
2026-01-01 02:06:10,150 Query 14/68: candidate_14 (length 263)
2026-01-01 02:06:10,825 Sleeping for 10s. Reason: PENDING
2026-01-01 02:06:21,490 Sleeping for 10s. Reason: RUNNING
2026-01-01 02:06:32,166 Sleeping for 9s. Reason: RUNNING
2026-01-01 02:06:41,841 Sleeping for 7s. Reason: RUNNING
2026-01-01 02:06:49,463 Sleeping for 9s. Reason: RUNNING
2026-01-01 02:06:59,177 Sleeping for 8s. Reason: RUNNING
2026-01-01 02:07:07,861 Sleeping for 9s. Reason: RUNNING
2026-01-01 02:07:17,524 Sleeping for 6s. Reason: RUNNING
2026-01-01 02:07:24,173 Sleeping for 9s. Reason: RUNNING
2026-01-01 02:07:33,803 Sleeping for 6s. Reason: RUNNING
2026-01-01 02:07:40,476 Sleeping for 9s. Reason: RUNNING
2026-01-01 02:07:50,133 Sleeping for 5s. Reason: RUNNING
2026-01-01 02:07:55,768 Sleeping for 6s. Reason: RUNNING
2026-01-01 02:08:02,391 Sleeping for 7s. Reason: RUNNING
2026-01-01 02:08:13,698 Could not get MSA/templates for candidate_14: [Errno 2] No such file or directory: 'hhsearch'
Traceback (most recent call last):
  File "/Users/oskarherlitz/miniconda3/envs/petase-colabfold/lib/python3.11/site-packages/colabfold/batch.py", line 1453, in run
    = get_msa_and_templates(jobname, query_sequence, a3m_lines, result_dir, msa_mode, use_templates,
      ^^^^^^^^^^^^^^^^^^^^^^^^^^^^^^^^^^^^^^^^^^^^^^^^^^^^^^^^^^^^^^^^^^^^^^^^^^^^^^^^^^^^^^^^^^^^^^
  File "/Users/oskarherlitz/miniconda3/envs/petase-colabfold/lib/python3.11/site-packages/colabfold/batch.py", line 781, in get_msa_and_templates
    template_feature = mk_template(
                       ^^^^^^^^^^^^
  File "/Users/oskarherlitz/miniconda3/envs/petase-colabfold/lib/python3.11/site-packages/colabfold/batch.py", line 132, in mk_template
    hhsearch_result = hhsearch_pdb70_runner.query(a3m_lines)
                      ^^^^^^^^^^^^^^^^^^^^^^^^^^^^^^^^^^^^^^
  File "/Users/oskarherlitz/miniconda3/envs/petase-colabfold/lib/python3.11/site-packages/alphafold/data/tools/hhsearch.py", line 86, in query
    process = subprocess.Popen(
              ^^^^^^^^^^^^^^^^^
  File "/Users/oskarherlitz/miniconda3/envs/petase-colabfold/lib/python3.11/subprocess.py", line 1026, in __init__
    self._execute_child(args, executable, preexec_fn, close_fds,
  File "/Users/oskarherlitz/miniconda3/envs/petase-colabfold/lib/python3.11/subprocess.py", line 1955, in _execute_child
    raise child_exception_type(errno_num, err_msg, err_filename)
FileNotFoundError: [Errno 2] No such file or directory: 'hhsearch'
2026-01-01 02:08:13,700 Query 15/68: candidate_15 (length 263)
2026-01-01 02:08:14,376 Sleeping for 9s. Reason: PENDING
2026-01-01 02:08:24,118 Sleeping for 8s. Reason: RUNNING
2026-01-01 02:08:32,791 Sleeping for 9s. Reason: RUNNING
2026-01-01 02:08:42,427 Sleeping for 6s. Reason: RUNNING
2026-01-01 02:08:49,087 Sleeping for 10s. Reason: RUNNING
2026-01-01 02:08:59,712 Sleeping for 9s. Reason: RUNNING
2026-01-01 02:09:09,325 Sleeping for 9s. Reason: RUNNING
2026-01-01 02:09:18,939 Sleeping for 5s. Reason: RUNNING
2026-01-01 02:09:25,019 Sleeping for 5s. Reason: RUNNING
2026-01-01 02:09:30,638 Sleeping for 7s. Reason: RUNNING
2026-01-01 02:09:38,312 Sleeping for 6s. Reason: RUNNING
2026-01-01 02:09:44,959 Sleeping for 6s. Reason: RUNNING
2026-01-01 02:09:51,633 Sleeping for 5s. Reason: RUNNING
2026-01-01 02:09:57,284 Sleeping for 9s. Reason: RUNNING
2026-01-01 02:10:06,937 Sleeping for 8s. Reason: RUNNING
2026-01-01 02:10:22,956 Could not get MSA/templates for candidate_15: [Errno 2] No such file or directory: 'hhsearch'
Traceback (most recent call last):
  File "/Users/oskarherlitz/miniconda3/envs/petase-colabfold/lib/python3.11/site-packages/colabfold/batch.py", line 1453, in run
    = get_msa_and_templates(jobname, query_sequence, a3m_lines, result_dir, msa_mode, use_templates,
      ^^^^^^^^^^^^^^^^^^^^^^^^^^^^^^^^^^^^^^^^^^^^^^^^^^^^^^^^^^^^^^^^^^^^^^^^^^^^^^^^^^^^^^^^^^^^^^
  File "/Users/oskarherlitz/miniconda3/envs/petase-colabfold/lib/python3.11/site-packages/colabfold/batch.py", line 781, in get_msa_and_templates
    template_feature = mk_template(
                       ^^^^^^^^^^^^
  File "/Users/oskarherlitz/miniconda3/envs/petase-colabfold/lib/python3.11/site-packages/colabfold/batch.py", line 132, in mk_template
    hhsearch_result = hhsearch_pdb70_runner.query(a3m_lines)
                      ^^^^^^^^^^^^^^^^^^^^^^^^^^^^^^^^^^^^^^
  File "/Users/oskarherlitz/miniconda3/envs/petase-colabfold/lib/python3.11/site-packages/alphafold/data/tools/hhsearch.py", line 86, in query
    process = subprocess.Popen(
              ^^^^^^^^^^^^^^^^^
  File "/Users/oskarherlitz/miniconda3/envs/petase-colabfold/lib/python3.11/subprocess.py", line 1026, in __init__
    self._execute_child(args, executable, preexec_fn, close_fds,
  File "/Users/oskarherlitz/miniconda3/envs/petase-colabfold/lib/python3.11/subprocess.py", line 1955, in _execute_child
    raise child_exception_type(errno_num, err_msg, err_filename)
FileNotFoundError: [Errno 2] No such file or directory: 'hhsearch'
2026-01-01 02:10:22,959 Query 16/68: candidate_16 (length 263)
2026-01-01 02:10:23,589 Sleeping for 9s. Reason: PENDING
2026-01-01 02:10:33,213 Sleeping for 5s. Reason: RUNNING
2026-01-01 02:10:38,841 Sleeping for 9s. Reason: RUNNING
2026-01-01 02:10:48,457 Sleeping for 5s. Reason: RUNNING
2026-01-01 02:10:54,115 Sleeping for 5s. Reason: RUNNING
2026-01-01 02:10:59,732 Sleeping for 9s. Reason: RUNNING
2026-01-01 02:11:09,355 Sleeping for 9s. Reason: RUNNING
2026-01-01 02:11:19,021 Sleeping for 7s. Reason: RUNNING
2026-01-01 02:11:26,709 Sleeping for 5s. Reason: RUNNING
2026-01-01 02:11:32,361 Sleeping for 7s. Reason: RUNNING
2026-01-01 02:11:40,054 Sleeping for 6s. Reason: RUNNING
2026-01-01 02:11:46,737 Sleeping for 9s. Reason: RUNNING
2026-01-01 02:11:56,424 Sleeping for 7s. Reason: RUNNING
2026-01-01 02:12:04,087 Sleeping for 7s. Reason: RUNNING
2026-01-01 02:12:11,699 Sleeping for 9s. Reason: RUNNING
2026-01-01 02:12:25,208 Could not get MSA/templates for candidate_16: [Errno 2] No such file or directory: 'hhsearch'
Traceback (most recent call last):
  File "/Users/oskarherlitz/miniconda3/envs/petase-colabfold/lib/python3.11/site-packages/colabfold/batch.py", line 1453, in run
    = get_msa_and_templates(jobname, query_sequence, a3m_lines, result_dir, msa_mode, use_templates,
      ^^^^^^^^^^^^^^^^^^^^^^^^^^^^^^^^^^^^^^^^^^^^^^^^^^^^^^^^^^^^^^^^^^^^^^^^^^^^^^^^^^^^^^^^^^^^^^
  File "/Users/oskarherlitz/miniconda3/envs/petase-colabfold/lib/python3.11/site-packages/colabfold/batch.py", line 781, in get_msa_and_templates
    template_feature = mk_template(
                       ^^^^^^^^^^^^
  File "/Users/oskarherlitz/miniconda3/envs/petase-colabfold/lib/python3.11/site-packages/colabfold/batch.py", line 132, in mk_template
    hhsearch_result = hhsearch_pdb70_runner.query(a3m_lines)
                      ^^^^^^^^^^^^^^^^^^^^^^^^^^^^^^^^^^^^^^
  File "/Users/oskarherlitz/miniconda3/envs/petase-colabfold/lib/python3.11/site-packages/alphafold/data/tools/hhsearch.py", line 86, in query
    process = subprocess.Popen(
              ^^^^^^^^^^^^^^^^^
  File "/Users/oskarherlitz/miniconda3/envs/petase-colabfold/lib/python3.11/subprocess.py", line 1026, in __init__
    self._execute_child(args, executable, preexec_fn, close_fds,
  File "/Users/oskarherlitz/miniconda3/envs/petase-colabfold/lib/python3.11/subprocess.py", line 1955, in _execute_child
    raise child_exception_type(errno_num, err_msg, err_filename)
FileNotFoundError: [Errno 2] No such file or directory: 'hhsearch'
2026-01-01 02:12:25,210 Query 17/68: candidate_17 (length 263)
2026-01-01 02:12:25,806 Sleeping for 9s. Reason: PENDING
2026-01-01 02:12:35,467 Sleeping for 10s. Reason: RUNNING
2026-01-01 02:12:46,133 Sleeping for 5s. Reason: RUNNING
2026-01-01 02:12:51,794 Sleeping for 10s. Reason: RUNNING
2026-01-01 02:13:02,500 Sleeping for 6s. Reason: RUNNING
2026-01-01 02:13:09,141 Sleeping for 5s. Reason: RUNNING
2026-01-01 02:13:14,836 Sleeping for 8s. Reason: RUNNING
2026-01-01 02:13:23,522 Sleeping for 9s. Reason: RUNNING
2026-01-01 02:13:33,135 Sleeping for 7s. Reason: RUNNING
2026-01-01 02:13:40,827 Sleeping for 10s. Reason: RUNNING
2026-01-01 02:13:51,525 Sleeping for 5s. Reason: RUNNING
2026-01-01 02:13:57,172 Sleeping for 9s. Reason: RUNNING
2026-01-01 02:14:07,077 Sleeping for 8s. Reason: RUNNING
2026-01-01 02:14:15,750 Sleeping for 5s. Reason: RUNNING
2026-01-01 02:14:25,780 Could not get MSA/templates for candidate_17: [Errno 2] No such file or directory: 'hhsearch'
Traceback (most recent call last):
  File "/Users/oskarherlitz/miniconda3/envs/petase-colabfold/lib/python3.11/site-packages/colabfold/batch.py", line 1453, in run
    = get_msa_and_templates(jobname, query_sequence, a3m_lines, result_dir, msa_mode, use_templates,
      ^^^^^^^^^^^^^^^^^^^^^^^^^^^^^^^^^^^^^^^^^^^^^^^^^^^^^^^^^^^^^^^^^^^^^^^^^^^^^^^^^^^^^^^^^^^^^^
  File "/Users/oskarherlitz/miniconda3/envs/petase-colabfold/lib/python3.11/site-packages/colabfold/batch.py", line 781, in get_msa_and_templates
    template_feature = mk_template(
                       ^^^^^^^^^^^^
  File "/Users/oskarherlitz/miniconda3/envs/petase-colabfold/lib/python3.11/site-packages/colabfold/batch.py", line 132, in mk_template
    hhsearch_result = hhsearch_pdb70_runner.query(a3m_lines)
                      ^^^^^^^^^^^^^^^^^^^^^^^^^^^^^^^^^^^^^^
  File "/Users/oskarherlitz/miniconda3/envs/petase-colabfold/lib/python3.11/site-packages/alphafold/data/tools/hhsearch.py", line 86, in query
    process = subprocess.Popen(
              ^^^^^^^^^^^^^^^^^
  File "/Users/oskarherlitz/miniconda3/envs/petase-colabfold/lib/python3.11/subprocess.py", line 1026, in __init__
    self._execute_child(args, executable, preexec_fn, close_fds,
  File "/Users/oskarherlitz/miniconda3/envs/petase-colabfold/lib/python3.11/subprocess.py", line 1955, in _execute_child
    raise child_exception_type(errno_num, err_msg, err_filename)
FileNotFoundError: [Errno 2] No such file or directory: 'hhsearch'
2026-01-01 02:14:25,783 Query 18/68: candidate_18 (length 263)
2026-01-01 02:14:26,433 Sleeping for 8s. Reason: PENDING
2026-01-01 02:14:35,284 Sleeping for 7s. Reason: RUNNING
2026-01-01 02:14:42,961 Sleeping for 6s. Reason: RUNNING
2026-01-01 02:14:49,623 Sleeping for 5s. Reason: RUNNING
2026-01-01 02:14:55,274 Sleeping for 9s. Reason: RUNNING
2026-01-01 02:15:04,953 Sleeping for 10s. Reason: RUNNING
2026-01-01 02:15:15,555 Sleeping for 8s. Reason: RUNNING
2026-01-01 02:15:24,204 Sleeping for 5s. Reason: RUNNING
2026-01-01 02:15:29,856 Sleeping for 5s. Reason: RUNNING
2026-01-01 02:15:35,470 Sleeping for 6s. Reason: RUNNING
2026-01-01 02:15:42,108 Sleeping for 9s. Reason: RUNNING
2026-01-01 02:15:51,743 Sleeping for 10s. Reason: RUNNING
2026-01-01 02:16:02,408 Sleeping for 5s. Reason: RUNNING
2026-01-01 02:16:08,057 Sleeping for 9s. Reason: RUNNING
2026-01-01 02:16:21,608 Could not get MSA/templates for candidate_18: [Errno 2] No such file or directory: 'hhsearch'
Traceback (most recent call last):
  File "/Users/oskarherlitz/miniconda3/envs/petase-colabfold/lib/python3.11/site-packages/colabfold/batch.py", line 1453, in run
    = get_msa_and_templates(jobname, query_sequence, a3m_lines, result_dir, msa_mode, use_templates,
      ^^^^^^^^^^^^^^^^^^^^^^^^^^^^^^^^^^^^^^^^^^^^^^^^^^^^^^^^^^^^^^^^^^^^^^^^^^^^^^^^^^^^^^^^^^^^^^
  File "/Users/oskarherlitz/miniconda3/envs/petase-colabfold/lib/python3.11/site-packages/colabfold/batch.py", line 781, in get_msa_and_templates
    template_feature = mk_template(
                       ^^^^^^^^^^^^
  File "/Users/oskarherlitz/miniconda3/envs/petase-colabfold/lib/python3.11/site-packages/colabfold/batch.py", line 132, in mk_template
    hhsearch_result = hhsearch_pdb70_runner.query(a3m_lines)
                      ^^^^^^^^^^^^^^^^^^^^^^^^^^^^^^^^^^^^^^
  File "/Users/oskarherlitz/miniconda3/envs/petase-colabfold/lib/python3.11/site-packages/alphafold/data/tools/hhsearch.py", line 86, in query
    process = subprocess.Popen(
              ^^^^^^^^^^^^^^^^^
  File "/Users/oskarherlitz/miniconda3/envs/petase-colabfold/lib/python3.11/subprocess.py", line 1026, in __init__
    self._execute_child(args, executable, preexec_fn, close_fds,
  File "/Users/oskarherlitz/miniconda3/envs/petase-colabfold/lib/python3.11/subprocess.py", line 1955, in _execute_child
    raise child_exception_type(errno_num, err_msg, err_filename)
FileNotFoundError: [Errno 2] No such file or directory: 'hhsearch'
2026-01-01 02:16:21,610 Query 19/68: candidate_19 (length 263)
2026-01-01 02:16:22,237 Sleeping for 6s. Reason: PENDING
2026-01-01 02:16:28,912 Sleeping for 9s. Reason: RUNNING
2026-01-01 02:16:38,575 Sleeping for 7s. Reason: RUNNING
2026-01-01 02:16:46,222 Sleeping for 5s. Reason: RUNNING
2026-01-01 02:16:51,854 Sleeping for 7s. Reason: RUNNING
2026-01-01 02:16:59,488 Sleeping for 9s. Reason: RUNNING
2026-01-01 02:17:09,138 Sleeping for 6s. Reason: RUNNING
2026-01-01 02:17:15,793 Sleeping for 8s. Reason: RUNNING
2026-01-01 02:17:24,431 Sleeping for 5s. Reason: RUNNING
2026-01-01 02:17:31,014 Sleeping for 5s. Reason: RUNNING
2026-01-01 02:17:36,633 Sleeping for 8s. Reason: RUNNING
2026-01-01 02:17:45,312 Sleeping for 6s. Reason: RUNNING
2026-01-01 02:17:51,938 Sleeping for 7s. Reason: RUNNING
2026-01-01 02:17:59,603 Sleeping for 8s. Reason: RUNNING
2026-01-01 02:18:08,258 Sleeping for 5s. Reason: RUNNING
2026-01-01 02:18:13,968 Sleeping for 5s. Reason: RUNNING
2026-01-01 02:18:23,631 Could not get MSA/templates for candidate_19: [Errno 2] No such file or directory: 'hhsearch'
Traceback (most recent call last):
  File "/Users/oskarherlitz/miniconda3/envs/petase-colabfold/lib/python3.11/site-packages/colabfold/batch.py", line 1453, in run
    = get_msa_and_templates(jobname, query_sequence, a3m_lines, result_dir, msa_mode, use_templates,
      ^^^^^^^^^^^^^^^^^^^^^^^^^^^^^^^^^^^^^^^^^^^^^^^^^^^^^^^^^^^^^^^^^^^^^^^^^^^^^^^^^^^^^^^^^^^^^^
  File "/Users/oskarherlitz/miniconda3/envs/petase-colabfold/lib/python3.11/site-packages/colabfold/batch.py", line 781, in get_msa_and_templates
    template_feature = mk_template(
                       ^^^^^^^^^^^^
  File "/Users/oskarherlitz/miniconda3/envs/petase-colabfold/lib/python3.11/site-packages/colabfold/batch.py", line 132, in mk_template
    hhsearch_result = hhsearch_pdb70_runner.query(a3m_lines)
                      ^^^^^^^^^^^^^^^^^^^^^^^^^^^^^^^^^^^^^^
  File "/Users/oskarherlitz/miniconda3/envs/petase-colabfold/lib/python3.11/site-packages/alphafold/data/tools/hhsearch.py", line 86, in query
    process = subprocess.Popen(
              ^^^^^^^^^^^^^^^^^
  File "/Users/oskarherlitz/miniconda3/envs/petase-colabfold/lib/python3.11/subprocess.py", line 1026, in __init__
    self._execute_child(args, executable, preexec_fn, close_fds,
  File "/Users/oskarherlitz/miniconda3/envs/petase-colabfold/lib/python3.11/subprocess.py", line 1955, in _execute_child
    raise child_exception_type(errno_num, err_msg, err_filename)
FileNotFoundError: [Errno 2] No such file or directory: 'hhsearch'
2026-01-01 02:18:23,634 Query 20/68: candidate_20 (length 263)
2026-01-01 02:18:24,264 Sleeping for 8s. Reason: PENDING
2026-01-01 02:18:32,884 Sleeping for 10s. Reason: RUNNING
2026-01-01 02:18:43,529 Sleeping for 6s. Reason: RUNNING
2026-01-01 02:18:50,137 Sleeping for 9s. Reason: RUNNING
2026-01-01 02:18:59,779 Sleeping for 6s. Reason: RUNNING
2026-01-01 02:19:06,459 Sleeping for 7s. Reason: RUNNING
2026-01-01 02:19:14,097 Sleeping for 9s. Reason: RUNNING
2026-01-01 02:19:23,718 Sleeping for 5s. Reason: RUNNING
2026-01-01 02:19:29,376 Sleeping for 7s. Reason: RUNNING
2026-01-01 02:19:36,996 Sleeping for 9s. Reason: RUNNING
2026-01-01 02:19:47,612 Sleeping for 5s. Reason: RUNNING
2026-01-01 02:19:53,251 Sleeping for 6s. Reason: RUNNING
2026-01-01 02:19:59,903 Sleeping for 7s. Reason: RUNNING
2026-01-01 02:20:07,543 Sleeping for 7s. Reason: RUNNING
2026-01-01 02:20:19,649 Could not get MSA/templates for candidate_20: [Errno 2] No such file or directory: 'hhsearch'
Traceback (most recent call last):
  File "/Users/oskarherlitz/miniconda3/envs/petase-colabfold/lib/python3.11/site-packages/colabfold/batch.py", line 1453, in run
    = get_msa_and_templates(jobname, query_sequence, a3m_lines, result_dir, msa_mode, use_templates,
      ^^^^^^^^^^^^^^^^^^^^^^^^^^^^^^^^^^^^^^^^^^^^^^^^^^^^^^^^^^^^^^^^^^^^^^^^^^^^^^^^^^^^^^^^^^^^^^
  File "/Users/oskarherlitz/miniconda3/envs/petase-colabfold/lib/python3.11/site-packages/colabfold/batch.py", line 781, in get_msa_and_templates
    template_feature = mk_template(
                       ^^^^^^^^^^^^
  File "/Users/oskarherlitz/miniconda3/envs/petase-colabfold/lib/python3.11/site-packages/colabfold/batch.py", line 132, in mk_template
    hhsearch_result = hhsearch_pdb70_runner.query(a3m_lines)
                      ^^^^^^^^^^^^^^^^^^^^^^^^^^^^^^^^^^^^^^
  File "/Users/oskarherlitz/miniconda3/envs/petase-colabfold/lib/python3.11/site-packages/alphafold/data/tools/hhsearch.py", line 86, in query
    process = subprocess.Popen(
              ^^^^^^^^^^^^^^^^^
  File "/Users/oskarherlitz/miniconda3/envs/petase-colabfold/lib/python3.11/subprocess.py", line 1026, in __init__
    self._execute_child(args, executable, preexec_fn, close_fds,
  File "/Users/oskarherlitz/miniconda3/envs/petase-colabfold/lib/python3.11/subprocess.py", line 1955, in _execute_child
    raise child_exception_type(errno_num, err_msg, err_filename)
FileNotFoundError: [Errno 2] No such file or directory: 'hhsearch'
2026-01-01 02:20:19,651 Query 21/68: candidate_21 (length 263)
2026-01-01 02:20:20,447 Sleeping for 6s. Reason: PENDING
2026-01-01 02:20:27,100 Sleeping for 5s. Reason: RUNNING
2026-01-01 02:20:32,735 Sleeping for 8s. Reason: RUNNING
2026-01-01 02:20:41,396 Sleeping for 8s. Reason: RUNNING
2026-01-01 02:20:50,079 Sleeping for 5s. Reason: RUNNING
2026-01-01 02:20:55,727 Sleeping for 6s. Reason: RUNNING
2026-01-01 02:21:02,392 Sleeping for 5s. Reason: RUNNING
2026-01-01 02:21:08,034 Sleeping for 7s. Reason: RUNNING
2026-01-01 02:21:15,690 Sleeping for 9s. Reason: RUNNING
2026-01-01 02:21:25,307 Sleeping for 9s. Reason: RUNNING
2026-01-01 02:21:34,996 Sleeping for 8s. Reason: RUNNING
2026-01-01 02:21:43,651 Sleeping for 7s. Reason: RUNNING
2026-01-01 02:21:51,311 Sleeping for 10s. Reason: RUNNING
2026-01-01 02:22:01,954 Sleeping for 9s. Reason: RUNNING
2026-01-01 02:22:11,562 Sleeping for 6s. Reason: RUNNING
2026-01-01 02:22:22,690 Could not get MSA/templates for candidate_21: [Errno 2] No such file or directory: 'hhsearch'
Traceback (most recent call last):
  File "/Users/oskarherlitz/miniconda3/envs/petase-colabfold/lib/python3.11/site-packages/colabfold/batch.py", line 1453, in run
    = get_msa_and_templates(jobname, query_sequence, a3m_lines, result_dir, msa_mode, use_templates,
      ^^^^^^^^^^^^^^^^^^^^^^^^^^^^^^^^^^^^^^^^^^^^^^^^^^^^^^^^^^^^^^^^^^^^^^^^^^^^^^^^^^^^^^^^^^^^^^
  File "/Users/oskarherlitz/miniconda3/envs/petase-colabfold/lib/python3.11/site-packages/colabfold/batch.py", line 781, in get_msa_and_templates
    template_feature = mk_template(
                       ^^^^^^^^^^^^
  File "/Users/oskarherlitz/miniconda3/envs/petase-colabfold/lib/python3.11/site-packages/colabfold/batch.py", line 132, in mk_template
    hhsearch_result = hhsearch_pdb70_runner.query(a3m_lines)
                      ^^^^^^^^^^^^^^^^^^^^^^^^^^^^^^^^^^^^^^
  File "/Users/oskarherlitz/miniconda3/envs/petase-colabfold/lib/python3.11/site-packages/alphafold/data/tools/hhsearch.py", line 86, in query
    process = subprocess.Popen(
              ^^^^^^^^^^^^^^^^^
  File "/Users/oskarherlitz/miniconda3/envs/petase-colabfold/lib/python3.11/subprocess.py", line 1026, in __init__
    self._execute_child(args, executable, preexec_fn, close_fds,
  File "/Users/oskarherlitz/miniconda3/envs/petase-colabfold/lib/python3.11/subprocess.py", line 1955, in _execute_child
    raise child_exception_type(errno_num, err_msg, err_filename)
FileNotFoundError: [Errno 2] No such file or directory: 'hhsearch'
2026-01-01 02:22:22,692 Query 22/68: candidate_22 (length 263)
2026-01-01 02:22:23,329 Sleeping for 8s. Reason: PENDING
2026-01-01 02:22:31,995 Sleeping for 8s. Reason: RUNNING
2026-01-01 02:22:40,608 Sleeping for 6s. Reason: RUNNING
2026-01-01 02:22:47,256 Sleeping for 7s. Reason: RUNNING
2026-01-01 02:22:54,937 Sleeping for 8s. Reason: RUNNING
2026-01-01 02:23:03,587 Sleeping for 7s. Reason: RUNNING
2026-01-01 02:23:11,246 Sleeping for 5s. Reason: RUNNING
2026-01-01 02:23:16,881 Sleeping for 10s. Reason: RUNNING
2026-01-01 02:23:27,504 Sleeping for 10s. Reason: RUNNING
2026-01-01 02:23:38,152 Sleeping for 6s. Reason: RUNNING
2026-01-01 02:23:44,836 Sleeping for 5s. Reason: RUNNING
2026-01-01 02:23:50,515 Sleeping for 6s. Reason: RUNNING
2026-01-01 02:23:57,185 Sleeping for 10s. Reason: RUNNING
2026-01-01 02:24:07,842 Sleeping for 10s. Reason: RUNNING
2026-01-01 02:24:22,495 Could not get MSA/templates for candidate_22: [Errno 2] No such file or directory: 'hhsearch'
Traceback (most recent call last):
  File "/Users/oskarherlitz/miniconda3/envs/petase-colabfold/lib/python3.11/site-packages/colabfold/batch.py", line 1453, in run
    = get_msa_and_templates(jobname, query_sequence, a3m_lines, result_dir, msa_mode, use_templates,
      ^^^^^^^^^^^^^^^^^^^^^^^^^^^^^^^^^^^^^^^^^^^^^^^^^^^^^^^^^^^^^^^^^^^^^^^^^^^^^^^^^^^^^^^^^^^^^^
  File "/Users/oskarherlitz/miniconda3/envs/petase-colabfold/lib/python3.11/site-packages/colabfold/batch.py", line 781, in get_msa_and_templates
    template_feature = mk_template(
                       ^^^^^^^^^^^^
  File "/Users/oskarherlitz/miniconda3/envs/petase-colabfold/lib/python3.11/site-packages/colabfold/batch.py", line 132, in mk_template
    hhsearch_result = hhsearch_pdb70_runner.query(a3m_lines)
                      ^^^^^^^^^^^^^^^^^^^^^^^^^^^^^^^^^^^^^^
  File "/Users/oskarherlitz/miniconda3/envs/petase-colabfold/lib/python3.11/site-packages/alphafold/data/tools/hhsearch.py", line 86, in query
    process = subprocess.Popen(
              ^^^^^^^^^^^^^^^^^
  File "/Users/oskarherlitz/miniconda3/envs/petase-colabfold/lib/python3.11/subprocess.py", line 1026, in __init__
    self._execute_child(args, executable, preexec_fn, close_fds,
  File "/Users/oskarherlitz/miniconda3/envs/petase-colabfold/lib/python3.11/subprocess.py", line 1955, in _execute_child
    raise child_exception_type(errno_num, err_msg, err_filename)
FileNotFoundError: [Errno 2] No such file or directory: 'hhsearch'
2026-01-01 02:24:22,497 Query 23/68: candidate_23 (length 263)
2026-01-01 02:24:23,092 Sleeping for 6s. Reason: PENDING
2026-01-01 02:24:29,768 Sleeping for 5s. Reason: RUNNING
2026-01-01 02:24:35,392 Sleeping for 10s. Reason: RUNNING
2026-01-01 02:24:46,028 Sleeping for 10s. Reason: RUNNING
2026-01-01 02:24:56,673 Sleeping for 10s. Reason: RUNNING
2026-01-01 02:25:07,351 Sleeping for 8s. Reason: RUNNING
2026-01-01 02:25:15,976 Sleeping for 8s. Reason: RUNNING
2026-01-01 02:25:24,583 Sleeping for 7s. Reason: RUNNING
2026-01-01 02:25:32,594 Sleeping for 9s. Reason: RUNNING
2026-01-01 02:25:42,241 Sleeping for 5s. Reason: RUNNING
2026-01-01 02:25:47,912 Sleeping for 7s. Reason: RUNNING
2026-01-01 02:25:55,592 Sleeping for 9s. Reason: RUNNING
2026-01-01 02:26:05,270 Sleeping for 5s. Reason: RUNNING
2026-01-01 02:26:10,935 Sleeping for 10s. Reason: RUNNING
2026-01-01 02:26:26,350 Could not get MSA/templates for candidate_23: [Errno 2] No such file or directory: 'hhsearch'
Traceback (most recent call last):
  File "/Users/oskarherlitz/miniconda3/envs/petase-colabfold/lib/python3.11/site-packages/colabfold/batch.py", line 1453, in run
    = get_msa_and_templates(jobname, query_sequence, a3m_lines, result_dir, msa_mode, use_templates,
      ^^^^^^^^^^^^^^^^^^^^^^^^^^^^^^^^^^^^^^^^^^^^^^^^^^^^^^^^^^^^^^^^^^^^^^^^^^^^^^^^^^^^^^^^^^^^^^
  File "/Users/oskarherlitz/miniconda3/envs/petase-colabfold/lib/python3.11/site-packages/colabfold/batch.py", line 781, in get_msa_and_templates
    template_feature = mk_template(
                       ^^^^^^^^^^^^
  File "/Users/oskarherlitz/miniconda3/envs/petase-colabfold/lib/python3.11/site-packages/colabfold/batch.py", line 132, in mk_template
    hhsearch_result = hhsearch_pdb70_runner.query(a3m_lines)
                      ^^^^^^^^^^^^^^^^^^^^^^^^^^^^^^^^^^^^^^
  File "/Users/oskarherlitz/miniconda3/envs/petase-colabfold/lib/python3.11/site-packages/alphafold/data/tools/hhsearch.py", line 86, in query
    process = subprocess.Popen(
              ^^^^^^^^^^^^^^^^^
  File "/Users/oskarherlitz/miniconda3/envs/petase-colabfold/lib/python3.11/subprocess.py", line 1026, in __init__
    self._execute_child(args, executable, preexec_fn, close_fds,
  File "/Users/oskarherlitz/miniconda3/envs/petase-colabfold/lib/python3.11/subprocess.py", line 1955, in _execute_child
    raise child_exception_type(errno_num, err_msg, err_filename)
FileNotFoundError: [Errno 2] No such file or directory: 'hhsearch'
2026-01-01 02:26:26,353 Query 24/68: candidate_24 (length 263)
2026-01-01 02:26:27,019 Sleeping for 10s. Reason: PENDING
2026-01-01 02:26:37,694 Sleeping for 5s. Reason: RUNNING
2026-01-01 02:26:43,392 Sleeping for 5s. Reason: RUNNING
2026-01-01 02:26:49,056 Sleeping for 6s. Reason: RUNNING
2026-01-01 02:26:55,728 Sleeping for 8s. Reason: RUNNING
2026-01-01 02:27:04,364 Sleeping for 9s. Reason: RUNNING
2026-01-01 02:27:14,055 Sleeping for 5s. Reason: RUNNING
2026-01-01 02:27:19,736 Sleeping for 5s. Reason: RUNNING
2026-01-01 02:27:25,452 Sleeping for 8s. Reason: RUNNING
2026-01-01 02:27:34,133 Sleeping for 7s. Reason: RUNNING
2026-01-01 02:27:41,779 Sleeping for 5s. Reason: RUNNING
2026-01-01 02:27:47,443 Sleeping for 5s. Reason: RUNNING
2026-01-01 02:27:53,094 Sleeping for 10s. Reason: RUNNING
2026-01-01 02:28:03,735 Sleeping for 10s. Reason: RUNNING
2026-01-01 02:28:14,367 Sleeping for 10s. Reason: RUNNING
2026-01-01 02:28:25,027 Sleeping for 7s. Reason: RUNNING
2026-01-01 02:28:37,665 Could not get MSA/templates for candidate_24: [Errno 2] No such file or directory: 'hhsearch'
Traceback (most recent call last):
  File "/Users/oskarherlitz/miniconda3/envs/petase-colabfold/lib/python3.11/site-packages/colabfold/batch.py", line 1453, in run
    = get_msa_and_templates(jobname, query_sequence, a3m_lines, result_dir, msa_mode, use_templates,
      ^^^^^^^^^^^^^^^^^^^^^^^^^^^^^^^^^^^^^^^^^^^^^^^^^^^^^^^^^^^^^^^^^^^^^^^^^^^^^^^^^^^^^^^^^^^^^^
  File "/Users/oskarherlitz/miniconda3/envs/petase-colabfold/lib/python3.11/site-packages/colabfold/batch.py", line 781, in get_msa_and_templates
    template_feature = mk_template(
                       ^^^^^^^^^^^^
  File "/Users/oskarherlitz/miniconda3/envs/petase-colabfold/lib/python3.11/site-packages/colabfold/batch.py", line 132, in mk_template
    hhsearch_result = hhsearch_pdb70_runner.query(a3m_lines)
                      ^^^^^^^^^^^^^^^^^^^^^^^^^^^^^^^^^^^^^^
  File "/Users/oskarherlitz/miniconda3/envs/petase-colabfold/lib/python3.11/site-packages/alphafold/data/tools/hhsearch.py", line 86, in query
    process = subprocess.Popen(
              ^^^^^^^^^^^^^^^^^
  File "/Users/oskarherlitz/miniconda3/envs/petase-colabfold/lib/python3.11/subprocess.py", line 1026, in __init__
    self._execute_child(args, executable, preexec_fn, close_fds,
  File "/Users/oskarherlitz/miniconda3/envs/petase-colabfold/lib/python3.11/subprocess.py", line 1955, in _execute_child
    raise child_exception_type(errno_num, err_msg, err_filename)
FileNotFoundError: [Errno 2] No such file or directory: 'hhsearch'
2026-01-01 02:28:37,667 Query 25/68: candidate_25 (length 263)
2026-01-01 02:28:38,282 Sleeping for 6s. Reason: PENDING
2026-01-01 02:28:44,917 Sleeping for 6s. Reason: RUNNING
2026-01-01 02:28:51,609 Sleeping for 9s. Reason: RUNNING
2026-01-01 02:29:01,237 Sleeping for 9s. Reason: RUNNING
2026-01-01 02:29:10,904 Sleeping for 5s. Reason: RUNNING
2026-01-01 02:29:16,517 Sleeping for 8s. Reason: RUNNING
2026-01-01 02:29:25,195 Sleeping for 8s. Reason: RUNNING
2026-01-01 02:29:33,849 Sleeping for 8s. Reason: RUNNING
2026-01-01 02:29:42,497 Sleeping for 6s. Reason: RUNNING
2026-01-01 02:29:49,088 Sleeping for 8s. Reason: RUNNING
2026-01-01 02:29:57,676 Sleeping for 7s. Reason: RUNNING
2026-01-01 02:30:05,356 Sleeping for 9s. Reason: RUNNING
2026-01-01 02:30:14,998 Sleeping for 5s. Reason: RUNNING
2026-01-01 02:30:20,659 Sleeping for 8s. Reason: RUNNING
2026-01-01 02:30:29,327 Sleeping for 9s. Reason: RUNNING
2026-01-01 02:30:43,070 Could not get MSA/templates for candidate_25: [Errno 2] No such file or directory: 'hhsearch'
Traceback (most recent call last):
  File "/Users/oskarherlitz/miniconda3/envs/petase-colabfold/lib/python3.11/site-packages/colabfold/batch.py", line 1453, in run
    = get_msa_and_templates(jobname, query_sequence, a3m_lines, result_dir, msa_mode, use_templates,
      ^^^^^^^^^^^^^^^^^^^^^^^^^^^^^^^^^^^^^^^^^^^^^^^^^^^^^^^^^^^^^^^^^^^^^^^^^^^^^^^^^^^^^^^^^^^^^^
  File "/Users/oskarherlitz/miniconda3/envs/petase-colabfold/lib/python3.11/site-packages/colabfold/batch.py", line 781, in get_msa_and_templates
    template_feature = mk_template(
                       ^^^^^^^^^^^^
  File "/Users/oskarherlitz/miniconda3/envs/petase-colabfold/lib/python3.11/site-packages/colabfold/batch.py", line 132, in mk_template
    hhsearch_result = hhsearch_pdb70_runner.query(a3m_lines)
                      ^^^^^^^^^^^^^^^^^^^^^^^^^^^^^^^^^^^^^^
  File "/Users/oskarherlitz/miniconda3/envs/petase-colabfold/lib/python3.11/site-packages/alphafold/data/tools/hhsearch.py", line 86, in query
    process = subprocess.Popen(
              ^^^^^^^^^^^^^^^^^
  File "/Users/oskarherlitz/miniconda3/envs/petase-colabfold/lib/python3.11/subprocess.py", line 1026, in __init__
    self._execute_child(args, executable, preexec_fn, close_fds,
  File "/Users/oskarherlitz/miniconda3/envs/petase-colabfold/lib/python3.11/subprocess.py", line 1955, in _execute_child
    raise child_exception_type(errno_num, err_msg, err_filename)
FileNotFoundError: [Errno 2] No such file or directory: 'hhsearch'
2026-01-01 02:30:43,072 Query 26/68: candidate_26 (length 263)
2026-01-01 02:30:43,686 Sleeping for 9s. Reason: PENDING
2026-01-01 02:30:53,356 Sleeping for 8s. Reason: RUNNING
2026-01-01 02:31:01,970 Sleeping for 7s. Reason: RUNNING
2026-01-01 02:31:09,626 Sleeping for 10s. Reason: RUNNING
2026-01-01 02:31:20,270 Sleeping for 6s. Reason: RUNNING
2026-01-01 02:31:26,906 Sleeping for 6s. Reason: RUNNING
2026-01-01 02:31:33,535 Sleeping for 7s. Reason: RUNNING
2026-01-01 02:31:41,194 Sleeping for 9s. Reason: RUNNING
2026-01-01 02:31:50,834 Sleeping for 8s. Reason: RUNNING
2026-01-01 02:31:59,462 Sleeping for 10s. Reason: RUNNING
2026-01-01 02:32:10,177 Sleeping for 9s. Reason: RUNNING
2026-01-01 02:32:19,786 Sleeping for 8s. Reason: RUNNING
2026-01-01 02:32:28,381 Sleeping for 7s. Reason: RUNNING
2026-01-01 02:32:40,351 Could not get MSA/templates for candidate_26: [Errno 2] No such file or directory: 'hhsearch'
Traceback (most recent call last):
  File "/Users/oskarherlitz/miniconda3/envs/petase-colabfold/lib/python3.11/site-packages/colabfold/batch.py", line 1453, in run
    = get_msa_and_templates(jobname, query_sequence, a3m_lines, result_dir, msa_mode, use_templates,
      ^^^^^^^^^^^^^^^^^^^^^^^^^^^^^^^^^^^^^^^^^^^^^^^^^^^^^^^^^^^^^^^^^^^^^^^^^^^^^^^^^^^^^^^^^^^^^^
  File "/Users/oskarherlitz/miniconda3/envs/petase-colabfold/lib/python3.11/site-packages/colabfold/batch.py", line 781, in get_msa_and_templates
    template_feature = mk_template(
                       ^^^^^^^^^^^^
  File "/Users/oskarherlitz/miniconda3/envs/petase-colabfold/lib/python3.11/site-packages/colabfold/batch.py", line 132, in mk_template
    hhsearch_result = hhsearch_pdb70_runner.query(a3m_lines)
                      ^^^^^^^^^^^^^^^^^^^^^^^^^^^^^^^^^^^^^^
  File "/Users/oskarherlitz/miniconda3/envs/petase-colabfold/lib/python3.11/site-packages/alphafold/data/tools/hhsearch.py", line 86, in query
    process = subprocess.Popen(
              ^^^^^^^^^^^^^^^^^
  File "/Users/oskarherlitz/miniconda3/envs/petase-colabfold/lib/python3.11/subprocess.py", line 1026, in __init__
    self._execute_child(args, executable, preexec_fn, close_fds,
  File "/Users/oskarherlitz/miniconda3/envs/petase-colabfold/lib/python3.11/subprocess.py", line 1955, in _execute_child
    raise child_exception_type(errno_num, err_msg, err_filename)
FileNotFoundError: [Errno 2] No such file or directory: 'hhsearch'
2026-01-01 02:32:40,353 Query 27/68: candidate_27 (length 263)
2026-01-01 02:32:40,950 Sleeping for 5s. Reason: PENDING
2026-01-01 02:32:46,591 Sleeping for 5s. Reason: RUNNING
2026-01-01 02:32:52,238 Sleeping for 7s. Reason: RUNNING
2026-01-01 02:32:59,901 Sleeping for 9s. Reason: RUNNING
2026-01-01 02:33:09,607 Sleeping for 7s. Reason: RUNNING
2026-01-01 02:33:17,223 Sleeping for 7s. Reason: RUNNING
2026-01-01 02:33:24,861 Sleeping for 8s. Reason: RUNNING
2026-01-01 02:33:33,514 Sleeping for 7s. Reason: RUNNING
2026-01-01 02:33:41,180 Sleeping for 10s. Reason: RUNNING
2026-01-01 02:33:51,844 Sleeping for 8s. Reason: RUNNING
2026-01-01 02:34:00,505 Sleeping for 10s. Reason: RUNNING
2026-01-01 02:34:11,376 Sleeping for 5s. Reason: RUNNING
2026-01-01 02:34:17,030 Sleeping for 5s. Reason: RUNNING
2026-01-01 02:34:22,676 Sleeping for 10s. Reason: RUNNING
2026-01-01 02:34:33,309 Sleeping for 5s. Reason: RUNNING
2026-01-01 02:34:46,200 Could not get MSA/templates for candidate_27: [Errno 2] No such file or directory: 'hhsearch'
Traceback (most recent call last):
  File "/Users/oskarherlitz/miniconda3/envs/petase-colabfold/lib/python3.11/site-packages/colabfold/batch.py", line 1453, in run
    = get_msa_and_templates(jobname, query_sequence, a3m_lines, result_dir, msa_mode, use_templates,
      ^^^^^^^^^^^^^^^^^^^^^^^^^^^^^^^^^^^^^^^^^^^^^^^^^^^^^^^^^^^^^^^^^^^^^^^^^^^^^^^^^^^^^^^^^^^^^^
  File "/Users/oskarherlitz/miniconda3/envs/petase-colabfold/lib/python3.11/site-packages/colabfold/batch.py", line 781, in get_msa_and_templates
    template_feature = mk_template(
                       ^^^^^^^^^^^^
  File "/Users/oskarherlitz/miniconda3/envs/petase-colabfold/lib/python3.11/site-packages/colabfold/batch.py", line 132, in mk_template
    hhsearch_result = hhsearch_pdb70_runner.query(a3m_lines)
                      ^^^^^^^^^^^^^^^^^^^^^^^^^^^^^^^^^^^^^^
  File "/Users/oskarherlitz/miniconda3/envs/petase-colabfold/lib/python3.11/site-packages/alphafold/data/tools/hhsearch.py", line 86, in query
    process = subprocess.Popen(
              ^^^^^^^^^^^^^^^^^
  File "/Users/oskarherlitz/miniconda3/envs/petase-colabfold/lib/python3.11/subprocess.py", line 1026, in __init__
    self._execute_child(args, executable, preexec_fn, close_fds,
  File "/Users/oskarherlitz/miniconda3/envs/petase-colabfold/lib/python3.11/subprocess.py", line 1955, in _execute_child
    raise child_exception_type(errno_num, err_msg, err_filename)
FileNotFoundError: [Errno 2] No such file or directory: 'hhsearch'
2026-01-01 02:34:46,202 Query 28/68: candidate_28 (length 263)
2026-01-01 02:34:46,762 Sleeping for 10s. Reason: PENDING
2026-01-01 02:34:57,464 Sleeping for 5s. Reason: RUNNING
2026-01-01 02:35:03,100 Sleeping for 6s. Reason: RUNNING
2026-01-01 02:35:09,751 Sleeping for 9s. Reason: RUNNING
2026-01-01 02:35:19,379 Sleeping for 8s. Reason: RUNNING
2026-01-01 02:35:28,024 Sleeping for 10s. Reason: RUNNING
2026-01-01 02:35:38,669 Sleeping for 10s. Reason: RUNNING
2026-01-01 02:35:49,303 Sleeping for 5s. Reason: RUNNING
2026-01-01 02:35:54,930 Sleeping for 6s. Reason: RUNNING
2026-01-01 02:36:01,572 Sleeping for 7s. Reason: RUNNING
2026-01-01 02:36:09,238 Sleeping for 7s. Reason: RUNNING
2026-01-01 02:36:16,874 Sleeping for 7s. Reason: RUNNING
2026-01-01 02:36:24,524 Sleeping for 10s. Reason: RUNNING
2026-01-01 02:36:35,157 Sleeping for 6s. Reason: RUNNING
2026-01-01 02:36:41,796 Sleeping for 5s. Reason: RUNNING
2026-01-01 02:36:47,396 Sleeping for 8s. Reason: RUNNING
2026-01-01 02:36:59,997 Could not get MSA/templates for candidate_28: [Errno 2] No such file or directory: 'hhsearch'
Traceback (most recent call last):
  File "/Users/oskarherlitz/miniconda3/envs/petase-colabfold/lib/python3.11/site-packages/colabfold/batch.py", line 1453, in run
    = get_msa_and_templates(jobname, query_sequence, a3m_lines, result_dir, msa_mode, use_templates,
      ^^^^^^^^^^^^^^^^^^^^^^^^^^^^^^^^^^^^^^^^^^^^^^^^^^^^^^^^^^^^^^^^^^^^^^^^^^^^^^^^^^^^^^^^^^^^^^
  File "/Users/oskarherlitz/miniconda3/envs/petase-colabfold/lib/python3.11/site-packages/colabfold/batch.py", line 781, in get_msa_and_templates
    template_feature = mk_template(
                       ^^^^^^^^^^^^
  File "/Users/oskarherlitz/miniconda3/envs/petase-colabfold/lib/python3.11/site-packages/colabfold/batch.py", line 132, in mk_template
    hhsearch_result = hhsearch_pdb70_runner.query(a3m_lines)
                      ^^^^^^^^^^^^^^^^^^^^^^^^^^^^^^^^^^^^^^
  File "/Users/oskarherlitz/miniconda3/envs/petase-colabfold/lib/python3.11/site-packages/alphafold/data/tools/hhsearch.py", line 86, in query
    process = subprocess.Popen(
              ^^^^^^^^^^^^^^^^^
  File "/Users/oskarherlitz/miniconda3/envs/petase-colabfold/lib/python3.11/subprocess.py", line 1026, in __init__
    self._execute_child(args, executable, preexec_fn, close_fds,
  File "/Users/oskarherlitz/miniconda3/envs/petase-colabfold/lib/python3.11/subprocess.py", line 1955, in _execute_child
    raise child_exception_type(errno_num, err_msg, err_filename)
FileNotFoundError: [Errno 2] No such file or directory: 'hhsearch'
2026-01-01 02:37:00,000 Query 29/68: candidate_29 (length 263)
2026-01-01 02:37:00,640 Sleeping for 6s. Reason: PENDING
2026-01-01 02:37:07,276 Sleeping for 10s. Reason: RUNNING
2026-01-01 02:37:17,932 Sleeping for 6s. Reason: RUNNING
2026-01-01 02:37:24,933 Sleeping for 9s. Reason: RUNNING
2026-01-01 02:37:34,538 Sleeping for 10s. Reason: RUNNING
2026-01-01 02:37:45,238 Sleeping for 10s. Reason: RUNNING
2026-01-01 02:37:55,909 Sleeping for 7s. Reason: RUNNING
2026-01-01 02:38:03,574 Sleeping for 5s. Reason: RUNNING
2026-01-01 02:38:09,242 Sleeping for 10s. Reason: RUNNING
2026-01-01 02:38:19,889 Sleeping for 10s. Reason: RUNNING
2026-01-01 02:38:30,487 Sleeping for 9s. Reason: RUNNING
2026-01-01 02:38:40,111 Sleeping for 9s. Reason: RUNNING
2026-01-01 02:38:49,825 Sleeping for 6s. Reason: RUNNING
2026-01-01 02:39:00,512 Could not get MSA/templates for candidate_29: [Errno 2] No such file or directory: 'hhsearch'
Traceback (most recent call last):
  File "/Users/oskarherlitz/miniconda3/envs/petase-colabfold/lib/python3.11/site-packages/colabfold/batch.py", line 1453, in run
    = get_msa_and_templates(jobname, query_sequence, a3m_lines, result_dir, msa_mode, use_templates,
      ^^^^^^^^^^^^^^^^^^^^^^^^^^^^^^^^^^^^^^^^^^^^^^^^^^^^^^^^^^^^^^^^^^^^^^^^^^^^^^^^^^^^^^^^^^^^^^
  File "/Users/oskarherlitz/miniconda3/envs/petase-colabfold/lib/python3.11/site-packages/colabfold/batch.py", line 781, in get_msa_and_templates
    template_feature = mk_template(
                       ^^^^^^^^^^^^
  File "/Users/oskarherlitz/miniconda3/envs/petase-colabfold/lib/python3.11/site-packages/colabfold/batch.py", line 132, in mk_template
    hhsearch_result = hhsearch_pdb70_runner.query(a3m_lines)
                      ^^^^^^^^^^^^^^^^^^^^^^^^^^^^^^^^^^^^^^
  File "/Users/oskarherlitz/miniconda3/envs/petase-colabfold/lib/python3.11/site-packages/alphafold/data/tools/hhsearch.py", line 86, in query
    process = subprocess.Popen(
              ^^^^^^^^^^^^^^^^^
  File "/Users/oskarherlitz/miniconda3/envs/petase-colabfold/lib/python3.11/subprocess.py", line 1026, in __init__
    self._execute_child(args, executable, preexec_fn, close_fds,
  File "/Users/oskarherlitz/miniconda3/envs/petase-colabfold/lib/python3.11/subprocess.py", line 1955, in _execute_child
    raise child_exception_type(errno_num, err_msg, err_filename)
FileNotFoundError: [Errno 2] No such file or directory: 'hhsearch'
2026-01-01 02:39:00,515 Query 30/68: candidate_30 (length 263)
2026-01-01 02:39:01,172 Sleeping for 7s. Reason: PENDING
2026-01-01 02:39:08,884 Sleeping for 5s. Reason: RUNNING
2026-01-01 02:39:14,655 Sleeping for 9s. Reason: RUNNING
2026-01-01 02:39:24,312 Sleeping for 7s. Reason: RUNNING
2026-01-01 02:39:31,944 Sleeping for 5s. Reason: RUNNING
2026-01-01 02:39:37,644 Sleeping for 9s. Reason: RUNNING
2026-01-01 02:39:47,319 Sleeping for 5s. Reason: RUNNING
2026-01-01 02:39:52,970 Sleeping for 9s. Reason: RUNNING
2026-01-01 02:40:02,630 Sleeping for 8s. Reason: RUNNING
2026-01-01 02:40:11,270 Sleeping for 10s. Reason: RUNNING
2026-01-01 02:40:21,899 Sleeping for 7s. Reason: RUNNING
2026-01-01 02:40:29,526 Sleeping for 6s. Reason: RUNNING
2026-01-01 02:40:36,156 Sleeping for 5s. Reason: RUNNING
2026-01-01 02:40:41,803 Sleeping for 7s. Reason: RUNNING
2026-01-01 02:40:53,533 Could not get MSA/templates for candidate_30: [Errno 2] No such file or directory: 'hhsearch'
Traceback (most recent call last):
  File "/Users/oskarherlitz/miniconda3/envs/petase-colabfold/lib/python3.11/site-packages/colabfold/batch.py", line 1453, in run
    = get_msa_and_templates(jobname, query_sequence, a3m_lines, result_dir, msa_mode, use_templates,
      ^^^^^^^^^^^^^^^^^^^^^^^^^^^^^^^^^^^^^^^^^^^^^^^^^^^^^^^^^^^^^^^^^^^^^^^^^^^^^^^^^^^^^^^^^^^^^^
  File "/Users/oskarherlitz/miniconda3/envs/petase-colabfold/lib/python3.11/site-packages/colabfold/batch.py", line 781, in get_msa_and_templates
    template_feature = mk_template(
                       ^^^^^^^^^^^^
  File "/Users/oskarherlitz/miniconda3/envs/petase-colabfold/lib/python3.11/site-packages/colabfold/batch.py", line 132, in mk_template
    hhsearch_result = hhsearch_pdb70_runner.query(a3m_lines)
                      ^^^^^^^^^^^^^^^^^^^^^^^^^^^^^^^^^^^^^^
  File "/Users/oskarherlitz/miniconda3/envs/petase-colabfold/lib/python3.11/site-packages/alphafold/data/tools/hhsearch.py", line 86, in query
    process = subprocess.Popen(
              ^^^^^^^^^^^^^^^^^
  File "/Users/oskarherlitz/miniconda3/envs/petase-colabfold/lib/python3.11/subprocess.py", line 1026, in __init__
    self._execute_child(args, executable, preexec_fn, close_fds,
  File "/Users/oskarherlitz/miniconda3/envs/petase-colabfold/lib/python3.11/subprocess.py", line 1955, in _execute_child
    raise child_exception_type(errno_num, err_msg, err_filename)
FileNotFoundError: [Errno 2] No such file or directory: 'hhsearch'
2026-01-01 02:40:53,535 Query 31/68: candidate_31 (length 263)
2026-01-01 02:40:54,195 Sleeping for 5s. Reason: PENDING
2026-01-01 02:41:00,069 Sleeping for 5s. Reason: RUNNING
2026-01-01 02:41:05,743 Sleeping for 5s. Reason: RUNNING
2026-01-01 02:41:11,411 Sleeping for 9s. Reason: RUNNING
2026-01-01 02:41:21,059 Sleeping for 9s. Reason: RUNNING
2026-01-01 02:41:30,692 Sleeping for 8s. Reason: RUNNING
2026-01-01 02:41:39,339 Sleeping for 9s. Reason: RUNNING
2026-01-01 02:41:49,343 Sleeping for 9s. Reason: RUNNING
2026-01-01 02:41:59,033 Sleeping for 6s. Reason: RUNNING
2026-01-01 02:42:05,697 Sleeping for 10s. Reason: RUNNING
2026-01-01 02:42:16,324 Sleeping for 8s. Reason: RUNNING
2026-01-01 02:42:24,956 Sleeping for 9s. Reason: RUNNING
2026-01-01 02:42:34,585 Sleeping for 8s. Reason: RUNNING
2026-01-01 02:42:43,248 Sleeping for 6s. Reason: RUNNING
2026-01-01 02:42:53,623 Could not get MSA/templates for candidate_31: [Errno 2] No such file or directory: 'hhsearch'
Traceback (most recent call last):
  File "/Users/oskarherlitz/miniconda3/envs/petase-colabfold/lib/python3.11/site-packages/colabfold/batch.py", line 1453, in run
    = get_msa_and_templates(jobname, query_sequence, a3m_lines, result_dir, msa_mode, use_templates,
      ^^^^^^^^^^^^^^^^^^^^^^^^^^^^^^^^^^^^^^^^^^^^^^^^^^^^^^^^^^^^^^^^^^^^^^^^^^^^^^^^^^^^^^^^^^^^^^
  File "/Users/oskarherlitz/miniconda3/envs/petase-colabfold/lib/python3.11/site-packages/colabfold/batch.py", line 781, in get_msa_and_templates
    template_feature = mk_template(
                       ^^^^^^^^^^^^
  File "/Users/oskarherlitz/miniconda3/envs/petase-colabfold/lib/python3.11/site-packages/colabfold/batch.py", line 132, in mk_template
    hhsearch_result = hhsearch_pdb70_runner.query(a3m_lines)
                      ^^^^^^^^^^^^^^^^^^^^^^^^^^^^^^^^^^^^^^
  File "/Users/oskarherlitz/miniconda3/envs/petase-colabfold/lib/python3.11/site-packages/alphafold/data/tools/hhsearch.py", line 86, in query
    process = subprocess.Popen(
              ^^^^^^^^^^^^^^^^^
  File "/Users/oskarherlitz/miniconda3/envs/petase-colabfold/lib/python3.11/subprocess.py", line 1026, in __init__
    self._execute_child(args, executable, preexec_fn, close_fds,
  File "/Users/oskarherlitz/miniconda3/envs/petase-colabfold/lib/python3.11/subprocess.py", line 1955, in _execute_child
    raise child_exception_type(errno_num, err_msg, err_filename)
FileNotFoundError: [Errno 2] No such file or directory: 'hhsearch'
2026-01-01 02:42:53,625 Query 32/68: candidate_32 (length 263)
2026-01-01 02:42:54,197 Sleeping for 9s. Reason: PENDING
2026-01-01 02:43:03,809 Sleeping for 6s. Reason: RUNNING
2026-01-01 02:43:10,420 Sleeping for 5s. Reason: RUNNING
2026-01-01 02:43:16,090 Sleeping for 10s. Reason: RUNNING
2026-01-01 02:43:26,694 Sleeping for 5s. Reason: RUNNING
2026-01-01 02:43:32,375 Sleeping for 10s. Reason: RUNNING
2026-01-01 02:43:43,036 Sleeping for 5s. Reason: RUNNING
2026-01-01 02:43:48,647 Sleeping for 6s. Reason: RUNNING
2026-01-01 02:43:55,255 Sleeping for 5s. Reason: RUNNING
2026-01-01 02:44:00,931 Sleeping for 6s. Reason: RUNNING
2026-01-01 02:44:07,583 Sleeping for 10s. Reason: RUNNING
2026-01-01 02:44:18,257 Sleeping for 7s. Reason: RUNNING
2026-01-01 02:44:25,889 Sleeping for 8s. Reason: RUNNING
2026-01-01 02:44:34,528 Sleeping for 10s. Reason: RUNNING
2026-01-01 02:44:45,136 Sleeping for 6s. Reason: RUNNING
2026-01-01 02:44:55,839 Could not get MSA/templates for candidate_32: [Errno 2] No such file or directory: 'hhsearch'
Traceback (most recent call last):
  File "/Users/oskarherlitz/miniconda3/envs/petase-colabfold/lib/python3.11/site-packages/colabfold/batch.py", line 1453, in run
    = get_msa_and_templates(jobname, query_sequence, a3m_lines, result_dir, msa_mode, use_templates,
      ^^^^^^^^^^^^^^^^^^^^^^^^^^^^^^^^^^^^^^^^^^^^^^^^^^^^^^^^^^^^^^^^^^^^^^^^^^^^^^^^^^^^^^^^^^^^^^
  File "/Users/oskarherlitz/miniconda3/envs/petase-colabfold/lib/python3.11/site-packages/colabfold/batch.py", line 781, in get_msa_and_templates
    template_feature = mk_template(
                       ^^^^^^^^^^^^
  File "/Users/oskarherlitz/miniconda3/envs/petase-colabfold/lib/python3.11/site-packages/colabfold/batch.py", line 132, in mk_template
    hhsearch_result = hhsearch_pdb70_runner.query(a3m_lines)
                      ^^^^^^^^^^^^^^^^^^^^^^^^^^^^^^^^^^^^^^
  File "/Users/oskarherlitz/miniconda3/envs/petase-colabfold/lib/python3.11/site-packages/alphafold/data/tools/hhsearch.py", line 86, in query
    process = subprocess.Popen(
              ^^^^^^^^^^^^^^^^^
  File "/Users/oskarherlitz/miniconda3/envs/petase-colabfold/lib/python3.11/subprocess.py", line 1026, in __init__
    self._execute_child(args, executable, preexec_fn, close_fds,
  File "/Users/oskarherlitz/miniconda3/envs/petase-colabfold/lib/python3.11/subprocess.py", line 1955, in _execute_child
    raise child_exception_type(errno_num, err_msg, err_filename)
FileNotFoundError: [Errno 2] No such file or directory: 'hhsearch'
2026-01-01 02:44:55,841 Query 33/68: candidate_33 (length 263)
2026-01-01 02:44:56,528 Sleeping for 9s. Reason: PENDING
2026-01-01 02:45:06,147 Sleeping for 6s. Reason: RUNNING
2026-01-01 02:45:12,781 Sleeping for 10s. Reason: RUNNING
2026-01-01 02:45:23,437 Sleeping for 8s. Reason: RUNNING
2026-01-01 02:45:32,080 Sleeping for 8s. Reason: RUNNING
2026-01-01 02:45:40,761 Sleeping for 6s. Reason: RUNNING
2026-01-01 02:45:48,384 Sleeping for 7s. Reason: RUNNING
2026-01-01 02:45:56,005 Sleeping for 10s. Reason: RUNNING
2026-01-01 02:46:06,651 Sleeping for 7s. Reason: RUNNING
2026-01-01 02:46:14,336 Sleeping for 6s. Reason: RUNNING
2026-01-01 02:46:21,020 Sleeping for 5s. Reason: RUNNING
2026-01-01 02:46:26,699 Sleeping for 6s. Reason: RUNNING
2026-01-01 02:46:33,378 Sleeping for 6s. Reason: RUNNING
2026-01-01 02:46:40,066 Sleeping for 8s. Reason: RUNNING
2026-01-01 02:46:48,750 Sleeping for 5s. Reason: RUNNING
2026-01-01 02:46:58,351 Could not get MSA/templates for candidate_33: [Errno 2] No such file or directory: 'hhsearch'
Traceback (most recent call last):
  File "/Users/oskarherlitz/miniconda3/envs/petase-colabfold/lib/python3.11/site-packages/colabfold/batch.py", line 1453, in run
    = get_msa_and_templates(jobname, query_sequence, a3m_lines, result_dir, msa_mode, use_templates,
      ^^^^^^^^^^^^^^^^^^^^^^^^^^^^^^^^^^^^^^^^^^^^^^^^^^^^^^^^^^^^^^^^^^^^^^^^^^^^^^^^^^^^^^^^^^^^^^
  File "/Users/oskarherlitz/miniconda3/envs/petase-colabfold/lib/python3.11/site-packages/colabfold/batch.py", line 781, in get_msa_and_templates
    template_feature = mk_template(
                       ^^^^^^^^^^^^
  File "/Users/oskarherlitz/miniconda3/envs/petase-colabfold/lib/python3.11/site-packages/colabfold/batch.py", line 132, in mk_template
    hhsearch_result = hhsearch_pdb70_runner.query(a3m_lines)
                      ^^^^^^^^^^^^^^^^^^^^^^^^^^^^^^^^^^^^^^
  File "/Users/oskarherlitz/miniconda3/envs/petase-colabfold/lib/python3.11/site-packages/alphafold/data/tools/hhsearch.py", line 86, in query
    process = subprocess.Popen(
              ^^^^^^^^^^^^^^^^^
  File "/Users/oskarherlitz/miniconda3/envs/petase-colabfold/lib/python3.11/subprocess.py", line 1026, in __init__
    self._execute_child(args, executable, preexec_fn, close_fds,
  File "/Users/oskarherlitz/miniconda3/envs/petase-colabfold/lib/python3.11/subprocess.py", line 1955, in _execute_child
    raise child_exception_type(errno_num, err_msg, err_filename)
FileNotFoundError: [Errno 2] No such file or directory: 'hhsearch'
2026-01-01 02:46:58,353 Query 34/68: candidate_34 (length 263)
2026-01-01 02:46:59,002 Sleeping for 8s. Reason: PENDING
2026-01-01 02:47:07,590 Sleeping for 5s. Reason: RUNNING
2026-01-01 02:47:13,211 Sleeping for 8s. Reason: RUNNING
2026-01-01 02:47:21,855 Sleeping for 9s. Reason: RUNNING
2026-01-01 02:47:31,517 Sleeping for 9s. Reason: RUNNING
2026-01-01 02:47:41,230 Sleeping for 7s. Reason: RUNNING
2026-01-01 02:47:48,897 Sleeping for 7s. Reason: RUNNING
2026-01-01 02:47:56,521 Sleeping for 6s. Reason: RUNNING
2026-01-01 02:48:03,116 Sleeping for 10s. Reason: RUNNING
2026-01-01 02:48:13,795 Sleeping for 5s. Reason: RUNNING
2026-01-01 02:48:19,406 Sleeping for 7s. Reason: RUNNING
2026-01-01 02:48:27,078 Sleeping for 10s. Reason: RUNNING
2026-01-01 02:48:37,742 Sleeping for 7s. Reason: RUNNING
2026-01-01 02:48:45,376 Sleeping for 6s. Reason: RUNNING
2026-01-01 02:48:51,985 Sleeping for 10s. Reason: RUNNING
2026-01-01 02:49:02,637 Sleeping for 6s. Reason: RUNNING
2026-01-01 02:49:13,134 Could not get MSA/templates for candidate_34: [Errno 2] No such file or directory: 'hhsearch'
Traceback (most recent call last):
  File "/Users/oskarherlitz/miniconda3/envs/petase-colabfold/lib/python3.11/site-packages/colabfold/batch.py", line 1453, in run
    = get_msa_and_templates(jobname, query_sequence, a3m_lines, result_dir, msa_mode, use_templates,
      ^^^^^^^^^^^^^^^^^^^^^^^^^^^^^^^^^^^^^^^^^^^^^^^^^^^^^^^^^^^^^^^^^^^^^^^^^^^^^^^^^^^^^^^^^^^^^^
  File "/Users/oskarherlitz/miniconda3/envs/petase-colabfold/lib/python3.11/site-packages/colabfold/batch.py", line 781, in get_msa_and_templates
    template_feature = mk_template(
                       ^^^^^^^^^^^^
  File "/Users/oskarherlitz/miniconda3/envs/petase-colabfold/lib/python3.11/site-packages/colabfold/batch.py", line 132, in mk_template
    hhsearch_result = hhsearch_pdb70_runner.query(a3m_lines)
                      ^^^^^^^^^^^^^^^^^^^^^^^^^^^^^^^^^^^^^^
  File "/Users/oskarherlitz/miniconda3/envs/petase-colabfold/lib/python3.11/site-packages/alphafold/data/tools/hhsearch.py", line 86, in query
    process = subprocess.Popen(
              ^^^^^^^^^^^^^^^^^
  File "/Users/oskarherlitz/miniconda3/envs/petase-colabfold/lib/python3.11/subprocess.py", line 1026, in __init__
    self._execute_child(args, executable, preexec_fn, close_fds,
  File "/Users/oskarherlitz/miniconda3/envs/petase-colabfold/lib/python3.11/subprocess.py", line 1955, in _execute_child
    raise child_exception_type(errno_num, err_msg, err_filename)
FileNotFoundError: [Errno 2] No such file or directory: 'hhsearch'
2026-01-01 02:49:13,136 Query 35/68: candidate_35 (length 263)
2026-01-01 02:49:13,738 Sleeping for 8s. Reason: PENDING
2026-01-01 02:49:22,414 Sleeping for 7s. Reason: RUNNING
2026-01-01 02:49:30,103 Sleeping for 5s. Reason: RUNNING
2026-01-01 02:49:35,738 Sleeping for 7s. Reason: RUNNING
2026-01-01 02:49:43,410 Sleeping for 8s. Reason: RUNNING
2026-01-01 02:49:52,074 Sleeping for 7s. Reason: RUNNING
2026-01-01 02:49:59,735 Sleeping for 8s. Reason: RUNNING
2026-01-01 02:50:08,370 Sleeping for 7s. Reason: RUNNING
2026-01-01 02:50:15,984 Sleeping for 10s. Reason: RUNNING
2026-01-01 02:50:26,633 Sleeping for 8s. Reason: RUNNING
2026-01-01 02:50:35,288 Sleeping for 5s. Reason: RUNNING
2026-01-01 02:50:40,937 Sleeping for 10s. Reason: RUNNING
2026-01-01 02:50:51,545 Sleeping for 10s. Reason: RUNNING
2026-01-01 02:51:02,189 Sleeping for 10s. Reason: RUNNING
2026-01-01 02:51:12,847 Sleeping for 7s. Reason: RUNNING
2026-01-01 02:51:20,466 Sleeping for 6s. Reason: RUNNING
2026-01-01 02:51:30,991 Could not get MSA/templates for candidate_35: [Errno 2] No such file or directory: 'hhsearch'
Traceback (most recent call last):
  File "/Users/oskarherlitz/miniconda3/envs/petase-colabfold/lib/python3.11/site-packages/colabfold/batch.py", line 1453, in run
    = get_msa_and_templates(jobname, query_sequence, a3m_lines, result_dir, msa_mode, use_templates,
      ^^^^^^^^^^^^^^^^^^^^^^^^^^^^^^^^^^^^^^^^^^^^^^^^^^^^^^^^^^^^^^^^^^^^^^^^^^^^^^^^^^^^^^^^^^^^^^
  File "/Users/oskarherlitz/miniconda3/envs/petase-colabfold/lib/python3.11/site-packages/colabfold/batch.py", line 781, in get_msa_and_templates
    template_feature = mk_template(
                       ^^^^^^^^^^^^
  File "/Users/oskarherlitz/miniconda3/envs/petase-colabfold/lib/python3.11/site-packages/colabfold/batch.py", line 132, in mk_template
    hhsearch_result = hhsearch_pdb70_runner.query(a3m_lines)
                      ^^^^^^^^^^^^^^^^^^^^^^^^^^^^^^^^^^^^^^
  File "/Users/oskarherlitz/miniconda3/envs/petase-colabfold/lib/python3.11/site-packages/alphafold/data/tools/hhsearch.py", line 86, in query
    process = subprocess.Popen(
              ^^^^^^^^^^^^^^^^^
  File "/Users/oskarherlitz/miniconda3/envs/petase-colabfold/lib/python3.11/subprocess.py", line 1026, in __init__
    self._execute_child(args, executable, preexec_fn, close_fds,
  File "/Users/oskarherlitz/miniconda3/envs/petase-colabfold/lib/python3.11/subprocess.py", line 1955, in _execute_child
    raise child_exception_type(errno_num, err_msg, err_filename)
FileNotFoundError: [Errno 2] No such file or directory: 'hhsearch'
2026-01-01 02:51:30,993 Query 36/68: candidate_36 (length 263)
2026-01-01 02:51:31,640 Sleeping for 7s. Reason: PENDING
2026-01-01 02:51:39,256 Sleeping for 6s. Reason: RUNNING
2026-01-01 02:51:45,899 Sleeping for 8s. Reason: RUNNING
2026-01-01 02:51:54,554 Sleeping for 6s. Reason: RUNNING
2026-01-01 02:52:01,216 Sleeping for 8s. Reason: RUNNING
2026-01-01 02:52:09,828 Sleeping for 6s. Reason: RUNNING
2026-01-01 02:52:16,451 Sleeping for 8s. Reason: RUNNING
2026-01-01 02:52:25,059 Sleeping for 7s. Reason: RUNNING
2026-01-01 02:52:32,717 Sleeping for 9s. Reason: RUNNING
2026-01-01 02:52:42,382 Sleeping for 5s. Reason: RUNNING
2026-01-01 02:52:48,107 Sleeping for 8s. Reason: RUNNING
2026-01-01 02:52:56,779 Sleeping for 8s. Reason: RUNNING
2026-01-01 02:53:05,383 Sleeping for 7s. Reason: RUNNING
2026-01-01 02:53:13,022 Sleeping for 6s. Reason: RUNNING
2026-01-01 02:53:19,649 Sleeping for 7s. Reason: RUNNING
2026-01-01 02:53:32,046 Could not get MSA/templates for candidate_36: [Errno 2] No such file or directory: 'hhsearch'
Traceback (most recent call last):
  File "/Users/oskarherlitz/miniconda3/envs/petase-colabfold/lib/python3.11/site-packages/colabfold/batch.py", line 1453, in run
    = get_msa_and_templates(jobname, query_sequence, a3m_lines, result_dir, msa_mode, use_templates,
      ^^^^^^^^^^^^^^^^^^^^^^^^^^^^^^^^^^^^^^^^^^^^^^^^^^^^^^^^^^^^^^^^^^^^^^^^^^^^^^^^^^^^^^^^^^^^^^
  File "/Users/oskarherlitz/miniconda3/envs/petase-colabfold/lib/python3.11/site-packages/colabfold/batch.py", line 781, in get_msa_and_templates
    template_feature = mk_template(
                       ^^^^^^^^^^^^
  File "/Users/oskarherlitz/miniconda3/envs/petase-colabfold/lib/python3.11/site-packages/colabfold/batch.py", line 132, in mk_template
    hhsearch_result = hhsearch_pdb70_runner.query(a3m_lines)
                      ^^^^^^^^^^^^^^^^^^^^^^^^^^^^^^^^^^^^^^
  File "/Users/oskarherlitz/miniconda3/envs/petase-colabfold/lib/python3.11/site-packages/alphafold/data/tools/hhsearch.py", line 86, in query
    process = subprocess.Popen(
              ^^^^^^^^^^^^^^^^^
  File "/Users/oskarherlitz/miniconda3/envs/petase-colabfold/lib/python3.11/subprocess.py", line 1026, in __init__
    self._execute_child(args, executable, preexec_fn, close_fds,
  File "/Users/oskarherlitz/miniconda3/envs/petase-colabfold/lib/python3.11/subprocess.py", line 1955, in _execute_child
    raise child_exception_type(errno_num, err_msg, err_filename)
FileNotFoundError: [Errno 2] No such file or directory: 'hhsearch'
2026-01-01 02:53:32,048 Query 37/68: candidate_37 (length 263)
2026-01-01 02:53:32,711 Sleeping for 6s. Reason: PENDING
2026-01-01 02:53:39,371 Sleeping for 8s. Reason: RUNNING
2026-01-01 02:53:48,014 Sleeping for 8s. Reason: RUNNING
2026-01-01 02:53:56,723 Sleeping for 5s. Reason: RUNNING
2026-01-01 02:54:02,354 Sleeping for 10s. Reason: RUNNING
2026-01-01 02:54:12,982 Sleeping for 10s. Reason: RUNNING
2026-01-01 02:54:23,653 Sleeping for 7s. Reason: RUNNING
2026-01-01 02:54:31,296 Sleeping for 10s. Reason: RUNNING
2026-01-01 02:54:41,916 Sleeping for 8s. Reason: RUNNING
2026-01-01 02:54:50,598 Sleeping for 10s. Reason: RUNNING
2026-01-01 02:55:01,229 Sleeping for 5s. Reason: RUNNING
2026-01-01 02:55:06,886 Sleeping for 10s. Reason: RUNNING
2026-01-01 02:55:17,515 Sleeping for 5s. Reason: RUNNING
2026-01-01 02:55:23,156 Sleeping for 9s. Reason: RUNNING
2026-01-01 02:55:37,945 Could not get MSA/templates for candidate_37: [Errno 2] No such file or directory: 'hhsearch'
Traceback (most recent call last):
  File "/Users/oskarherlitz/miniconda3/envs/petase-colabfold/lib/python3.11/site-packages/colabfold/batch.py", line 1453, in run
    = get_msa_and_templates(jobname, query_sequence, a3m_lines, result_dir, msa_mode, use_templates,
      ^^^^^^^^^^^^^^^^^^^^^^^^^^^^^^^^^^^^^^^^^^^^^^^^^^^^^^^^^^^^^^^^^^^^^^^^^^^^^^^^^^^^^^^^^^^^^^
  File "/Users/oskarherlitz/miniconda3/envs/petase-colabfold/lib/python3.11/site-packages/colabfold/batch.py", line 781, in get_msa_and_templates
    template_feature = mk_template(
                       ^^^^^^^^^^^^
  File "/Users/oskarherlitz/miniconda3/envs/petase-colabfold/lib/python3.11/site-packages/colabfold/batch.py", line 132, in mk_template
    hhsearch_result = hhsearch_pdb70_runner.query(a3m_lines)
                      ^^^^^^^^^^^^^^^^^^^^^^^^^^^^^^^^^^^^^^
  File "/Users/oskarherlitz/miniconda3/envs/petase-colabfold/lib/python3.11/site-packages/alphafold/data/tools/hhsearch.py", line 86, in query
    process = subprocess.Popen(
              ^^^^^^^^^^^^^^^^^
  File "/Users/oskarherlitz/miniconda3/envs/petase-colabfold/lib/python3.11/subprocess.py", line 1026, in __init__
    self._execute_child(args, executable, preexec_fn, close_fds,
  File "/Users/oskarherlitz/miniconda3/envs/petase-colabfold/lib/python3.11/subprocess.py", line 1955, in _execute_child
    raise child_exception_type(errno_num, err_msg, err_filename)
FileNotFoundError: [Errno 2] No such file or directory: 'hhsearch'
2026-01-01 02:55:37,948 Query 38/68: candidate_38 (length 263)
2026-01-01 02:55:38,618 Sleeping for 5s. Reason: PENDING
2026-01-01 02:55:44,237 Sleeping for 10s. Reason: RUNNING
2026-01-01 02:55:54,858 Sleeping for 10s. Reason: RUNNING
2026-01-01 02:56:05,530 Sleeping for 10s. Reason: RUNNING
2026-01-01 02:56:16,210 Sleeping for 9s. Reason: RUNNING
2026-01-01 02:56:25,962 Sleeping for 8s. Reason: RUNNING
2026-01-01 02:56:34,825 Sleeping for 7s. Reason: RUNNING
2026-01-01 02:56:42,485 Sleeping for 7s. Reason: RUNNING
2026-01-01 02:56:50,150 Sleeping for 9s. Reason: RUNNING
2026-01-01 02:56:59,762 Sleeping for 5s. Reason: RUNNING
2026-01-01 02:57:05,377 Sleeping for 7s. Reason: RUNNING
2026-01-01 02:57:13,054 Sleeping for 8s. Reason: RUNNING
2026-01-01 02:57:21,724 Sleeping for 10s. Reason: RUNNING
2026-01-01 02:57:32,362 Sleeping for 7s. Reason: RUNNING
2026-01-01 02:57:40,058 Sleeping for 10s. Reason: RUNNING
2026-01-01 02:57:54,520 Could not get MSA/templates for candidate_38: [Errno 2] No such file or directory: 'hhsearch'
Traceback (most recent call last):
  File "/Users/oskarherlitz/miniconda3/envs/petase-colabfold/lib/python3.11/site-packages/colabfold/batch.py", line 1453, in run
    = get_msa_and_templates(jobname, query_sequence, a3m_lines, result_dir, msa_mode, use_templates,
      ^^^^^^^^^^^^^^^^^^^^^^^^^^^^^^^^^^^^^^^^^^^^^^^^^^^^^^^^^^^^^^^^^^^^^^^^^^^^^^^^^^^^^^^^^^^^^^
  File "/Users/oskarherlitz/miniconda3/envs/petase-colabfold/lib/python3.11/site-packages/colabfold/batch.py", line 781, in get_msa_and_templates
    template_feature = mk_template(
                       ^^^^^^^^^^^^
  File "/Users/oskarherlitz/miniconda3/envs/petase-colabfold/lib/python3.11/site-packages/colabfold/batch.py", line 132, in mk_template
    hhsearch_result = hhsearch_pdb70_runner.query(a3m_lines)
                      ^^^^^^^^^^^^^^^^^^^^^^^^^^^^^^^^^^^^^^
  File "/Users/oskarherlitz/miniconda3/envs/petase-colabfold/lib/python3.11/site-packages/alphafold/data/tools/hhsearch.py", line 86, in query
    process = subprocess.Popen(
              ^^^^^^^^^^^^^^^^^
  File "/Users/oskarherlitz/miniconda3/envs/petase-colabfold/lib/python3.11/subprocess.py", line 1026, in __init__
    self._execute_child(args, executable, preexec_fn, close_fds,
  File "/Users/oskarherlitz/miniconda3/envs/petase-colabfold/lib/python3.11/subprocess.py", line 1955, in _execute_child
    raise child_exception_type(errno_num, err_msg, err_filename)
FileNotFoundError: [Errno 2] No such file or directory: 'hhsearch'
2026-01-01 02:57:54,522 Query 39/68: candidate_39 (length 263)
2026-01-01 02:57:55,191 Sleeping for 5s. Reason: PENDING
2026-01-01 02:58:00,834 Sleeping for 5s. Reason: RUNNING
2026-01-01 02:58:06,499 Sleeping for 6s. Reason: RUNNING
2026-01-01 02:58:13,182 Sleeping for 7s. Reason: RUNNING
2026-01-01 02:58:20,767 Sleeping for 10s. Reason: RUNNING
2026-01-01 02:58:31,410 Sleeping for 10s. Reason: RUNNING
2026-01-01 02:58:42,077 Sleeping for 8s. Reason: RUNNING
2026-01-01 02:58:50,751 Sleeping for 7s. Reason: RUNNING
2026-01-01 02:58:58,411 Sleeping for 6s. Reason: RUNNING
2026-01-01 02:59:05,288 Sleeping for 7s. Reason: RUNNING
2026-01-01 02:59:13,288 Sleeping for 8s. Reason: RUNNING
2026-01-01 02:59:21,938 Sleeping for 5s. Reason: RUNNING
2026-01-01 02:59:27,585 Sleeping for 5s. Reason: RUNNING
2026-01-01 02:59:33,240 Sleeping for 7s. Reason: RUNNING
2026-01-01 02:59:40,851 Sleeping for 5s. Reason: RUNNING
2026-01-01 02:59:50,499 Could not get MSA/templates for candidate_39: [Errno 2] No such file or directory: 'hhsearch'
Traceback (most recent call last):
  File "/Users/oskarherlitz/miniconda3/envs/petase-colabfold/lib/python3.11/site-packages/colabfold/batch.py", line 1453, in run
    = get_msa_and_templates(jobname, query_sequence, a3m_lines, result_dir, msa_mode, use_templates,
      ^^^^^^^^^^^^^^^^^^^^^^^^^^^^^^^^^^^^^^^^^^^^^^^^^^^^^^^^^^^^^^^^^^^^^^^^^^^^^^^^^^^^^^^^^^^^^^
  File "/Users/oskarherlitz/miniconda3/envs/petase-colabfold/lib/python3.11/site-packages/colabfold/batch.py", line 781, in get_msa_and_templates
    template_feature = mk_template(
                       ^^^^^^^^^^^^
  File "/Users/oskarherlitz/miniconda3/envs/petase-colabfold/lib/python3.11/site-packages/colabfold/batch.py", line 132, in mk_template
    hhsearch_result = hhsearch_pdb70_runner.query(a3m_lines)
                      ^^^^^^^^^^^^^^^^^^^^^^^^^^^^^^^^^^^^^^
  File "/Users/oskarherlitz/miniconda3/envs/petase-colabfold/lib/python3.11/site-packages/alphafold/data/tools/hhsearch.py", line 86, in query
    process = subprocess.Popen(
              ^^^^^^^^^^^^^^^^^
  File "/Users/oskarherlitz/miniconda3/envs/petase-colabfold/lib/python3.11/subprocess.py", line 1026, in __init__
    self._execute_child(args, executable, preexec_fn, close_fds,
  File "/Users/oskarherlitz/miniconda3/envs/petase-colabfold/lib/python3.11/subprocess.py", line 1955, in _execute_child
    raise child_exception_type(errno_num, err_msg, err_filename)
FileNotFoundError: [Errno 2] No such file or directory: 'hhsearch'
2026-01-01 02:59:50,504 Query 40/68: candidate_40 (length 263)
2026-01-01 02:59:51,169 Sleeping for 5s. Reason: PENDING
2026-01-01 02:59:56,807 Sleeping for 10s. Reason: RUNNING
2026-01-01 03:00:07,424 Sleeping for 7s. Reason: RUNNING
2026-01-01 03:00:15,062 Sleeping for 9s. Reason: RUNNING
2026-01-01 03:00:24,707 Sleeping for 5s. Reason: RUNNING
2026-01-01 03:00:30,363 Sleeping for 10s. Reason: RUNNING
2026-01-01 03:00:41,084 Sleeping for 7s. Reason: RUNNING
2026-01-01 03:00:48,752 Sleeping for 6s. Reason: RUNNING
2026-01-01 03:00:55,397 Sleeping for 6s. Reason: RUNNING
2026-01-01 03:01:02,019 Sleeping for 10s. Reason: RUNNING
2026-01-01 03:01:12,698 Sleeping for 8s. Reason: RUNNING
2026-01-01 03:01:21,360 Sleeping for 6s. Reason: RUNNING
2026-01-01 03:01:28,052 Sleeping for 6s. Reason: RUNNING
2026-01-01 03:01:34,698 Sleeping for 8s. Reason: RUNNING
2026-01-01 03:01:43,364 Sleeping for 5s. Reason: RUNNING
2026-01-01 03:01:49,048 Sleeping for 10s. Reason: RUNNING
2026-01-01 03:02:03,346 Could not get MSA/templates for candidate_40: [Errno 2] No such file or directory: 'hhsearch'
Traceback (most recent call last):
  File "/Users/oskarherlitz/miniconda3/envs/petase-colabfold/lib/python3.11/site-packages/colabfold/batch.py", line 1453, in run
    = get_msa_and_templates(jobname, query_sequence, a3m_lines, result_dir, msa_mode, use_templates,
      ^^^^^^^^^^^^^^^^^^^^^^^^^^^^^^^^^^^^^^^^^^^^^^^^^^^^^^^^^^^^^^^^^^^^^^^^^^^^^^^^^^^^^^^^^^^^^^
  File "/Users/oskarherlitz/miniconda3/envs/petase-colabfold/lib/python3.11/site-packages/colabfold/batch.py", line 781, in get_msa_and_templates
    template_feature = mk_template(
                       ^^^^^^^^^^^^
  File "/Users/oskarherlitz/miniconda3/envs/petase-colabfold/lib/python3.11/site-packages/colabfold/batch.py", line 132, in mk_template
    hhsearch_result = hhsearch_pdb70_runner.query(a3m_lines)
                      ^^^^^^^^^^^^^^^^^^^^^^^^^^^^^^^^^^^^^^
  File "/Users/oskarherlitz/miniconda3/envs/petase-colabfold/lib/python3.11/site-packages/alphafold/data/tools/hhsearch.py", line 86, in query
    process = subprocess.Popen(
              ^^^^^^^^^^^^^^^^^
  File "/Users/oskarherlitz/miniconda3/envs/petase-colabfold/lib/python3.11/subprocess.py", line 1026, in __init__
    self._execute_child(args, executable, preexec_fn, close_fds,
  File "/Users/oskarherlitz/miniconda3/envs/petase-colabfold/lib/python3.11/subprocess.py", line 1955, in _execute_child
    raise child_exception_type(errno_num, err_msg, err_filename)
FileNotFoundError: [Errno 2] No such file or directory: 'hhsearch'
2026-01-01 03:02:03,349 Query 41/68: candidate_41 (length 263)
2026-01-01 03:02:04,052 Sleeping for 8s. Reason: PENDING
2026-01-01 03:02:12,656 Sleeping for 9s. Reason: RUNNING
2026-01-01 03:02:22,305 Sleeping for 10s. Reason: RUNNING
2026-01-01 03:02:32,934 Sleeping for 6s. Reason: RUNNING
2026-01-01 03:02:39,570 Sleeping for 7s. Reason: RUNNING
2026-01-01 03:02:47,273 Sleeping for 9s. Reason: RUNNING
2026-01-01 03:02:56,901 Sleeping for 6s. Reason: RUNNING
2026-01-01 03:03:03,557 Sleeping for 10s. Reason: RUNNING
2026-01-01 03:03:14,247 Sleeping for 7s. Reason: RUNNING
2026-01-01 03:03:21,885 Sleeping for 8s. Reason: RUNNING
2026-01-01 03:03:30,671 Sleeping for 7s. Reason: RUNNING
2026-01-01 03:03:38,344 Sleeping for 7s. Reason: RUNNING
2026-01-01 03:03:46,021 Sleeping for 10s. Reason: RUNNING
2026-01-01 03:03:56,648 Sleeping for 8s. Reason: RUNNING
2026-01-01 03:04:09,258 Could not get MSA/templates for candidate_41: [Errno 2] No such file or directory: 'hhsearch'
Traceback (most recent call last):
  File "/Users/oskarherlitz/miniconda3/envs/petase-colabfold/lib/python3.11/site-packages/colabfold/batch.py", line 1453, in run
    = get_msa_and_templates(jobname, query_sequence, a3m_lines, result_dir, msa_mode, use_templates,
      ^^^^^^^^^^^^^^^^^^^^^^^^^^^^^^^^^^^^^^^^^^^^^^^^^^^^^^^^^^^^^^^^^^^^^^^^^^^^^^^^^^^^^^^^^^^^^^
  File "/Users/oskarherlitz/miniconda3/envs/petase-colabfold/lib/python3.11/site-packages/colabfold/batch.py", line 781, in get_msa_and_templates
    template_feature = mk_template(
                       ^^^^^^^^^^^^
  File "/Users/oskarherlitz/miniconda3/envs/petase-colabfold/lib/python3.11/site-packages/colabfold/batch.py", line 132, in mk_template
    hhsearch_result = hhsearch_pdb70_runner.query(a3m_lines)
                      ^^^^^^^^^^^^^^^^^^^^^^^^^^^^^^^^^^^^^^
  File "/Users/oskarherlitz/miniconda3/envs/petase-colabfold/lib/python3.11/site-packages/alphafold/data/tools/hhsearch.py", line 86, in query
    process = subprocess.Popen(
              ^^^^^^^^^^^^^^^^^
  File "/Users/oskarherlitz/miniconda3/envs/petase-colabfold/lib/python3.11/subprocess.py", line 1026, in __init__
    self._execute_child(args, executable, preexec_fn, close_fds,
  File "/Users/oskarherlitz/miniconda3/envs/petase-colabfold/lib/python3.11/subprocess.py", line 1955, in _execute_child
    raise child_exception_type(errno_num, err_msg, err_filename)
FileNotFoundError: [Errno 2] No such file or directory: 'hhsearch'
2026-01-01 03:04:09,261 Query 42/68: candidate_42 (length 263)
2026-01-01 03:04:09,919 Sleeping for 5s. Reason: PENDING
2026-01-01 03:04:15,572 Sleeping for 10s. Reason: RUNNING
2026-01-01 03:04:26,226 Sleeping for 10s. Reason: RUNNING
2026-01-01 03:04:36,872 Sleeping for 8s. Reason: RUNNING
2026-01-01 03:04:45,525 Sleeping for 5s. Reason: RUNNING
2026-01-01 03:04:51,196 Sleeping for 10s. Reason: RUNNING
2026-01-01 03:05:01,855 Sleeping for 5s. Reason: RUNNING
2026-01-01 03:05:07,523 Sleeping for 5s. Reason: RUNNING
2026-01-01 03:05:13,164 Sleeping for 9s. Reason: RUNNING
2026-01-01 03:05:22,854 Sleeping for 5s. Reason: RUNNING
2026-01-01 03:05:28,472 Sleeping for 7s. Reason: RUNNING
2026-01-01 03:05:36,171 Sleeping for 8s. Reason: RUNNING
2026-01-01 03:05:44,875 Sleeping for 6s. Reason: RUNNING
2026-01-01 03:05:51,552 Sleeping for 10s. Reason: RUNNING
2026-01-01 03:06:07,096 Could not get MSA/templates for candidate_42: [Errno 2] No such file or directory: 'hhsearch'
Traceback (most recent call last):
  File "/Users/oskarherlitz/miniconda3/envs/petase-colabfold/lib/python3.11/site-packages/colabfold/batch.py", line 1453, in run
    = get_msa_and_templates(jobname, query_sequence, a3m_lines, result_dir, msa_mode, use_templates,
      ^^^^^^^^^^^^^^^^^^^^^^^^^^^^^^^^^^^^^^^^^^^^^^^^^^^^^^^^^^^^^^^^^^^^^^^^^^^^^^^^^^^^^^^^^^^^^^
  File "/Users/oskarherlitz/miniconda3/envs/petase-colabfold/lib/python3.11/site-packages/colabfold/batch.py", line 781, in get_msa_and_templates
    template_feature = mk_template(
                       ^^^^^^^^^^^^
  File "/Users/oskarherlitz/miniconda3/envs/petase-colabfold/lib/python3.11/site-packages/colabfold/batch.py", line 132, in mk_template
    hhsearch_result = hhsearch_pdb70_runner.query(a3m_lines)
                      ^^^^^^^^^^^^^^^^^^^^^^^^^^^^^^^^^^^^^^
  File "/Users/oskarherlitz/miniconda3/envs/petase-colabfold/lib/python3.11/site-packages/alphafold/data/tools/hhsearch.py", line 86, in query
    process = subprocess.Popen(
              ^^^^^^^^^^^^^^^^^
  File "/Users/oskarherlitz/miniconda3/envs/petase-colabfold/lib/python3.11/subprocess.py", line 1026, in __init__
    self._execute_child(args, executable, preexec_fn, close_fds,
  File "/Users/oskarherlitz/miniconda3/envs/petase-colabfold/lib/python3.11/subprocess.py", line 1955, in _execute_child
    raise child_exception_type(errno_num, err_msg, err_filename)
FileNotFoundError: [Errno 2] No such file or directory: 'hhsearch'
2026-01-01 03:06:07,098 Query 43/68: candidate_43 (length 263)
2026-01-01 03:06:07,781 Sleeping for 5s. Reason: PENDING
2026-01-01 03:06:13,393 Sleeping for 9s. Reason: RUNNING
2026-01-01 03:06:23,045 Sleeping for 6s. Reason: RUNNING
2026-01-01 03:06:29,660 Sleeping for 7s. Reason: RUNNING
2026-01-01 03:06:37,330 Sleeping for 8s. Reason: RUNNING
2026-01-01 03:06:45,990 Sleeping for 5s. Reason: RUNNING
2026-01-01 03:06:51,634 Sleeping for 10s. Reason: RUNNING
2026-01-01 03:07:02,304 Sleeping for 10s. Reason: RUNNING
2026-01-01 03:07:12,916 Sleeping for 10s. Reason: RUNNING
2026-01-01 03:07:23,627 Sleeping for 7s. Reason: RUNNING
2026-01-01 03:07:31,315 Sleeping for 8s. Reason: RUNNING
2026-01-01 03:07:39,979 Sleeping for 10s. Reason: RUNNING
2026-01-01 03:07:50,596 Sleeping for 10s. Reason: RUNNING
2026-01-01 03:08:01,236 Sleeping for 5s. Reason: RUNNING
2026-01-01 03:08:06,928 Sleeping for 6s. Reason: RUNNING
2026-01-01 03:08:19,305 Could not get MSA/templates for candidate_43: [Errno 2] No such file or directory: 'hhsearch'
Traceback (most recent call last):
  File "/Users/oskarherlitz/miniconda3/envs/petase-colabfold/lib/python3.11/site-packages/colabfold/batch.py", line 1453, in run
    = get_msa_and_templates(jobname, query_sequence, a3m_lines, result_dir, msa_mode, use_templates,
      ^^^^^^^^^^^^^^^^^^^^^^^^^^^^^^^^^^^^^^^^^^^^^^^^^^^^^^^^^^^^^^^^^^^^^^^^^^^^^^^^^^^^^^^^^^^^^^
  File "/Users/oskarherlitz/miniconda3/envs/petase-colabfold/lib/python3.11/site-packages/colabfold/batch.py", line 781, in get_msa_and_templates
    template_feature = mk_template(
                       ^^^^^^^^^^^^
  File "/Users/oskarherlitz/miniconda3/envs/petase-colabfold/lib/python3.11/site-packages/colabfold/batch.py", line 132, in mk_template
    hhsearch_result = hhsearch_pdb70_runner.query(a3m_lines)
                      ^^^^^^^^^^^^^^^^^^^^^^^^^^^^^^^^^^^^^^
  File "/Users/oskarherlitz/miniconda3/envs/petase-colabfold/lib/python3.11/site-packages/alphafold/data/tools/hhsearch.py", line 86, in query
    process = subprocess.Popen(
              ^^^^^^^^^^^^^^^^^
  File "/Users/oskarherlitz/miniconda3/envs/petase-colabfold/lib/python3.11/subprocess.py", line 1026, in __init__
    self._execute_child(args, executable, preexec_fn, close_fds,
  File "/Users/oskarherlitz/miniconda3/envs/petase-colabfold/lib/python3.11/subprocess.py", line 1955, in _execute_child
    raise child_exception_type(errno_num, err_msg, err_filename)
FileNotFoundError: [Errno 2] No such file or directory: 'hhsearch'
2026-01-01 03:08:19,307 Query 44/68: candidate_44 (length 263)
2026-01-01 03:08:19,905 Sleeping for 8s. Reason: PENDING
2026-01-01 03:08:28,542 Sleeping for 7s. Reason: RUNNING
2026-01-01 03:08:36,146 Sleeping for 7s. Reason: RUNNING
2026-01-01 03:08:43,854 Sleeping for 7s. Reason: RUNNING
2026-01-01 03:08:51,523 Sleeping for 10s. Reason: RUNNING
2026-01-01 03:09:02,147 Sleeping for 6s. Reason: RUNNING
2026-01-01 03:09:08,819 Sleeping for 6s. Reason: RUNNING
2026-01-01 03:09:15,499 Sleeping for 7s. Reason: RUNNING
2026-01-01 03:09:23,135 Sleeping for 7s. Reason: RUNNING
2026-01-01 03:09:30,763 Sleeping for 10s. Reason: RUNNING
2026-01-01 03:09:41,463 Sleeping for 10s. Reason: RUNNING
2026-01-01 03:09:52,090 Sleeping for 6s. Reason: RUNNING
2026-01-01 03:09:58,778 Sleeping for 6s. Reason: RUNNING
2026-01-01 03:10:05,490 Sleeping for 10s. Reason: RUNNING
2026-01-01 03:10:16,162 Sleeping for 5s. Reason: RUNNING
2026-01-01 03:10:31,682 Could not get MSA/templates for candidate_44: [Errno 2] No such file or directory: 'hhsearch'
Traceback (most recent call last):
  File "/Users/oskarherlitz/miniconda3/envs/petase-colabfold/lib/python3.11/site-packages/colabfold/batch.py", line 1453, in run
    = get_msa_and_templates(jobname, query_sequence, a3m_lines, result_dir, msa_mode, use_templates,
      ^^^^^^^^^^^^^^^^^^^^^^^^^^^^^^^^^^^^^^^^^^^^^^^^^^^^^^^^^^^^^^^^^^^^^^^^^^^^^^^^^^^^^^^^^^^^^^
  File "/Users/oskarherlitz/miniconda3/envs/petase-colabfold/lib/python3.11/site-packages/colabfold/batch.py", line 781, in get_msa_and_templates
    template_feature = mk_template(
                       ^^^^^^^^^^^^
  File "/Users/oskarherlitz/miniconda3/envs/petase-colabfold/lib/python3.11/site-packages/colabfold/batch.py", line 132, in mk_template
    hhsearch_result = hhsearch_pdb70_runner.query(a3m_lines)
                      ^^^^^^^^^^^^^^^^^^^^^^^^^^^^^^^^^^^^^^
  File "/Users/oskarherlitz/miniconda3/envs/petase-colabfold/lib/python3.11/site-packages/alphafold/data/tools/hhsearch.py", line 86, in query
    process = subprocess.Popen(
              ^^^^^^^^^^^^^^^^^
  File "/Users/oskarherlitz/miniconda3/envs/petase-colabfold/lib/python3.11/subprocess.py", line 1026, in __init__
    self._execute_child(args, executable, preexec_fn, close_fds,
  File "/Users/oskarherlitz/miniconda3/envs/petase-colabfold/lib/python3.11/subprocess.py", line 1955, in _execute_child
    raise child_exception_type(errno_num, err_msg, err_filename)
FileNotFoundError: [Errno 2] No such file or directory: 'hhsearch'
2026-01-01 03:10:31,683 Query 45/68: candidate_45 (length 263)
2026-01-01 03:10:32,337 Sleeping for 10s. Reason: PENDING
2026-01-01 03:10:42,976 Sleeping for 8s. Reason: RUNNING
2026-01-01 03:10:51,623 Sleeping for 5s. Reason: RUNNING
2026-01-01 03:10:57,293 Sleeping for 6s. Reason: RUNNING
2026-01-01 03:11:03,909 Sleeping for 6s. Reason: RUNNING
2026-01-01 03:11:10,568 Sleeping for 9s. Reason: RUNNING
2026-01-01 03:11:20,253 Sleeping for 9s. Reason: RUNNING
2026-01-01 03:11:29,888 Sleeping for 6s. Reason: RUNNING
2026-01-01 03:11:36,560 Sleeping for 8s. Reason: RUNNING
2026-01-01 03:11:45,184 Sleeping for 10s. Reason: RUNNING
2026-01-01 03:11:55,849 Sleeping for 7s. Reason: RUNNING
2026-01-01 03:12:03,455 Sleeping for 9s. Reason: RUNNING
2026-01-01 03:12:13,091 Sleeping for 9s. Reason: RUNNING
2026-01-01 03:12:22,765 Sleeping for 8s. Reason: RUNNING
2026-01-01 03:12:35,256 Could not get MSA/templates for candidate_45: [Errno 2] No such file or directory: 'hhsearch'
Traceback (most recent call last):
  File "/Users/oskarherlitz/miniconda3/envs/petase-colabfold/lib/python3.11/site-packages/colabfold/batch.py", line 1453, in run
    = get_msa_and_templates(jobname, query_sequence, a3m_lines, result_dir, msa_mode, use_templates,
      ^^^^^^^^^^^^^^^^^^^^^^^^^^^^^^^^^^^^^^^^^^^^^^^^^^^^^^^^^^^^^^^^^^^^^^^^^^^^^^^^^^^^^^^^^^^^^^
  File "/Users/oskarherlitz/miniconda3/envs/petase-colabfold/lib/python3.11/site-packages/colabfold/batch.py", line 781, in get_msa_and_templates
    template_feature = mk_template(
                       ^^^^^^^^^^^^
  File "/Users/oskarherlitz/miniconda3/envs/petase-colabfold/lib/python3.11/site-packages/colabfold/batch.py", line 132, in mk_template
    hhsearch_result = hhsearch_pdb70_runner.query(a3m_lines)
                      ^^^^^^^^^^^^^^^^^^^^^^^^^^^^^^^^^^^^^^
  File "/Users/oskarherlitz/miniconda3/envs/petase-colabfold/lib/python3.11/site-packages/alphafold/data/tools/hhsearch.py", line 86, in query
    process = subprocess.Popen(
              ^^^^^^^^^^^^^^^^^
  File "/Users/oskarherlitz/miniconda3/envs/petase-colabfold/lib/python3.11/subprocess.py", line 1026, in __init__
    self._execute_child(args, executable, preexec_fn, close_fds,
  File "/Users/oskarherlitz/miniconda3/envs/petase-colabfold/lib/python3.11/subprocess.py", line 1955, in _execute_child
    raise child_exception_type(errno_num, err_msg, err_filename)
FileNotFoundError: [Errno 2] No such file or directory: 'hhsearch'
2026-01-01 03:12:35,260 Query 46/68: candidate_46 (length 263)
2026-01-01 03:12:35,862 Sleeping for 9s. Reason: PENDING
2026-01-01 03:12:45,484 Sleeping for 8s. Reason: RUNNING
2026-01-01 03:12:54,133 Sleeping for 5s. Reason: RUNNING
2026-01-01 03:12:59,800 Sleeping for 6s. Reason: RUNNING
2026-01-01 03:13:06,473 Sleeping for 5s. Reason: RUNNING
2026-01-01 03:13:12,134 Sleeping for 8s. Reason: RUNNING
2026-01-01 03:13:20,787 Sleeping for 10s. Reason: RUNNING
2026-01-01 03:13:31,449 Sleeping for 6s. Reason: RUNNING
2026-01-01 03:13:38,214 Sleeping for 7s. Reason: RUNNING
2026-01-01 03:13:45,844 Sleeping for 9s. Reason: RUNNING
2026-01-01 03:13:55,503 Sleeping for 5s. Reason: RUNNING
2026-01-01 03:14:01,332 Sleeping for 8s. Reason: RUNNING
2026-01-01 03:14:10,011 Sleeping for 7s. Reason: RUNNING
2026-01-01 03:14:17,685 Sleeping for 6s. Reason: RUNNING
2026-01-01 03:14:24,345 Sleeping for 10s. Reason: RUNNING
2026-01-01 03:14:39,973 Could not get MSA/templates for candidate_46: [Errno 2] No such file or directory: 'hhsearch'
Traceback (most recent call last):
  File "/Users/oskarherlitz/miniconda3/envs/petase-colabfold/lib/python3.11/site-packages/colabfold/batch.py", line 1453, in run
    = get_msa_and_templates(jobname, query_sequence, a3m_lines, result_dir, msa_mode, use_templates,
      ^^^^^^^^^^^^^^^^^^^^^^^^^^^^^^^^^^^^^^^^^^^^^^^^^^^^^^^^^^^^^^^^^^^^^^^^^^^^^^^^^^^^^^^^^^^^^^
  File "/Users/oskarherlitz/miniconda3/envs/petase-colabfold/lib/python3.11/site-packages/colabfold/batch.py", line 781, in get_msa_and_templates
    template_feature = mk_template(
                       ^^^^^^^^^^^^
  File "/Users/oskarherlitz/miniconda3/envs/petase-colabfold/lib/python3.11/site-packages/colabfold/batch.py", line 132, in mk_template
    hhsearch_result = hhsearch_pdb70_runner.query(a3m_lines)
                      ^^^^^^^^^^^^^^^^^^^^^^^^^^^^^^^^^^^^^^
  File "/Users/oskarherlitz/miniconda3/envs/petase-colabfold/lib/python3.11/site-packages/alphafold/data/tools/hhsearch.py", line 86, in query
    process = subprocess.Popen(
              ^^^^^^^^^^^^^^^^^
  File "/Users/oskarherlitz/miniconda3/envs/petase-colabfold/lib/python3.11/subprocess.py", line 1026, in __init__
    self._execute_child(args, executable, preexec_fn, close_fds,
  File "/Users/oskarherlitz/miniconda3/envs/petase-colabfold/lib/python3.11/subprocess.py", line 1955, in _execute_child
    raise child_exception_type(errno_num, err_msg, err_filename)
FileNotFoundError: [Errno 2] No such file or directory: 'hhsearch'
2026-01-01 03:14:39,976 Query 47/68: candidate_47 (length 263)
2026-01-01 03:14:40,635 Sleeping for 6s. Reason: PENDING
2026-01-01 03:14:47,252 Sleeping for 8s. Reason: RUNNING
2026-01-01 03:14:56,084 Sleeping for 6s. Reason: RUNNING
2026-01-01 03:15:02,732 Sleeping for 8s. Reason: RUNNING
2026-01-01 03:15:11,340 Sleeping for 7s. Reason: RUNNING
2026-01-01 03:15:19,003 Sleeping for 6s. Reason: RUNNING
2026-01-01 03:15:25,630 Sleeping for 7s. Reason: RUNNING
2026-01-01 03:15:33,293 Sleeping for 5s. Reason: RUNNING
2026-01-01 03:15:38,973 Sleeping for 5s. Reason: RUNNING
2026-01-01 03:15:44,653 Sleeping for 10s. Reason: RUNNING
2026-01-01 03:15:55,292 Sleeping for 5s. Reason: RUNNING
2026-01-01 03:16:00,933 Sleeping for 6s. Reason: RUNNING
2026-01-01 03:16:07,620 Sleeping for 5s. Reason: RUNNING
2026-01-01 03:16:13,233 Sleeping for 7s. Reason: RUNNING
2026-01-01 03:16:20,873 Sleeping for 5s. Reason: RUNNING
2026-01-01 03:16:26,544 Sleeping for 7s. Reason: RUNNING
2026-01-01 03:16:34,201 Sleeping for 7s. Reason: RUNNING
2026-01-01 03:16:45,776 Could not get MSA/templates for candidate_47: [Errno 2] No such file or directory: 'hhsearch'
Traceback (most recent call last):
  File "/Users/oskarherlitz/miniconda3/envs/petase-colabfold/lib/python3.11/site-packages/colabfold/batch.py", line 1453, in run
    = get_msa_and_templates(jobname, query_sequence, a3m_lines, result_dir, msa_mode, use_templates,
      ^^^^^^^^^^^^^^^^^^^^^^^^^^^^^^^^^^^^^^^^^^^^^^^^^^^^^^^^^^^^^^^^^^^^^^^^^^^^^^^^^^^^^^^^^^^^^^
  File "/Users/oskarherlitz/miniconda3/envs/petase-colabfold/lib/python3.11/site-packages/colabfold/batch.py", line 781, in get_msa_and_templates
    template_feature = mk_template(
                       ^^^^^^^^^^^^
  File "/Users/oskarherlitz/miniconda3/envs/petase-colabfold/lib/python3.11/site-packages/colabfold/batch.py", line 132, in mk_template
    hhsearch_result = hhsearch_pdb70_runner.query(a3m_lines)
                      ^^^^^^^^^^^^^^^^^^^^^^^^^^^^^^^^^^^^^^
  File "/Users/oskarherlitz/miniconda3/envs/petase-colabfold/lib/python3.11/site-packages/alphafold/data/tools/hhsearch.py", line 86, in query
    process = subprocess.Popen(
              ^^^^^^^^^^^^^^^^^
  File "/Users/oskarherlitz/miniconda3/envs/petase-colabfold/lib/python3.11/subprocess.py", line 1026, in __init__
    self._execute_child(args, executable, preexec_fn, close_fds,
  File "/Users/oskarherlitz/miniconda3/envs/petase-colabfold/lib/python3.11/subprocess.py", line 1955, in _execute_child
    raise child_exception_type(errno_num, err_msg, err_filename)
FileNotFoundError: [Errno 2] No such file or directory: 'hhsearch'
2026-01-01 03:16:45,778 Query 48/68: candidate_48 (length 263)
2026-01-01 03:16:46,476 Sleeping for 9s. Reason: PENDING
2026-01-01 03:16:56,135 Sleeping for 6s. Reason: RUNNING
2026-01-01 03:17:02,783 Sleeping for 8s. Reason: RUNNING
2026-01-01 03:17:11,443 Sleeping for 9s. Reason: RUNNING
2026-01-01 03:17:21,078 Sleeping for 5s. Reason: RUNNING
2026-01-01 03:17:26,739 Sleeping for 8s. Reason: RUNNING
2026-01-01 03:17:35,343 Sleeping for 9s. Reason: RUNNING
2026-01-01 03:17:44,959 Sleeping for 7s. Reason: RUNNING
2026-01-01 03:17:52,582 Sleeping for 5s. Reason: RUNNING
2026-01-01 03:17:58,207 Sleeping for 10s. Reason: RUNNING
2026-01-01 03:18:08,851 Sleeping for 5s. Reason: RUNNING
2026-01-01 03:18:14,484 Sleeping for 6s. Reason: RUNNING
2026-01-01 03:18:21,091 Sleeping for 7s. Reason: RUNNING
2026-01-01 03:18:28,715 Sleeping for 5s. Reason: RUNNING
2026-01-01 03:18:34,344 Sleeping for 10s. Reason: RUNNING
2026-01-01 03:18:48,918 Could not get MSA/templates for candidate_48: [Errno 2] No such file or directory: 'hhsearch'
Traceback (most recent call last):
  File "/Users/oskarherlitz/miniconda3/envs/petase-colabfold/lib/python3.11/site-packages/colabfold/batch.py", line 1453, in run
    = get_msa_and_templates(jobname, query_sequence, a3m_lines, result_dir, msa_mode, use_templates,
      ^^^^^^^^^^^^^^^^^^^^^^^^^^^^^^^^^^^^^^^^^^^^^^^^^^^^^^^^^^^^^^^^^^^^^^^^^^^^^^^^^^^^^^^^^^^^^^
  File "/Users/oskarherlitz/miniconda3/envs/petase-colabfold/lib/python3.11/site-packages/colabfold/batch.py", line 781, in get_msa_and_templates
    template_feature = mk_template(
                       ^^^^^^^^^^^^
  File "/Users/oskarherlitz/miniconda3/envs/petase-colabfold/lib/python3.11/site-packages/colabfold/batch.py", line 132, in mk_template
    hhsearch_result = hhsearch_pdb70_runner.query(a3m_lines)
                      ^^^^^^^^^^^^^^^^^^^^^^^^^^^^^^^^^^^^^^
  File "/Users/oskarherlitz/miniconda3/envs/petase-colabfold/lib/python3.11/site-packages/alphafold/data/tools/hhsearch.py", line 86, in query
    process = subprocess.Popen(
              ^^^^^^^^^^^^^^^^^
  File "/Users/oskarherlitz/miniconda3/envs/petase-colabfold/lib/python3.11/subprocess.py", line 1026, in __init__
    self._execute_child(args, executable, preexec_fn, close_fds,
  File "/Users/oskarherlitz/miniconda3/envs/petase-colabfold/lib/python3.11/subprocess.py", line 1955, in _execute_child
    raise child_exception_type(errno_num, err_msg, err_filename)
FileNotFoundError: [Errno 2] No such file or directory: 'hhsearch'
2026-01-01 03:18:48,920 Query 49/68: candidate_49 (length 263)
2026-01-01 03:18:49,556 Sleeping for 6s. Reason: PENDING
2026-01-01 03:18:56,199 Sleeping for 9s. Reason: RUNNING
2026-01-01 03:19:05,868 Sleeping for 5s. Reason: RUNNING
2026-01-01 03:19:11,856 Sleeping for 8s. Reason: RUNNING
2026-01-01 03:19:20,464 Sleeping for 7s. Reason: RUNNING
2026-01-01 03:19:28,111 Sleeping for 7s. Reason: RUNNING
2026-01-01 03:19:35,759 Sleeping for 5s. Reason: RUNNING
2026-01-01 03:19:41,439 Sleeping for 9s. Reason: RUNNING
2026-01-01 03:19:51,087 Sleeping for 8s. Reason: RUNNING
2026-01-01 03:19:59,744 Sleeping for 7s. Reason: RUNNING
2026-01-01 03:20:07,417 Sleeping for 5s. Reason: RUNNING
2026-01-01 03:20:13,079 Sleeping for 10s. Reason: RUNNING
2026-01-01 03:20:23,716 Sleeping for 9s. Reason: RUNNING
2026-01-01 03:20:33,339 Sleeping for 6s. Reason: RUNNING
2026-01-01 03:20:39,995 Sleeping for 7s. Reason: RUNNING
2026-01-01 03:20:51,536 Could not get MSA/templates for candidate_49: [Errno 2] No such file or directory: 'hhsearch'
Traceback (most recent call last):
  File "/Users/oskarherlitz/miniconda3/envs/petase-colabfold/lib/python3.11/site-packages/colabfold/batch.py", line 1453, in run
    = get_msa_and_templates(jobname, query_sequence, a3m_lines, result_dir, msa_mode, use_templates,
      ^^^^^^^^^^^^^^^^^^^^^^^^^^^^^^^^^^^^^^^^^^^^^^^^^^^^^^^^^^^^^^^^^^^^^^^^^^^^^^^^^^^^^^^^^^^^^^
  File "/Users/oskarherlitz/miniconda3/envs/petase-colabfold/lib/python3.11/site-packages/colabfold/batch.py", line 781, in get_msa_and_templates
    template_feature = mk_template(
                       ^^^^^^^^^^^^
  File "/Users/oskarherlitz/miniconda3/envs/petase-colabfold/lib/python3.11/site-packages/colabfold/batch.py", line 132, in mk_template
    hhsearch_result = hhsearch_pdb70_runner.query(a3m_lines)
                      ^^^^^^^^^^^^^^^^^^^^^^^^^^^^^^^^^^^^^^
  File "/Users/oskarherlitz/miniconda3/envs/petase-colabfold/lib/python3.11/site-packages/alphafold/data/tools/hhsearch.py", line 86, in query
    process = subprocess.Popen(
              ^^^^^^^^^^^^^^^^^
  File "/Users/oskarherlitz/miniconda3/envs/petase-colabfold/lib/python3.11/subprocess.py", line 1026, in __init__
    self._execute_child(args, executable, preexec_fn, close_fds,
  File "/Users/oskarherlitz/miniconda3/envs/petase-colabfold/lib/python3.11/subprocess.py", line 1955, in _execute_child
    raise child_exception_type(errno_num, err_msg, err_filename)
FileNotFoundError: [Errno 2] No such file or directory: 'hhsearch'
2026-01-01 03:20:51,539 Query 50/68: candidate_50 (length 263)
2026-01-01 03:20:52,151 Sleeping for 7s. Reason: PENDING
2026-01-01 03:20:59,777 Sleeping for 8s. Reason: RUNNING
2026-01-01 03:21:08,421 Sleeping for 6s. Reason: RUNNING
2026-01-01 03:21:15,076 Sleeping for 5s. Reason: RUNNING
2026-01-01 03:21:20,700 Sleeping for 6s. Reason: RUNNING
2026-01-01 03:21:27,418 Sleeping for 7s. Reason: RUNNING
2026-01-01 03:21:35,045 Sleeping for 10s. Reason: RUNNING
2026-01-01 03:21:45,711 Sleeping for 9s. Reason: RUNNING
2026-01-01 03:21:55,369 Sleeping for 8s. Reason: RUNNING
2026-01-01 03:22:03,993 Sleeping for 8s. Reason: RUNNING
2026-01-01 03:22:12,626 Sleeping for 9s. Reason: RUNNING
2026-01-01 03:22:22,301 Sleeping for 5s. Reason: RUNNING
2026-01-01 03:22:27,974 Sleeping for 8s. Reason: RUNNING
2026-01-01 03:22:36,638 Sleeping for 8s. Reason: RUNNING
2026-01-01 03:22:45,263 Sleeping for 5s. Reason: RUNNING
2026-01-01 03:22:55,133 Could not get MSA/templates for candidate_50: [Errno 2] No such file or directory: 'hhsearch'
Traceback (most recent call last):
  File "/Users/oskarherlitz/miniconda3/envs/petase-colabfold/lib/python3.11/site-packages/colabfold/batch.py", line 1453, in run
    = get_msa_and_templates(jobname, query_sequence, a3m_lines, result_dir, msa_mode, use_templates,
      ^^^^^^^^^^^^^^^^^^^^^^^^^^^^^^^^^^^^^^^^^^^^^^^^^^^^^^^^^^^^^^^^^^^^^^^^^^^^^^^^^^^^^^^^^^^^^^
  File "/Users/oskarherlitz/miniconda3/envs/petase-colabfold/lib/python3.11/site-packages/colabfold/batch.py", line 781, in get_msa_and_templates
    template_feature = mk_template(
                       ^^^^^^^^^^^^
  File "/Users/oskarherlitz/miniconda3/envs/petase-colabfold/lib/python3.11/site-packages/colabfold/batch.py", line 132, in mk_template
    hhsearch_result = hhsearch_pdb70_runner.query(a3m_lines)
                      ^^^^^^^^^^^^^^^^^^^^^^^^^^^^^^^^^^^^^^
  File "/Users/oskarherlitz/miniconda3/envs/petase-colabfold/lib/python3.11/site-packages/alphafold/data/tools/hhsearch.py", line 86, in query
    process = subprocess.Popen(
              ^^^^^^^^^^^^^^^^^
  File "/Users/oskarherlitz/miniconda3/envs/petase-colabfold/lib/python3.11/subprocess.py", line 1026, in __init__
    self._execute_child(args, executable, preexec_fn, close_fds,
  File "/Users/oskarherlitz/miniconda3/envs/petase-colabfold/lib/python3.11/subprocess.py", line 1955, in _execute_child
    raise child_exception_type(errno_num, err_msg, err_filename)
FileNotFoundError: [Errno 2] No such file or directory: 'hhsearch'
2026-01-01 03:22:55,135 Query 51/68: candidate_51 (length 263)
2026-01-01 03:22:55,779 Sleeping for 5s. Reason: PENDING
2026-01-01 03:23:01,397 Sleeping for 8s. Reason: RUNNING
2026-01-01 03:23:10,053 Sleeping for 7s. Reason: RUNNING
2026-01-01 03:23:17,669 Sleeping for 8s. Reason: RUNNING
2026-01-01 03:23:26,381 Sleeping for 7s. Reason: RUNNING
2026-01-01 03:23:34,030 Sleeping for 7s. Reason: RUNNING
2026-01-01 03:23:41,665 Sleeping for 6s. Reason: RUNNING
2026-01-01 03:23:48,316 Sleeping for 8s. Reason: RUNNING
2026-01-01 03:23:56,931 Sleeping for 6s. Reason: RUNNING
2026-01-01 03:24:03,590 Sleeping for 8s. Reason: RUNNING
2026-01-01 03:24:12,248 Sleeping for 9s. Reason: RUNNING
2026-01-01 03:24:21,910 Sleeping for 10s. Reason: RUNNING
2026-01-01 03:24:32,539 Sleeping for 10s. Reason: RUNNING
2026-01-01 03:24:43,159 Sleeping for 5s. Reason: RUNNING
2026-01-01 03:24:48,851 Sleeping for 10s. Reason: RUNNING
2026-01-01 03:25:03,420 Could not get MSA/templates for candidate_51: [Errno 2] No such file or directory: 'hhsearch'
Traceback (most recent call last):
  File "/Users/oskarherlitz/miniconda3/envs/petase-colabfold/lib/python3.11/site-packages/colabfold/batch.py", line 1453, in run
    = get_msa_and_templates(jobname, query_sequence, a3m_lines, result_dir, msa_mode, use_templates,
      ^^^^^^^^^^^^^^^^^^^^^^^^^^^^^^^^^^^^^^^^^^^^^^^^^^^^^^^^^^^^^^^^^^^^^^^^^^^^^^^^^^^^^^^^^^^^^^
  File "/Users/oskarherlitz/miniconda3/envs/petase-colabfold/lib/python3.11/site-packages/colabfold/batch.py", line 781, in get_msa_and_templates
    template_feature = mk_template(
                       ^^^^^^^^^^^^
  File "/Users/oskarherlitz/miniconda3/envs/petase-colabfold/lib/python3.11/site-packages/colabfold/batch.py", line 132, in mk_template
    hhsearch_result = hhsearch_pdb70_runner.query(a3m_lines)
                      ^^^^^^^^^^^^^^^^^^^^^^^^^^^^^^^^^^^^^^
  File "/Users/oskarherlitz/miniconda3/envs/petase-colabfold/lib/python3.11/site-packages/alphafold/data/tools/hhsearch.py", line 86, in query
    process = subprocess.Popen(
              ^^^^^^^^^^^^^^^^^
  File "/Users/oskarherlitz/miniconda3/envs/petase-colabfold/lib/python3.11/subprocess.py", line 1026, in __init__
    self._execute_child(args, executable, preexec_fn, close_fds,
  File "/Users/oskarherlitz/miniconda3/envs/petase-colabfold/lib/python3.11/subprocess.py", line 1955, in _execute_child
    raise child_exception_type(errno_num, err_msg, err_filename)
FileNotFoundError: [Errno 2] No such file or directory: 'hhsearch'
2026-01-01 03:25:03,422 Query 52/68: candidate_52 (length 263)
2026-01-01 03:25:04,018 Sleeping for 10s. Reason: PENDING
2026-01-01 03:25:14,764 Sleeping for 8s. Reason: RUNNING
2026-01-01 03:25:23,410 Sleeping for 5s. Reason: RUNNING
2026-01-01 03:25:29,083 Sleeping for 8s. Reason: RUNNING
2026-01-01 03:25:37,704 Sleeping for 8s. Reason: RUNNING
2026-01-01 03:25:46,347 Sleeping for 7s. Reason: RUNNING
2026-01-01 03:25:53,978 Sleeping for 8s. Reason: RUNNING
2026-01-01 03:26:02,678 Sleeping for 6s. Reason: RUNNING
2026-01-01 03:26:09,459 Sleeping for 10s. Reason: RUNNING
2026-01-01 03:26:20,100 Sleeping for 9s. Reason: RUNNING
2026-01-01 03:26:29,736 Sleeping for 9s. Reason: RUNNING
2026-01-01 03:26:39,399 Sleeping for 8s. Reason: RUNNING
2026-01-01 03:26:48,040 Sleeping for 9s. Reason: RUNNING
2026-01-01 03:26:57,750 Sleeping for 5s. Reason: RUNNING
2026-01-01 03:27:07,723 Could not get MSA/templates for candidate_52: [Errno 2] No such file or directory: 'hhsearch'
Traceback (most recent call last):
  File "/Users/oskarherlitz/miniconda3/envs/petase-colabfold/lib/python3.11/site-packages/colabfold/batch.py", line 1453, in run
    = get_msa_and_templates(jobname, query_sequence, a3m_lines, result_dir, msa_mode, use_templates,
      ^^^^^^^^^^^^^^^^^^^^^^^^^^^^^^^^^^^^^^^^^^^^^^^^^^^^^^^^^^^^^^^^^^^^^^^^^^^^^^^^^^^^^^^^^^^^^^
  File "/Users/oskarherlitz/miniconda3/envs/petase-colabfold/lib/python3.11/site-packages/colabfold/batch.py", line 781, in get_msa_and_templates
    template_feature = mk_template(
                       ^^^^^^^^^^^^
  File "/Users/oskarherlitz/miniconda3/envs/petase-colabfold/lib/python3.11/site-packages/colabfold/batch.py", line 132, in mk_template
    hhsearch_result = hhsearch_pdb70_runner.query(a3m_lines)
                      ^^^^^^^^^^^^^^^^^^^^^^^^^^^^^^^^^^^^^^
  File "/Users/oskarherlitz/miniconda3/envs/petase-colabfold/lib/python3.11/site-packages/alphafold/data/tools/hhsearch.py", line 86, in query
    process = subprocess.Popen(
              ^^^^^^^^^^^^^^^^^
  File "/Users/oskarherlitz/miniconda3/envs/petase-colabfold/lib/python3.11/subprocess.py", line 1026, in __init__
    self._execute_child(args, executable, preexec_fn, close_fds,
  File "/Users/oskarherlitz/miniconda3/envs/petase-colabfold/lib/python3.11/subprocess.py", line 1955, in _execute_child
    raise child_exception_type(errno_num, err_msg, err_filename)
FileNotFoundError: [Errno 2] No such file or directory: 'hhsearch'
2026-01-01 03:27:07,726 Query 53/68: candidate_53 (length 263)
2026-01-01 03:27:08,406 Sleeping for 10s. Reason: PENDING
2026-01-01 03:27:19,090 Sleeping for 5s. Reason: RUNNING
2026-01-01 03:27:24,766 Sleeping for 10s. Reason: RUNNING
2026-01-01 03:27:35,438 Sleeping for 10s. Reason: RUNNING
2026-01-01 03:27:46,079 Sleeping for 9s. Reason: RUNNING
2026-01-01 03:27:55,688 Sleeping for 6s. Reason: RUNNING
2026-01-01 03:28:02,338 Sleeping for 8s. Reason: RUNNING
2026-01-01 03:28:11,049 Sleeping for 7s. Reason: RUNNING
2026-01-01 03:28:18,674 Sleeping for 9s. Reason: RUNNING
2026-01-01 03:28:28,333 Sleeping for 10s. Reason: RUNNING
2026-01-01 03:28:38,949 Sleeping for 7s. Reason: RUNNING
2026-01-01 03:28:46,594 Sleeping for 6s. Reason: RUNNING
2026-01-01 03:28:53,218 Sleeping for 5s. Reason: RUNNING
2026-01-01 03:28:58,857 Sleeping for 10s. Reason: RUNNING
2026-01-01 03:29:13,689 Could not get MSA/templates for candidate_53: [Errno 2] No such file or directory: 'hhsearch'
Traceback (most recent call last):
  File "/Users/oskarherlitz/miniconda3/envs/petase-colabfold/lib/python3.11/site-packages/colabfold/batch.py", line 1453, in run
    = get_msa_and_templates(jobname, query_sequence, a3m_lines, result_dir, msa_mode, use_templates,
      ^^^^^^^^^^^^^^^^^^^^^^^^^^^^^^^^^^^^^^^^^^^^^^^^^^^^^^^^^^^^^^^^^^^^^^^^^^^^^^^^^^^^^^^^^^^^^^
  File "/Users/oskarherlitz/miniconda3/envs/petase-colabfold/lib/python3.11/site-packages/colabfold/batch.py", line 781, in get_msa_and_templates
    template_feature = mk_template(
                       ^^^^^^^^^^^^
  File "/Users/oskarherlitz/miniconda3/envs/petase-colabfold/lib/python3.11/site-packages/colabfold/batch.py", line 132, in mk_template
    hhsearch_result = hhsearch_pdb70_runner.query(a3m_lines)
                      ^^^^^^^^^^^^^^^^^^^^^^^^^^^^^^^^^^^^^^
  File "/Users/oskarherlitz/miniconda3/envs/petase-colabfold/lib/python3.11/site-packages/alphafold/data/tools/hhsearch.py", line 86, in query
    process = subprocess.Popen(
              ^^^^^^^^^^^^^^^^^
  File "/Users/oskarherlitz/miniconda3/envs/petase-colabfold/lib/python3.11/subprocess.py", line 1026, in __init__
    self._execute_child(args, executable, preexec_fn, close_fds,
  File "/Users/oskarherlitz/miniconda3/envs/petase-colabfold/lib/python3.11/subprocess.py", line 1955, in _execute_child
    raise child_exception_type(errno_num, err_msg, err_filename)
FileNotFoundError: [Errno 2] No such file or directory: 'hhsearch'
2026-01-01 03:29:13,691 Query 54/68: candidate_54 (length 263)
2026-01-01 03:29:14,389 Sleeping for 5s. Reason: PENDING
2026-01-01 03:29:20,048 Sleeping for 8s. Reason: RUNNING
2026-01-01 03:29:28,678 Sleeping for 8s. Reason: RUNNING
2026-01-01 03:29:37,533 Sleeping for 6s. Reason: RUNNING
2026-01-01 03:29:44,178 Sleeping for 10s. Reason: RUNNING
2026-01-01 03:29:54,792 Sleeping for 6s. Reason: RUNNING
2026-01-01 03:30:01,438 Sleeping for 9s. Reason: RUNNING
2026-01-01 03:30:11,050 Sleeping for 7s. Reason: RUNNING
2026-01-01 03:30:18,730 Sleeping for 7s. Reason: RUNNING
2026-01-01 03:30:26,397 Sleeping for 9s. Reason: RUNNING
2026-01-01 03:30:36,076 Sleeping for 8s. Reason: RUNNING
2026-01-01 03:30:44,760 Sleeping for 9s. Reason: RUNNING
2026-01-01 03:30:54,389 Sleeping for 5s. Reason: RUNNING
2026-01-01 03:31:00,135 Sleeping for 6s. Reason: RUNNING
2026-01-01 03:31:06,806 Sleeping for 5s. Reason: RUNNING
2026-01-01 03:31:16,298 Could not get MSA/templates for candidate_54: [Errno 2] No such file or directory: 'hhsearch'
Traceback (most recent call last):
  File "/Users/oskarherlitz/miniconda3/envs/petase-colabfold/lib/python3.11/site-packages/colabfold/batch.py", line 1453, in run
    = get_msa_and_templates(jobname, query_sequence, a3m_lines, result_dir, msa_mode, use_templates,
      ^^^^^^^^^^^^^^^^^^^^^^^^^^^^^^^^^^^^^^^^^^^^^^^^^^^^^^^^^^^^^^^^^^^^^^^^^^^^^^^^^^^^^^^^^^^^^^
  File "/Users/oskarherlitz/miniconda3/envs/petase-colabfold/lib/python3.11/site-packages/colabfold/batch.py", line 781, in get_msa_and_templates
    template_feature = mk_template(
                       ^^^^^^^^^^^^
  File "/Users/oskarherlitz/miniconda3/envs/petase-colabfold/lib/python3.11/site-packages/colabfold/batch.py", line 132, in mk_template
    hhsearch_result = hhsearch_pdb70_runner.query(a3m_lines)
                      ^^^^^^^^^^^^^^^^^^^^^^^^^^^^^^^^^^^^^^
  File "/Users/oskarherlitz/miniconda3/envs/petase-colabfold/lib/python3.11/site-packages/alphafold/data/tools/hhsearch.py", line 86, in query
    process = subprocess.Popen(
              ^^^^^^^^^^^^^^^^^
  File "/Users/oskarherlitz/miniconda3/envs/petase-colabfold/lib/python3.11/subprocess.py", line 1026, in __init__
    self._execute_child(args, executable, preexec_fn, close_fds,
  File "/Users/oskarherlitz/miniconda3/envs/petase-colabfold/lib/python3.11/subprocess.py", line 1955, in _execute_child
    raise child_exception_type(errno_num, err_msg, err_filename)
FileNotFoundError: [Errno 2] No such file or directory: 'hhsearch'
2026-01-01 03:31:16,300 Query 55/68: candidate_55 (length 263)
2026-01-01 03:31:17,107 Sleeping for 7s. Reason: PENDING
2026-01-01 03:31:24,760 Sleeping for 10s. Reason: RUNNING
2026-01-01 03:31:35,421 Sleeping for 8s. Reason: RUNNING
2026-01-01 03:31:44,093 Sleeping for 6s. Reason: RUNNING
2026-01-01 03:31:50,717 Sleeping for 8s. Reason: RUNNING
2026-01-01 03:31:59,366 Sleeping for 7s. Reason: RUNNING
2026-01-01 03:32:06,993 Sleeping for 8s. Reason: RUNNING
2026-01-01 03:32:15,616 Sleeping for 7s. Reason: RUNNING
2026-01-01 03:32:23,265 Sleeping for 5s. Reason: RUNNING
2026-01-01 03:32:28,916 Sleeping for 6s. Reason: RUNNING
2026-01-01 03:32:35,597 Sleeping for 7s. Reason: RUNNING
2026-01-01 03:32:43,349 Sleeping for 9s. Reason: RUNNING
2026-01-01 03:32:53,019 Sleeping for 5s. Reason: RUNNING
2026-01-01 03:32:58,721 Sleeping for 10s. Reason: RUNNING
2026-01-01 03:33:09,368 Sleeping for 6s. Reason: RUNNING
2026-01-01 03:33:19,806 Could not get MSA/templates for candidate_55: [Errno 2] No such file or directory: 'hhsearch'
Traceback (most recent call last):
  File "/Users/oskarherlitz/miniconda3/envs/petase-colabfold/lib/python3.11/site-packages/colabfold/batch.py", line 1453, in run
    = get_msa_and_templates(jobname, query_sequence, a3m_lines, result_dir, msa_mode, use_templates,
      ^^^^^^^^^^^^^^^^^^^^^^^^^^^^^^^^^^^^^^^^^^^^^^^^^^^^^^^^^^^^^^^^^^^^^^^^^^^^^^^^^^^^^^^^^^^^^^
  File "/Users/oskarherlitz/miniconda3/envs/petase-colabfold/lib/python3.11/site-packages/colabfold/batch.py", line 781, in get_msa_and_templates
    template_feature = mk_template(
                       ^^^^^^^^^^^^
  File "/Users/oskarherlitz/miniconda3/envs/petase-colabfold/lib/python3.11/site-packages/colabfold/batch.py", line 132, in mk_template
    hhsearch_result = hhsearch_pdb70_runner.query(a3m_lines)
                      ^^^^^^^^^^^^^^^^^^^^^^^^^^^^^^^^^^^^^^
  File "/Users/oskarherlitz/miniconda3/envs/petase-colabfold/lib/python3.11/site-packages/alphafold/data/tools/hhsearch.py", line 86, in query
    process = subprocess.Popen(
              ^^^^^^^^^^^^^^^^^
  File "/Users/oskarherlitz/miniconda3/envs/petase-colabfold/lib/python3.11/subprocess.py", line 1026, in __init__
    self._execute_child(args, executable, preexec_fn, close_fds,
  File "/Users/oskarherlitz/miniconda3/envs/petase-colabfold/lib/python3.11/subprocess.py", line 1955, in _execute_child
    raise child_exception_type(errno_num, err_msg, err_filename)
FileNotFoundError: [Errno 2] No such file or directory: 'hhsearch'
2026-01-01 03:33:19,809 Query 56/68: candidate_56 (length 263)
2026-01-01 03:33:20,489 Sleeping for 10s. Reason: PENDING
2026-01-01 03:33:31,146 Sleeping for 10s. Reason: RUNNING
2026-01-01 03:33:41,762 Sleeping for 9s. Reason: RUNNING
2026-01-01 03:33:51,407 Sleeping for 5s. Reason: RUNNING
2026-01-01 03:33:57,044 Sleeping for 10s. Reason: RUNNING
2026-01-01 03:34:07,723 Sleeping for 9s. Reason: RUNNING
2026-01-01 03:34:17,414 Sleeping for 7s. Reason: RUNNING
2026-01-01 03:34:25,125 Sleeping for 6s. Reason: RUNNING
2026-01-01 03:34:31,820 Sleeping for 9s. Reason: RUNNING
2026-01-01 03:34:41,507 Sleeping for 7s. Reason: RUNNING
2026-01-01 03:34:49,281 Sleeping for 6s. Reason: RUNNING
2026-01-01 03:34:55,937 Sleeping for 10s. Reason: RUNNING
2026-01-01 03:35:06,552 Sleeping for 8s. Reason: RUNNING
2026-01-01 03:35:22,741 Could not get MSA/templates for candidate_56: [Errno 2] No such file or directory: 'hhsearch'
Traceback (most recent call last):
  File "/Users/oskarherlitz/miniconda3/envs/petase-colabfold/lib/python3.11/site-packages/colabfold/batch.py", line 1453, in run
    = get_msa_and_templates(jobname, query_sequence, a3m_lines, result_dir, msa_mode, use_templates,
      ^^^^^^^^^^^^^^^^^^^^^^^^^^^^^^^^^^^^^^^^^^^^^^^^^^^^^^^^^^^^^^^^^^^^^^^^^^^^^^^^^^^^^^^^^^^^^^
  File "/Users/oskarherlitz/miniconda3/envs/petase-colabfold/lib/python3.11/site-packages/colabfold/batch.py", line 781, in get_msa_and_templates
    template_feature = mk_template(
                       ^^^^^^^^^^^^
  File "/Users/oskarherlitz/miniconda3/envs/petase-colabfold/lib/python3.11/site-packages/colabfold/batch.py", line 132, in mk_template
    hhsearch_result = hhsearch_pdb70_runner.query(a3m_lines)
                      ^^^^^^^^^^^^^^^^^^^^^^^^^^^^^^^^^^^^^^
  File "/Users/oskarherlitz/miniconda3/envs/petase-colabfold/lib/python3.11/site-packages/alphafold/data/tools/hhsearch.py", line 86, in query
    process = subprocess.Popen(
              ^^^^^^^^^^^^^^^^^
  File "/Users/oskarherlitz/miniconda3/envs/petase-colabfold/lib/python3.11/subprocess.py", line 1026, in __init__
    self._execute_child(args, executable, preexec_fn, close_fds,
  File "/Users/oskarherlitz/miniconda3/envs/petase-colabfold/lib/python3.11/subprocess.py", line 1955, in _execute_child
    raise child_exception_type(errno_num, err_msg, err_filename)
FileNotFoundError: [Errno 2] No such file or directory: 'hhsearch'
2026-01-01 03:35:22,742 Query 57/68: candidate_57 (length 263)
2026-01-01 03:35:23,391 Sleeping for 5s. Reason: PENDING
2026-01-01 03:35:29,065 Sleeping for 7s. Reason: RUNNING
2026-01-01 03:35:36,726 Sleeping for 10s. Reason: RUNNING
2026-01-01 03:35:47,393 Sleeping for 6s. Reason: RUNNING
2026-01-01 03:35:54,107 Sleeping for 8s. Reason: RUNNING
2026-01-01 03:36:02,709 Sleeping for 5s. Reason: RUNNING
2026-01-01 03:36:08,399 Sleeping for 10s. Reason: RUNNING
2026-01-01 03:36:19,061 Sleeping for 9s. Reason: RUNNING
2026-01-01 03:36:28,817 Sleeping for 6s. Reason: RUNNING
2026-01-01 03:36:35,447 Sleeping for 7s. Reason: RUNNING
2026-01-01 03:36:43,141 Sleeping for 9s. Reason: RUNNING
2026-01-01 03:36:52,807 Sleeping for 5s. Reason: RUNNING
2026-01-01 03:36:58,519 Sleeping for 5s. Reason: RUNNING
2026-01-01 03:37:04,162 Sleeping for 5s. Reason: RUNNING
2026-01-01 03:37:09,794 Sleeping for 9s. Reason: RUNNING
2026-01-01 03:37:29,533 Could not get MSA/templates for candidate_57: [Errno 2] No such file or directory: 'hhsearch'
Traceback (most recent call last):
  File "/Users/oskarherlitz/miniconda3/envs/petase-colabfold/lib/python3.11/site-packages/colabfold/batch.py", line 1453, in run
    = get_msa_and_templates(jobname, query_sequence, a3m_lines, result_dir, msa_mode, use_templates,
      ^^^^^^^^^^^^^^^^^^^^^^^^^^^^^^^^^^^^^^^^^^^^^^^^^^^^^^^^^^^^^^^^^^^^^^^^^^^^^^^^^^^^^^^^^^^^^^
  File "/Users/oskarherlitz/miniconda3/envs/petase-colabfold/lib/python3.11/site-packages/colabfold/batch.py", line 781, in get_msa_and_templates
    template_feature = mk_template(
                       ^^^^^^^^^^^^
  File "/Users/oskarherlitz/miniconda3/envs/petase-colabfold/lib/python3.11/site-packages/colabfold/batch.py", line 132, in mk_template
    hhsearch_result = hhsearch_pdb70_runner.query(a3m_lines)
                      ^^^^^^^^^^^^^^^^^^^^^^^^^^^^^^^^^^^^^^
  File "/Users/oskarherlitz/miniconda3/envs/petase-colabfold/lib/python3.11/site-packages/alphafold/data/tools/hhsearch.py", line 86, in query
    process = subprocess.Popen(
              ^^^^^^^^^^^^^^^^^
  File "/Users/oskarherlitz/miniconda3/envs/petase-colabfold/lib/python3.11/subprocess.py", line 1026, in __init__
    self._execute_child(args, executable, preexec_fn, close_fds,
  File "/Users/oskarherlitz/miniconda3/envs/petase-colabfold/lib/python3.11/subprocess.py", line 1955, in _execute_child
    raise child_exception_type(errno_num, err_msg, err_filename)
FileNotFoundError: [Errno 2] No such file or directory: 'hhsearch'
2026-01-01 03:37:29,535 Query 58/68: candidate_58 (length 263)
2026-01-01 03:37:30,251 Sleeping for 7s. Reason: PENDING
2026-01-01 03:37:37,964 Sleeping for 8s. Reason: RUNNING
2026-01-01 03:37:46,578 Sleeping for 5s. Reason: RUNNING
2026-01-01 03:37:52,246 Sleeping for 10s. Reason: RUNNING
2026-01-01 03:38:02,893 Sleeping for 7s. Reason: RUNNING
2026-01-01 03:38:10,560 Sleeping for 7s. Reason: RUNNING
2026-01-01 03:38:18,240 Sleeping for 5s. Reason: RUNNING
2026-01-01 03:38:23,893 Sleeping for 6s. Reason: RUNNING
2026-01-01 03:38:30,528 Sleeping for 5s. Reason: RUNNING
2026-01-01 03:38:36,138 Sleeping for 7s. Reason: RUNNING
2026-01-01 03:38:43,755 Sleeping for 9s. Reason: RUNNING
2026-01-01 03:38:53,397 Sleeping for 5s. Reason: RUNNING
2026-01-01 03:38:59,034 Sleeping for 6s. Reason: RUNNING
2026-01-01 03:39:05,666 Sleeping for 9s. Reason: RUNNING
2026-01-01 03:39:15,321 Sleeping for 6s. Reason: RUNNING
2026-01-01 03:39:22,115 Sleeping for 8s. Reason: RUNNING
2026-01-01 03:39:34,803 Could not get MSA/templates for candidate_58: [Errno 2] No such file or directory: 'hhsearch'
Traceback (most recent call last):
  File "/Users/oskarherlitz/miniconda3/envs/petase-colabfold/lib/python3.11/site-packages/colabfold/batch.py", line 1453, in run
    = get_msa_and_templates(jobname, query_sequence, a3m_lines, result_dir, msa_mode, use_templates,
      ^^^^^^^^^^^^^^^^^^^^^^^^^^^^^^^^^^^^^^^^^^^^^^^^^^^^^^^^^^^^^^^^^^^^^^^^^^^^^^^^^^^^^^^^^^^^^^
  File "/Users/oskarherlitz/miniconda3/envs/petase-colabfold/lib/python3.11/site-packages/colabfold/batch.py", line 781, in get_msa_and_templates
    template_feature = mk_template(
                       ^^^^^^^^^^^^
  File "/Users/oskarherlitz/miniconda3/envs/petase-colabfold/lib/python3.11/site-packages/colabfold/batch.py", line 132, in mk_template
    hhsearch_result = hhsearch_pdb70_runner.query(a3m_lines)
                      ^^^^^^^^^^^^^^^^^^^^^^^^^^^^^^^^^^^^^^
  File "/Users/oskarherlitz/miniconda3/envs/petase-colabfold/lib/python3.11/site-packages/alphafold/data/tools/hhsearch.py", line 86, in query
    process = subprocess.Popen(
              ^^^^^^^^^^^^^^^^^
  File "/Users/oskarherlitz/miniconda3/envs/petase-colabfold/lib/python3.11/subprocess.py", line 1026, in __init__
    self._execute_child(args, executable, preexec_fn, close_fds,
  File "/Users/oskarherlitz/miniconda3/envs/petase-colabfold/lib/python3.11/subprocess.py", line 1955, in _execute_child
    raise child_exception_type(errno_num, err_msg, err_filename)
FileNotFoundError: [Errno 2] No such file or directory: 'hhsearch'
2026-01-01 03:39:34,806 Query 59/68: candidate_59 (length 263)
2026-01-01 03:39:35,440 Sleeping for 10s. Reason: PENDING
2026-01-01 03:39:46,094 Sleeping for 10s. Reason: RUNNING
2026-01-01 03:39:56,771 Sleeping for 7s. Reason: RUNNING
2026-01-01 03:40:04,393 Sleeping for 9s. Reason: RUNNING
2026-01-01 03:40:14,061 Sleeping for 10s. Reason: RUNNING
2026-01-01 03:40:24,677 Sleeping for 9s. Reason: RUNNING
2026-01-01 03:40:34,311 Sleeping for 10s. Reason: RUNNING
2026-01-01 03:40:44,984 Sleeping for 5s. Reason: RUNNING
2026-01-01 03:40:50,647 Sleeping for 10s. Reason: RUNNING
2026-01-01 03:41:01,273 Sleeping for 6s. Reason: RUNNING
2026-01-01 03:41:07,928 Sleeping for 5s. Reason: RUNNING
2026-01-01 03:41:13,561 Sleeping for 7s. Reason: RUNNING
2026-01-01 03:41:24,987 Could not get MSA/templates for candidate_59: [Errno 2] No such file or directory: 'hhsearch'
Traceback (most recent call last):
  File "/Users/oskarherlitz/miniconda3/envs/petase-colabfold/lib/python3.11/site-packages/colabfold/batch.py", line 1453, in run
    = get_msa_and_templates(jobname, query_sequence, a3m_lines, result_dir, msa_mode, use_templates,
      ^^^^^^^^^^^^^^^^^^^^^^^^^^^^^^^^^^^^^^^^^^^^^^^^^^^^^^^^^^^^^^^^^^^^^^^^^^^^^^^^^^^^^^^^^^^^^^
  File "/Users/oskarherlitz/miniconda3/envs/petase-colabfold/lib/python3.11/site-packages/colabfold/batch.py", line 781, in get_msa_and_templates
    template_feature = mk_template(
                       ^^^^^^^^^^^^
  File "/Users/oskarherlitz/miniconda3/envs/petase-colabfold/lib/python3.11/site-packages/colabfold/batch.py", line 132, in mk_template
    hhsearch_result = hhsearch_pdb70_runner.query(a3m_lines)
                      ^^^^^^^^^^^^^^^^^^^^^^^^^^^^^^^^^^^^^^
  File "/Users/oskarherlitz/miniconda3/envs/petase-colabfold/lib/python3.11/site-packages/alphafold/data/tools/hhsearch.py", line 86, in query
    process = subprocess.Popen(
              ^^^^^^^^^^^^^^^^^
  File "/Users/oskarherlitz/miniconda3/envs/petase-colabfold/lib/python3.11/subprocess.py", line 1026, in __init__
    self._execute_child(args, executable, preexec_fn, close_fds,
  File "/Users/oskarherlitz/miniconda3/envs/petase-colabfold/lib/python3.11/subprocess.py", line 1955, in _execute_child
    raise child_exception_type(errno_num, err_msg, err_filename)
FileNotFoundError: [Errno 2] No such file or directory: 'hhsearch'
2026-01-01 03:41:24,989 Query 60/68: candidate_60 (length 263)
2026-01-01 03:41:25,643 Sleeping for 9s. Reason: PENDING
2026-01-01 03:41:35,335 Sleeping for 5s. Reason: RUNNING
2026-01-01 03:41:40,998 Sleeping for 5s. Reason: RUNNING
2026-01-01 03:41:46,874 Sleeping for 9s. Reason: RUNNING
2026-01-01 03:41:56,517 Sleeping for 8s. Reason: RUNNING
2026-01-01 03:42:05,211 Sleeping for 8s. Reason: RUNNING
2026-01-01 03:42:13,923 Sleeping for 9s. Reason: RUNNING
2026-01-01 03:42:23,644 Sleeping for 8s. Reason: RUNNING
2026-01-01 03:42:32,292 Sleeping for 6s. Reason: RUNNING
2026-01-01 03:42:38,978 Sleeping for 10s. Reason: RUNNING
2026-01-01 03:42:49,575 Sleeping for 10s. Reason: RUNNING
2026-01-01 03:43:00,203 Sleeping for 6s. Reason: RUNNING
2026-01-01 03:43:06,832 Sleeping for 8s. Reason: RUNNING
2026-01-01 03:43:24,418 Could not get MSA/templates for candidate_60: [Errno 2] No such file or directory: 'hhsearch'
Traceback (most recent call last):
  File "/Users/oskarherlitz/miniconda3/envs/petase-colabfold/lib/python3.11/site-packages/colabfold/batch.py", line 1453, in run
    = get_msa_and_templates(jobname, query_sequence, a3m_lines, result_dir, msa_mode, use_templates,
      ^^^^^^^^^^^^^^^^^^^^^^^^^^^^^^^^^^^^^^^^^^^^^^^^^^^^^^^^^^^^^^^^^^^^^^^^^^^^^^^^^^^^^^^^^^^^^^
  File "/Users/oskarherlitz/miniconda3/envs/petase-colabfold/lib/python3.11/site-packages/colabfold/batch.py", line 781, in get_msa_and_templates
    template_feature = mk_template(
                       ^^^^^^^^^^^^
  File "/Users/oskarherlitz/miniconda3/envs/petase-colabfold/lib/python3.11/site-packages/colabfold/batch.py", line 132, in mk_template
    hhsearch_result = hhsearch_pdb70_runner.query(a3m_lines)
                      ^^^^^^^^^^^^^^^^^^^^^^^^^^^^^^^^^^^^^^
  File "/Users/oskarherlitz/miniconda3/envs/petase-colabfold/lib/python3.11/site-packages/alphafold/data/tools/hhsearch.py", line 86, in query
    process = subprocess.Popen(
              ^^^^^^^^^^^^^^^^^
  File "/Users/oskarherlitz/miniconda3/envs/petase-colabfold/lib/python3.11/subprocess.py", line 1026, in __init__
    self._execute_child(args, executable, preexec_fn, close_fds,
  File "/Users/oskarherlitz/miniconda3/envs/petase-colabfold/lib/python3.11/subprocess.py", line 1955, in _execute_child
    raise child_exception_type(errno_num, err_msg, err_filename)
FileNotFoundError: [Errno 2] No such file or directory: 'hhsearch'
2026-01-01 03:43:24,421 Query 61/68: candidate_61 (length 263)
2026-01-01 03:43:25,049 Sleeping for 7s. Reason: PENDING
2026-01-01 03:43:32,720 Sleeping for 5s. Reason: RUNNING
2026-01-01 03:43:39,099 Sleeping for 6s. Reason: RUNNING
2026-01-01 03:43:45,741 Sleeping for 6s. Reason: RUNNING
2026-01-01 03:43:52,407 Sleeping for 9s. Reason: RUNNING
2026-01-01 03:44:02,093 Sleeping for 8s. Reason: RUNNING
2026-01-01 03:44:10,711 Sleeping for 10s. Reason: RUNNING
2026-01-01 03:44:21,353 Sleeping for 6s. Reason: RUNNING
2026-01-01 03:44:27,995 Sleeping for 9s. Reason: RUNNING
2026-01-01 03:44:37,677 Sleeping for 10s. Reason: RUNNING
2026-01-01 03:44:48,328 Sleeping for 9s. Reason: RUNNING
2026-01-01 03:44:57,994 Sleeping for 5s. Reason: RUNNING
2026-01-01 03:45:03,649 Sleeping for 8s. Reason: RUNNING
2026-01-01 03:45:14,923 Sleeping for 8s. Reason: RUNNING
2026-01-01 03:45:29,118 Could not get MSA/templates for candidate_61: [Errno 2] No such file or directory: 'hhsearch'
Traceback (most recent call last):
  File "/Users/oskarherlitz/miniconda3/envs/petase-colabfold/lib/python3.11/site-packages/colabfold/batch.py", line 1453, in run
    = get_msa_and_templates(jobname, query_sequence, a3m_lines, result_dir, msa_mode, use_templates,
      ^^^^^^^^^^^^^^^^^^^^^^^^^^^^^^^^^^^^^^^^^^^^^^^^^^^^^^^^^^^^^^^^^^^^^^^^^^^^^^^^^^^^^^^^^^^^^^
  File "/Users/oskarherlitz/miniconda3/envs/petase-colabfold/lib/python3.11/site-packages/colabfold/batch.py", line 781, in get_msa_and_templates
    template_feature = mk_template(
                       ^^^^^^^^^^^^
  File "/Users/oskarherlitz/miniconda3/envs/petase-colabfold/lib/python3.11/site-packages/colabfold/batch.py", line 132, in mk_template
    hhsearch_result = hhsearch_pdb70_runner.query(a3m_lines)
                      ^^^^^^^^^^^^^^^^^^^^^^^^^^^^^^^^^^^^^^
  File "/Users/oskarherlitz/miniconda3/envs/petase-colabfold/lib/python3.11/site-packages/alphafold/data/tools/hhsearch.py", line 86, in query
    process = subprocess.Popen(
              ^^^^^^^^^^^^^^^^^
  File "/Users/oskarherlitz/miniconda3/envs/petase-colabfold/lib/python3.11/subprocess.py", line 1026, in __init__
    self._execute_child(args, executable, preexec_fn, close_fds,
  File "/Users/oskarherlitz/miniconda3/envs/petase-colabfold/lib/python3.11/subprocess.py", line 1955, in _execute_child
    raise child_exception_type(errno_num, err_msg, err_filename)
FileNotFoundError: [Errno 2] No such file or directory: 'hhsearch'
2026-01-01 03:45:29,121 Query 62/68: candidate_62 (length 263)
2026-01-01 03:45:29,734 Sleeping for 7s. Reason: PENDING
2026-01-01 03:45:42,775 Timeout while fetching status from MSA server. Retrying...
2026-01-01 03:45:43,517 Sleeping for 5s. Reason: RUNNING
2026-01-01 03:45:49,165 Sleeping for 10s. Reason: RUNNING
2026-01-01 03:45:59,812 Sleeping for 5s. Reason: RUNNING
2026-01-01 03:46:05,450 Sleeping for 8s. Reason: RUNNING
2026-01-01 03:46:14,089 Sleeping for 9s. Reason: RUNNING
2026-01-01 03:46:23,759 Sleeping for 7s. Reason: RUNNING
2026-01-01 03:46:31,399 Sleeping for 10s. Reason: RUNNING
2026-01-01 03:46:42,033 Sleeping for 9s. Reason: RUNNING
2026-01-01 03:46:51,648 Sleeping for 6s. Reason: RUNNING
2026-01-01 03:46:58,322 Sleeping for 6s. Reason: RUNNING
2026-01-01 03:47:04,980 Sleeping for 10s. Reason: RUNNING
2026-01-01 03:47:15,663 Sleeping for 7s. Reason: RUNNING
2026-01-01 03:47:33,448 Could not get MSA/templates for candidate_62: [Errno 2] No such file or directory: 'hhsearch'
Traceback (most recent call last):
  File "/Users/oskarherlitz/miniconda3/envs/petase-colabfold/lib/python3.11/site-packages/colabfold/batch.py", line 1453, in run
    = get_msa_and_templates(jobname, query_sequence, a3m_lines, result_dir, msa_mode, use_templates,
      ^^^^^^^^^^^^^^^^^^^^^^^^^^^^^^^^^^^^^^^^^^^^^^^^^^^^^^^^^^^^^^^^^^^^^^^^^^^^^^^^^^^^^^^^^^^^^^
  File "/Users/oskarherlitz/miniconda3/envs/petase-colabfold/lib/python3.11/site-packages/colabfold/batch.py", line 781, in get_msa_and_templates
    template_feature = mk_template(
                       ^^^^^^^^^^^^
  File "/Users/oskarherlitz/miniconda3/envs/petase-colabfold/lib/python3.11/site-packages/colabfold/batch.py", line 132, in mk_template
    hhsearch_result = hhsearch_pdb70_runner.query(a3m_lines)
                      ^^^^^^^^^^^^^^^^^^^^^^^^^^^^^^^^^^^^^^
  File "/Users/oskarherlitz/miniconda3/envs/petase-colabfold/lib/python3.11/site-packages/alphafold/data/tools/hhsearch.py", line 86, in query
    process = subprocess.Popen(
              ^^^^^^^^^^^^^^^^^
  File "/Users/oskarherlitz/miniconda3/envs/petase-colabfold/lib/python3.11/subprocess.py", line 1026, in __init__
    self._execute_child(args, executable, preexec_fn, close_fds,
  File "/Users/oskarherlitz/miniconda3/envs/petase-colabfold/lib/python3.11/subprocess.py", line 1955, in _execute_child
    raise child_exception_type(errno_num, err_msg, err_filename)
FileNotFoundError: [Errno 2] No such file or directory: 'hhsearch'
2026-01-01 03:47:33,449 Query 63/68: candidate_63 (length 263)
2026-01-01 03:47:34,118 Sleeping for 8s. Reason: PENDING
2026-01-01 03:47:42,718 Sleeping for 9s. Reason: RUNNING
2026-01-01 03:47:52,427 Sleeping for 5s. Reason: RUNNING
2026-01-01 03:47:58,052 Sleeping for 5s. Reason: RUNNING
2026-01-01 03:48:03,748 Sleeping for 8s. Reason: RUNNING
2026-01-01 03:48:13,368 Sleeping for 10s. Reason: RUNNING
2026-01-01 03:48:24,032 Sleeping for 8s. Reason: RUNNING
2026-01-01 03:48:32,660 Sleeping for 8s. Reason: RUNNING
2026-01-01 03:48:41,284 Sleeping for 5s. Reason: RUNNING
2026-01-01 03:48:46,979 Sleeping for 5s. Reason: RUNNING
2026-01-01 03:48:52,636 Sleeping for 9s. Reason: RUNNING
2026-01-01 03:49:02,324 Sleeping for 10s. Reason: RUNNING
2026-01-01 03:49:12,967 Sleeping for 8s. Reason: RUNNING
2026-01-01 03:49:21,659 Sleeping for 9s. Reason: RUNNING
2026-01-01 03:49:34,931 Could not get MSA/templates for candidate_63: [Errno 2] No such file or directory: 'hhsearch'
Traceback (most recent call last):
  File "/Users/oskarherlitz/miniconda3/envs/petase-colabfold/lib/python3.11/site-packages/colabfold/batch.py", line 1453, in run
    = get_msa_and_templates(jobname, query_sequence, a3m_lines, result_dir, msa_mode, use_templates,
      ^^^^^^^^^^^^^^^^^^^^^^^^^^^^^^^^^^^^^^^^^^^^^^^^^^^^^^^^^^^^^^^^^^^^^^^^^^^^^^^^^^^^^^^^^^^^^^
  File "/Users/oskarherlitz/miniconda3/envs/petase-colabfold/lib/python3.11/site-packages/colabfold/batch.py", line 781, in get_msa_and_templates
    template_feature = mk_template(
                       ^^^^^^^^^^^^
  File "/Users/oskarherlitz/miniconda3/envs/petase-colabfold/lib/python3.11/site-packages/colabfold/batch.py", line 132, in mk_template
    hhsearch_result = hhsearch_pdb70_runner.query(a3m_lines)
                      ^^^^^^^^^^^^^^^^^^^^^^^^^^^^^^^^^^^^^^
  File "/Users/oskarherlitz/miniconda3/envs/petase-colabfold/lib/python3.11/site-packages/alphafold/data/tools/hhsearch.py", line 86, in query
    process = subprocess.Popen(
              ^^^^^^^^^^^^^^^^^
  File "/Users/oskarherlitz/miniconda3/envs/petase-colabfold/lib/python3.11/subprocess.py", line 1026, in __init__
    self._execute_child(args, executable, preexec_fn, close_fds,
  File "/Users/oskarherlitz/miniconda3/envs/petase-colabfold/lib/python3.11/subprocess.py", line 1955, in _execute_child
    raise child_exception_type(errno_num, err_msg, err_filename)
FileNotFoundError: [Errno 2] No such file or directory: 'hhsearch'
2026-01-01 03:49:34,933 Query 64/68: candidate_64 (length 263)
2026-01-01 03:49:35,578 Sleeping for 5s. Reason: PENDING
2026-01-01 03:49:41,256 Sleeping for 7s. Reason: RUNNING
2026-01-01 03:49:48,922 Sleeping for 9s. Reason: RUNNING
2026-01-01 03:49:58,606 Sleeping for 10s. Reason: RUNNING
2026-01-01 03:50:09,246 Sleeping for 7s. Reason: RUNNING
2026-01-01 03:50:16,870 Sleeping for 7s. Reason: RUNNING
2026-01-01 03:50:24,571 Sleeping for 9s. Reason: RUNNING
2026-01-01 03:50:34,192 Sleeping for 6s. Reason: RUNNING
2026-01-01 03:50:40,835 Sleeping for 8s. Reason: RUNNING
2026-01-01 03:50:49,475 Sleeping for 7s. Reason: RUNNING
2026-01-01 03:50:57,107 Sleeping for 10s. Reason: RUNNING
2026-01-01 03:51:07,768 Sleeping for 8s. Reason: RUNNING
2026-01-01 03:51:16,998 Sleeping for 6s. Reason: RUNNING
2026-01-01 03:51:23,624 Sleeping for 9s. Reason: RUNNING
2026-01-01 03:51:43,605 Could not get MSA/templates for candidate_64: [Errno 2] No such file or directory: 'hhsearch'
Traceback (most recent call last):
  File "/Users/oskarherlitz/miniconda3/envs/petase-colabfold/lib/python3.11/site-packages/colabfold/batch.py", line 1453, in run
    = get_msa_and_templates(jobname, query_sequence, a3m_lines, result_dir, msa_mode, use_templates,
      ^^^^^^^^^^^^^^^^^^^^^^^^^^^^^^^^^^^^^^^^^^^^^^^^^^^^^^^^^^^^^^^^^^^^^^^^^^^^^^^^^^^^^^^^^^^^^^
  File "/Users/oskarherlitz/miniconda3/envs/petase-colabfold/lib/python3.11/site-packages/colabfold/batch.py", line 781, in get_msa_and_templates
    template_feature = mk_template(
                       ^^^^^^^^^^^^
  File "/Users/oskarherlitz/miniconda3/envs/petase-colabfold/lib/python3.11/site-packages/colabfold/batch.py", line 132, in mk_template
    hhsearch_result = hhsearch_pdb70_runner.query(a3m_lines)
                      ^^^^^^^^^^^^^^^^^^^^^^^^^^^^^^^^^^^^^^
  File "/Users/oskarherlitz/miniconda3/envs/petase-colabfold/lib/python3.11/site-packages/alphafold/data/tools/hhsearch.py", line 86, in query
    process = subprocess.Popen(
              ^^^^^^^^^^^^^^^^^
  File "/Users/oskarherlitz/miniconda3/envs/petase-colabfold/lib/python3.11/subprocess.py", line 1026, in __init__
    self._execute_child(args, executable, preexec_fn, close_fds,
  File "/Users/oskarherlitz/miniconda3/envs/petase-colabfold/lib/python3.11/subprocess.py", line 1955, in _execute_child
    raise child_exception_type(errno_num, err_msg, err_filename)
FileNotFoundError: [Errno 2] No such file or directory: 'hhsearch'
2026-01-01 03:51:43,608 Query 65/68: candidate_65 (length 263)
2026-01-01 03:51:44,329 Sleeping for 10s. Reason: PENDING
2026-01-01 03:51:54,990 Sleeping for 7s. Reason: RUNNING
2026-01-01 03:52:02,618 Sleeping for 7s. Reason: RUNNING
2026-01-01 03:52:10,224 Sleeping for 5s. Reason: RUNNING
2026-01-01 03:52:15,847 Sleeping for 9s. Reason: RUNNING
2026-01-01 03:52:25,460 Sleeping for 9s. Reason: RUNNING
2026-01-01 03:52:35,140 Sleeping for 6s. Reason: RUNNING
2026-01-01 03:52:41,779 Sleeping for 9s. Reason: RUNNING
2026-01-01 03:52:51,431 Sleeping for 6s. Reason: RUNNING
2026-01-01 03:52:58,084 Sleeping for 6s. Reason: RUNNING
2026-01-01 03:53:04,727 Sleeping for 7s. Reason: RUNNING
2026-01-01 03:53:12,850 Sleeping for 8s. Reason: RUNNING
2026-01-01 03:53:21,534 Sleeping for 10s. Reason: RUNNING
2026-01-01 03:53:32,135 Sleeping for 7s. Reason: RUNNING
2026-01-01 03:53:50,814 Could not get MSA/templates for candidate_65: [Errno 2] No such file or directory: 'hhsearch'
Traceback (most recent call last):
  File "/Users/oskarherlitz/miniconda3/envs/petase-colabfold/lib/python3.11/site-packages/colabfold/batch.py", line 1453, in run
    = get_msa_and_templates(jobname, query_sequence, a3m_lines, result_dir, msa_mode, use_templates,
      ^^^^^^^^^^^^^^^^^^^^^^^^^^^^^^^^^^^^^^^^^^^^^^^^^^^^^^^^^^^^^^^^^^^^^^^^^^^^^^^^^^^^^^^^^^^^^^
  File "/Users/oskarherlitz/miniconda3/envs/petase-colabfold/lib/python3.11/site-packages/colabfold/batch.py", line 781, in get_msa_and_templates
    template_feature = mk_template(
                       ^^^^^^^^^^^^
  File "/Users/oskarherlitz/miniconda3/envs/petase-colabfold/lib/python3.11/site-packages/colabfold/batch.py", line 132, in mk_template
    hhsearch_result = hhsearch_pdb70_runner.query(a3m_lines)
                      ^^^^^^^^^^^^^^^^^^^^^^^^^^^^^^^^^^^^^^
  File "/Users/oskarherlitz/miniconda3/envs/petase-colabfold/lib/python3.11/site-packages/alphafold/data/tools/hhsearch.py", line 86, in query
    process = subprocess.Popen(
              ^^^^^^^^^^^^^^^^^
  File "/Users/oskarherlitz/miniconda3/envs/petase-colabfold/lib/python3.11/subprocess.py", line 1026, in __init__
    self._execute_child(args, executable, preexec_fn, close_fds,
  File "/Users/oskarherlitz/miniconda3/envs/petase-colabfold/lib/python3.11/subprocess.py", line 1955, in _execute_child
    raise child_exception_type(errno_num, err_msg, err_filename)
FileNotFoundError: [Errno 2] No such file or directory: 'hhsearch'
2026-01-01 03:53:50,817 Query 66/68: candidate_66 (length 263)
2026-01-01 03:53:51,428 Sleeping for 5s. Reason: PENDING
2026-01-01 03:53:57,089 Sleeping for 5s. Reason: RUNNING
2026-01-01 03:54:02,731 Sleeping for 9s. Reason: RUNNING
2026-01-01 03:54:12,432 Sleeping for 8s. Reason: RUNNING
2026-01-01 03:54:21,057 Sleeping for 7s. Reason: RUNNING
2026-01-01 03:54:28,706 Sleeping for 9s. Reason: RUNNING
2026-01-01 03:54:38,384 Sleeping for 10s. Reason: RUNNING
2026-01-01 03:54:49,022 Sleeping for 7s. Reason: RUNNING
2026-01-01 03:54:56,667 Sleeping for 9s. Reason: RUNNING
2026-01-01 03:55:06,362 Sleeping for 8s. Reason: RUNNING
2026-01-01 03:55:15,039 Sleeping for 6s. Reason: RUNNING
2026-01-01 03:55:21,701 Sleeping for 5s. Reason: RUNNING
2026-01-01 03:55:27,442 Sleeping for 9s. Reason: RUNNING
2026-01-01 03:55:37,088 Sleeping for 9s. Reason: RUNNING
2026-01-01 03:55:46,725 Sleeping for 6s. Reason: RUNNING
2026-01-01 03:55:57,415 Could not get MSA/templates for candidate_66: [Errno 2] No such file or directory: 'hhsearch'
Traceback (most recent call last):
  File "/Users/oskarherlitz/miniconda3/envs/petase-colabfold/lib/python3.11/site-packages/colabfold/batch.py", line 1453, in run
    = get_msa_and_templates(jobname, query_sequence, a3m_lines, result_dir, msa_mode, use_templates,
      ^^^^^^^^^^^^^^^^^^^^^^^^^^^^^^^^^^^^^^^^^^^^^^^^^^^^^^^^^^^^^^^^^^^^^^^^^^^^^^^^^^^^^^^^^^^^^^
  File "/Users/oskarherlitz/miniconda3/envs/petase-colabfold/lib/python3.11/site-packages/colabfold/batch.py", line 781, in get_msa_and_templates
    template_feature = mk_template(
                       ^^^^^^^^^^^^
  File "/Users/oskarherlitz/miniconda3/envs/petase-colabfold/lib/python3.11/site-packages/colabfold/batch.py", line 132, in mk_template
    hhsearch_result = hhsearch_pdb70_runner.query(a3m_lines)
                      ^^^^^^^^^^^^^^^^^^^^^^^^^^^^^^^^^^^^^^
  File "/Users/oskarherlitz/miniconda3/envs/petase-colabfold/lib/python3.11/site-packages/alphafold/data/tools/hhsearch.py", line 86, in query
    process = subprocess.Popen(
              ^^^^^^^^^^^^^^^^^
  File "/Users/oskarherlitz/miniconda3/envs/petase-colabfold/lib/python3.11/subprocess.py", line 1026, in __init__
    self._execute_child(args, executable, preexec_fn, close_fds,
  File "/Users/oskarherlitz/miniconda3/envs/petase-colabfold/lib/python3.11/subprocess.py", line 1955, in _execute_child
    raise child_exception_type(errno_num, err_msg, err_filename)
FileNotFoundError: [Errno 2] No such file or directory: 'hhsearch'
2026-01-01 03:55:57,417 Query 67/68: candidate_67 (length 263)
2026-01-01 03:55:58,088 Sleeping for 5s. Reason: PENDING
2026-01-01 03:56:03,704 Sleeping for 10s. Reason: RUNNING
2026-01-01 03:56:14,363 Sleeping for 10s. Reason: RUNNING
2026-01-01 03:56:25,060 Sleeping for 6s. Reason: RUNNING
2026-01-01 03:56:31,725 Sleeping for 7s. Reason: RUNNING
2026-01-01 03:56:39,398 Sleeping for 10s. Reason: RUNNING
2026-01-01 03:56:50,099 Sleeping for 10s. Reason: RUNNING
2026-01-01 03:57:00,773 Sleeping for 5s. Reason: RUNNING
2026-01-01 03:57:06,689 Sleeping for 8s. Reason: RUNNING
2026-01-01 03:57:16,351 Sleeping for 10s. Reason: RUNNING
2026-01-01 03:57:27,012 Sleeping for 6s. Reason: RUNNING
2026-01-01 03:57:33,714 Sleeping for 5s. Reason: RUNNING
2026-01-01 03:57:39,457 Sleeping for 5s. Reason: RUNNING
2026-01-01 03:57:45,119 Sleeping for 5s. Reason: RUNNING
2026-01-01 03:57:50,754 Sleeping for 7s. Reason: RUNNING
2026-01-01 03:57:58,394 Sleeping for 7s. Reason: RUNNING
2026-01-01 03:58:10,440 Could not get MSA/templates for candidate_67: [Errno 2] No such file or directory: 'hhsearch'
Traceback (most recent call last):
  File "/Users/oskarherlitz/miniconda3/envs/petase-colabfold/lib/python3.11/site-packages/colabfold/batch.py", line 1453, in run
    = get_msa_and_templates(jobname, query_sequence, a3m_lines, result_dir, msa_mode, use_templates,
      ^^^^^^^^^^^^^^^^^^^^^^^^^^^^^^^^^^^^^^^^^^^^^^^^^^^^^^^^^^^^^^^^^^^^^^^^^^^^^^^^^^^^^^^^^^^^^^
  File "/Users/oskarherlitz/miniconda3/envs/petase-colabfold/lib/python3.11/site-packages/colabfold/batch.py", line 781, in get_msa_and_templates
    template_feature = mk_template(
                       ^^^^^^^^^^^^
  File "/Users/oskarherlitz/miniconda3/envs/petase-colabfold/lib/python3.11/site-packages/colabfold/batch.py", line 132, in mk_template
    hhsearch_result = hhsearch_pdb70_runner.query(a3m_lines)
                      ^^^^^^^^^^^^^^^^^^^^^^^^^^^^^^^^^^^^^^
  File "/Users/oskarherlitz/miniconda3/envs/petase-colabfold/lib/python3.11/site-packages/alphafold/data/tools/hhsearch.py", line 86, in query
    process = subprocess.Popen(
              ^^^^^^^^^^^^^^^^^
  File "/Users/oskarherlitz/miniconda3/envs/petase-colabfold/lib/python3.11/subprocess.py", line 1026, in __init__
    self._execute_child(args, executable, preexec_fn, close_fds,
  File "/Users/oskarherlitz/miniconda3/envs/petase-colabfold/lib/python3.11/subprocess.py", line 1955, in _execute_child
    raise child_exception_type(errno_num, err_msg, err_filename)
FileNotFoundError: [Errno 2] No such file or directory: 'hhsearch'
2026-01-01 03:58:10,442 Query 68/68: candidate_68 (length 263)
2026-01-01 03:58:11,124 Sleeping for 7s. Reason: PENDING
2026-01-01 03:58:18,731 Sleeping for 5s. Reason: RUNNING
2026-01-01 03:58:24,350 Sleeping for 6s. Reason: RUNNING
2026-01-01 03:58:31,030 Sleeping for 10s. Reason: RUNNING
2026-01-01 03:58:41,698 Sleeping for 9s. Reason: RUNNING
2026-01-01 03:58:51,442 Sleeping for 9s. Reason: RUNNING
2026-01-01 03:59:01,062 Sleeping for 8s. Reason: RUNNING
2026-01-01 03:59:09,753 Sleeping for 10s. Reason: RUNNING
2026-01-01 03:59:20,414 Sleeping for 10s. Reason: RUNNING
2026-01-01 03:59:31,025 Sleeping for 7s. Reason: RUNNING
2026-01-01 03:59:38,662 Sleeping for 7s. Reason: RUNNING
2026-01-01 03:59:46,336 Sleeping for 8s. Reason: RUNNING
2026-01-01 03:59:54,994 Sleeping for 6s. Reason: RUNNING
2026-01-01 04:00:06,712 Could not get MSA/templates for candidate_68: [Errno 2] No such file or directory: 'hhsearch'
Traceback (most recent call last):
  File "/Users/oskarherlitz/miniconda3/envs/petase-colabfold/lib/python3.11/site-packages/colabfold/batch.py", line 1453, in run
    = get_msa_and_templates(jobname, query_sequence, a3m_lines, result_dir, msa_mode, use_templates,
      ^^^^^^^^^^^^^^^^^^^^^^^^^^^^^^^^^^^^^^^^^^^^^^^^^^^^^^^^^^^^^^^^^^^^^^^^^^^^^^^^^^^^^^^^^^^^^^
  File "/Users/oskarherlitz/miniconda3/envs/petase-colabfold/lib/python3.11/site-packages/colabfold/batch.py", line 781, in get_msa_and_templates
    template_feature = mk_template(
                       ^^^^^^^^^^^^
  File "/Users/oskarherlitz/miniconda3/envs/petase-colabfold/lib/python3.11/site-packages/colabfold/batch.py", line 132, in mk_template
    hhsearch_result = hhsearch_pdb70_runner.query(a3m_lines)
                      ^^^^^^^^^^^^^^^^^^^^^^^^^^^^^^^^^^^^^^
  File "/Users/oskarherlitz/miniconda3/envs/petase-colabfold/lib/python3.11/site-packages/alphafold/data/tools/hhsearch.py", line 86, in query
    process = subprocess.Popen(
              ^^^^^^^^^^^^^^^^^
  File "/Users/oskarherlitz/miniconda3/envs/petase-colabfold/lib/python3.11/subprocess.py", line 1026, in __init__
    self._execute_child(args, executable, preexec_fn, close_fds,
  File "/Users/oskarherlitz/miniconda3/envs/petase-colabfold/lib/python3.11/subprocess.py", line 1955, in _execute_child
    raise child_exception_type(errno_num, err_msg, err_filename)
FileNotFoundError: [Errno 2] No such file or directory: 'hhsearch'
2026-01-01 04:00:06,715 Done
